[2025-04-15T21:40:05.766+0000] {taskinstance.py:1956} INFO - Dependencies all met for dep_context=non-requeueable deps ti=<TaskInstance: mymind_mongo_to_mysql_etl.extract_mongo_data scheduled__2025-04-14T00:00:00+00:00 [queued]>
[2025-04-15T21:40:05.774+0000] {taskinstance.py:1956} INFO - Dependencies all met for dep_context=requeueable deps ti=<TaskInstance: mymind_mongo_to_mysql_etl.extract_mongo_data scheduled__2025-04-14T00:00:00+00:00 [queued]>
[2025-04-15T21:40:05.774+0000] {taskinstance.py:2170} INFO - Starting attempt 1 of 2
[2025-04-15T21:40:05.789+0000] {taskinstance.py:2191} INFO - Executing <Task(_PythonDecoratedOperator): extract_mongo_data> on 2025-04-14 00:00:00+00:00
[2025-04-15T21:40:05.793+0000] {standard_task_runner.py:60} INFO - Started process 1679 to run task
[2025-04-15T21:40:05.797+0000] {standard_task_runner.py:87} INFO - Running: ['***', 'tasks', 'run', 'mymind_mongo_to_mysql_etl', 'extract_mongo_data', 'scheduled__2025-04-14T00:00:00+00:00', '--job-id', '17', '--raw', '--subdir', 'DAGS_FOLDER/mymind_etl_dag.py', '--cfg-path', '/tmp/tmpszs497qj']
[2025-04-15T21:40:05.798+0000] {standard_task_runner.py:88} INFO - Job 17: Subtask extract_mongo_data
[2025-04-15T21:40:05.849+0000] {task_command.py:423} INFO - Running <TaskInstance: mymind_mongo_to_mysql_etl.extract_mongo_data scheduled__2025-04-14T00:00:00+00:00 [running]> on host 64c6827685b2
[2025-04-15T21:40:05.942+0000] {taskinstance.py:2480} INFO - Exporting env vars: AIRFLOW_CTX_DAG_OWNER='***' AIRFLOW_CTX_DAG_ID='mymind_mongo_to_mysql_etl' AIRFLOW_CTX_TASK_ID='extract_mongo_data' AIRFLOW_CTX_EXECUTION_DATE='2025-04-14T00:00:00+00:00' AIRFLOW_CTX_TRY_NUMBER='1' AIRFLOW_CTX_DAG_RUN_ID='scheduled__2025-04-14T00:00:00+00:00'
[2025-04-15T21:40:05.943+0000] {mymind_etl_dag.py:59} INFO - Iniciando extracción desde MongoDB (usando MongoClient directo)...
[2025-04-15T21:40:05.943+0000] {mymind_etl_dag.py:63} INFO - Obteniendo detalles de conexión para mongo_mymind...
[2025-04-15T21:40:05.956+0000] {base.py:83} INFO - Using connection ID 'mongo_mymind' for task execution.
[2025-04-15T21:40:05.957+0000] {mymind_etl_dag.py:94} INFO - URI de MongoDB construida correctamente.
[2025-04-15T21:40:05.957+0000] {mymind_etl_dag.py:99} INFO - Timeouts - Connect: 10000ms, ServerSelect: 30000ms
[2025-04-15T21:40:05.958+0000] {mymind_etl_dag.py:102} INFO - Creando instancia de MongoClient...
[2025-04-15T21:40:05.967+0000] {warnings.py:109} WARNING - /home/***/.local/lib/python3.8/site-packages/pymongo/uri_parser.py:329: UserWarning: Unknown option: allow_insecure. Did you mean one of (tlsinsecure, tlsallowinvalidhostnames, tlsallowinvalidcertificates) or maybe a camelCase version of one? Refer to docstring.
  return get_validated_options(opts, warn)

[2025-04-15T21:40:06.389+0000] {mymind_etl_dag.py:113} INFO - Probando conexión con MongoDB (ping)...
[2025-04-15T21:40:07.557+0000] {mymind_etl_dag.py:115} INFO - Conexión a MongoDB exitosa.
[2025-04-15T21:40:07.558+0000] {mymind_etl_dag.py:120} INFO - Accediendo a DB: 'myMindDB-Users', Colección: 'users'
[2025-04-15T21:40:07.558+0000] {mymind_etl_dag.py:123} INFO - Realizando find en la colección...
[2025-04-15T21:40:07.647+0000] {mymind_etl_dag.py:141} INFO - Se extrajeron 1 documentos de MongoDB. Iniciando conversión de tipos BSON...
[2025-04-15T21:40:07.648+0000] {mymind_etl_dag.py:152} INFO - Conversión de tipos completada. 1 documentos listos para XCom.
[2025-04-15T21:40:07.649+0000] {mymind_etl_dag.py:163} INFO - Cerrando conexión MongoClient.
[2025-04-15T21:40:07.737+0000] {python.py:201} INFO - Done. Returned value was: [{'_id': 'auth0|67ec68c74000acd49b9bfec7', 'name': 'Test User', 'email': 'testuser@example.com', 'profilePic': 'https://example.com/avatar.png', 'birthdate': '2000-01-01', 'city': 'Bogotá', 'personality': 'Introvertido', 'university': 'Pontificia Universidad Javeriana', 'degree': 'Ingeniería de Sistemas', 'gender': 'Masculino', 'notifications': True, 'data_treatment': {'accept_policies': True, 'acceptance_date': '2025-04-13T01:23:00', 'acceptance_ip': '192.168.0.1', 'privacy_preferences': {'allow_anonimized_usage': True}}, 'transcriptions': [{'_id': '67fc05e7d3c7772ff75c31fb', 'date': '2025-04-13', 'time': '14:30', 'text': 'Hoy me sentí muy motivado después de estudiar para el examen.', 'emotion': 'happy', 'emotionProbabilities': {'happy': 0.85, 'neutral': 0.1, 'sad': 0.05}, 'sentiment': 'positive', 'sentimentProbabilities': {'positive': 0.9, 'neutral': 0.05, 'negative': 0.05}, 'topic': ''}, {'_id': '67fc19b7d3c7772ff75c31fc', 'date': '2025-04-13', 'time': '15:30', 'text': 'Hoy me sentí muy triste.', 'emotion': 'sadness', 'emotionProbabilities': {'happy': 0.05, 'neutral': 0.1, 'sad': 0.85}, 'sentiment': 'negative', 'sentimentProbabilities': {'positive': 0.05, 'neutral': 0.05, 'negative': 0.9}, 'topic': ''}]}]
[2025-04-15T21:40:07.778+0000] {taskinstance.py:1138} INFO - Marking task as SUCCESS. dag_id=mymind_mongo_to_mysql_etl, task_id=extract_mongo_data, execution_date=20250414T000000, start_date=20250415T214005, end_date=20250415T214007
[2025-04-15T21:40:07.814+0000] {local_task_job_runner.py:234} INFO - Task exited with return code 0
[2025-04-15T21:40:07.862+0000] {taskinstance.py:3280} INFO - 1 downstream tasks scheduled from follow-on schedule check
