[2025-05-08T17:09:37.220+0000] {taskinstance.py:1956} INFO - Dependencies all met for dep_context=non-requeueable deps ti=<TaskInstance: limpiar_logs_semanalmente.limpiar_logs_airflow manual__2025-05-08T17:09:34.350565+00:00 [queued]>
[2025-05-08T17:09:37.228+0000] {taskinstance.py:1956} INFO - Dependencies all met for dep_context=requeueable deps ti=<TaskInstance: limpiar_logs_semanalmente.limpiar_logs_airflow manual__2025-05-08T17:09:34.350565+00:00 [queued]>
[2025-05-08T17:09:37.228+0000] {taskinstance.py:2170} INFO - Starting attempt 1 of 2
[2025-05-08T17:09:37.243+0000] {taskinstance.py:2191} INFO - Executing <Task(BashOperator): limpiar_logs_airflow> on 2025-05-08 17:09:34.350565+00:00
[2025-05-08T17:09:37.248+0000] {standard_task_runner.py:60} INFO - Started process 248 to run task
[2025-05-08T17:09:37.251+0000] {standard_task_runner.py:87} INFO - Running: ['***', 'tasks', 'run', 'limpiar_logs_semanalmente', 'limpiar_logs_***', 'manual__2025-05-08T17:09:34.350565+00:00', '--job-id', '44118', '--raw', '--subdir', 'DAGS_FOLDER/limpiar_logs_semanalmente_dag.py', '--cfg-path', '/tmp/tmpbb1tfve2']
[2025-05-08T17:09:37.253+0000] {standard_task_runner.py:88} INFO - Job 44118: Subtask limpiar_logs_***
[2025-05-08T17:09:37.299+0000] {task_command.py:423} INFO - Running <TaskInstance: limpiar_logs_semanalmente.limpiar_logs_airflow manual__2025-05-08T17:09:34.350565+00:00 [running]> on host 023c45bb2faa
[2025-05-08T17:09:37.374+0000] {taskinstance.py:2480} INFO - Exporting env vars: AIRFLOW_CTX_DAG_OWNER='***' AIRFLOW_CTX_DAG_ID='limpiar_logs_semanalmente' AIRFLOW_CTX_TASK_ID='limpiar_logs_***' AIRFLOW_CTX_EXECUTION_DATE='2025-05-08T17:09:34.350565+00:00' AIRFLOW_CTX_TRY_NUMBER='1' AIRFLOW_CTX_DAG_RUN_ID='manual__2025-05-08T17:09:34.350565+00:00'
[2025-05-08T17:09:37.375+0000] {subprocess.py:63} INFO - Tmp dir root location: /tmp
[2025-05-08T17:09:37.376+0000] {subprocess.py:75} INFO - Running command: ['/usr/bin/bash', '-c', '*** db clean --clean-before-timestamp "$(date -d "7 days ago" +%Y-%m-%d)" --yes']
[2025-05-08T17:09:37.387+0000] {subprocess.py:86} INFO - Output:
[2025-05-08T17:09:39.614+0000] {subprocess.py:93} INFO - /home/***/.local/lib/python3.8/site-packages/***/utils/db.py:1022 SAWarning: Skipped unsupported reflection of expression-based index idx_ab_user_username
[2025-05-08T17:09:39.629+0000] {subprocess.py:93} INFO - /home/***/.local/lib/python3.8/site-packages/***/utils/db.py:1022 SAWarning: Skipped unsupported reflection of expression-based index idx_ab_register_user_username
[2025-05-08T17:09:40.293+0000] {subprocess.py:93} INFO - /home/***/.local/lib/python3.8/site-packages/***/utils/db_cleanup.py:179 SAWarning: Class CreateTableAs will not make use of SQL compilation caching as it does not set the 'inherit_cache' attribute to ``True``.  This can have significant performance implications including some performance degradations in comparison to prior SQLAlchemy versions.  Set this attribute to True if this object can make use of the cache key generated by the superclass.  Alternatively, this attribute may be set to False which will disable this warning. (Background on this error at: https://sqlalche.me/e/14/cprf)
[2025-05-08T17:09:44.188+0000] {subprocess.py:93} INFO - 
[2025-05-08T17:09:44.188+0000] {subprocess.py:93} INFO - Checking table callback_request
[2025-05-08T17:09:44.188+0000] {subprocess.py:93} INFO - Found 0 rows meeting deletion criteria.
[2025-05-08T17:09:44.188+0000] {subprocess.py:93} INFO - 
[2025-05-08T17:09:44.189+0000] {subprocess.py:93} INFO - Checking table celery_taskmeta
[2025-05-08T17:09:44.189+0000] {subprocess.py:93} INFO - Found 20534 rows meeting deletion criteria.
[2025-05-08T17:09:44.189+0000] {subprocess.py:93} INFO - Performing Delete...
[2025-05-08T17:09:44.189+0000] {subprocess.py:93} INFO - Moving data to table _***_deleted__celery_taskmeta__20250508170940
[2025-05-08T17:09:44.190+0000] {subprocess.py:93} INFO - Finished Performing Delete
[2025-05-08T17:09:44.190+0000] {subprocess.py:93} INFO - 
[2025-05-08T17:09:44.190+0000] {subprocess.py:93} INFO - Checking table celery_tasksetmeta
[2025-05-08T17:09:44.190+0000] {subprocess.py:93} INFO - Found 0 rows meeting deletion criteria.
[2025-05-08T17:09:44.190+0000] {subprocess.py:93} INFO - 
[2025-05-08T17:09:44.190+0000] {subprocess.py:93} INFO - Checking table dag
[2025-05-08T17:09:44.191+0000] {subprocess.py:93} INFO - Found 55 rows meeting deletion criteria.
[2025-05-08T17:09:44.191+0000] {subprocess.py:93} INFO - Performing Delete...
[2025-05-08T17:09:44.191+0000] {subprocess.py:93} INFO - Moving data to table _***_deleted__dag__20250508170940
[2025-05-08T17:09:44.191+0000] {subprocess.py:93} INFO - Finished Performing Delete
[2025-05-08T17:09:44.191+0000] {subprocess.py:93} INFO - 
[2025-05-08T17:09:44.191+0000] {subprocess.py:93} INFO - Checking table dag_run
[2025-05-08T17:09:44.192+0000] {subprocess.py:93} INFO - Found 6842 rows meeting deletion criteria.
[2025-05-08T17:09:44.192+0000] {subprocess.py:93} INFO - Performing Delete...
[2025-05-08T17:09:44.192+0000] {subprocess.py:93} INFO - Moving data to table _***_deleted__dag_run__20250508170940
[2025-05-08T17:09:44.192+0000] {subprocess.py:93} INFO - Finished Performing Delete
[2025-05-08T17:09:44.192+0000] {subprocess.py:93} INFO - 
[2025-05-08T17:09:44.193+0000] {subprocess.py:93} INFO - Checking table dataset_event
[2025-05-08T17:09:44.193+0000] {subprocess.py:93} INFO - Found 0 rows meeting deletion criteria.
[2025-05-08T17:09:44.193+0000] {subprocess.py:93} INFO - 
[2025-05-08T17:09:44.193+0000] {subprocess.py:93} INFO - Checking table import_error
[2025-05-08T17:09:44.193+0000] {subprocess.py:93} INFO - Found 0 rows meeting deletion criteria.
[2025-05-08T17:09:44.193+0000] {subprocess.py:93} INFO - 
[2025-05-08T17:09:44.194+0000] {subprocess.py:93} INFO - Checking table job
[2025-05-08T17:09:44.194+0000] {subprocess.py:93} INFO - Found 20560 rows meeting deletion criteria.
[2025-05-08T17:09:44.194+0000] {subprocess.py:93} INFO - Performing Delete...
[2025-05-08T17:09:44.194+0000] {subprocess.py:93} INFO - Moving data to table _***_deleted__job__20250508170943
[2025-05-08T17:09:44.194+0000] {subprocess.py:93} INFO - Finished Performing Delete
[2025-05-08T17:09:44.194+0000] {subprocess.py:93} INFO - 
[2025-05-08T17:09:44.195+0000] {subprocess.py:93} INFO - Checking table log
[2025-05-08T17:09:44.195+0000] {subprocess.py:93} INFO - Found 82371 rows meeting deletion criteria.
[2025-05-08T17:09:44.195+0000] {subprocess.py:93} INFO - Performing Delete...
[2025-05-08T17:09:44.195+0000] {subprocess.py:93} INFO - Moving data to table _***_deleted__log__20250508170943
[2025-05-08T17:09:44.195+0000] {subprocess.py:93} INFO - Finished Performing Delete
[2025-05-08T17:09:44.195+0000] {subprocess.py:93} INFO - 
[2025-05-08T17:09:44.196+0000] {subprocess.py:93} INFO - Checking table session
[2025-05-08T17:09:44.196+0000] {subprocess.py:93} INFO - Found 0 rows meeting deletion criteria.
[2025-05-08T17:09:44.196+0000] {subprocess.py:93} INFO - 
[2025-05-08T17:09:44.196+0000] {subprocess.py:93} INFO - Checking table sla_miss
[2025-05-08T17:09:44.196+0000] {subprocess.py:93} INFO - Found 0 rows meeting deletion criteria.
[2025-05-08T17:09:44.196+0000] {subprocess.py:93} INFO - 
[2025-05-08T17:09:44.197+0000] {subprocess.py:93} INFO - Checking table task_fail
[2025-05-08T17:09:44.197+0000] {subprocess.py:93} INFO - Found 0 rows meeting deletion criteria.
[2025-05-08T17:09:44.197+0000] {subprocess.py:93} INFO - 
[2025-05-08T17:09:44.197+0000] {subprocess.py:93} INFO - Checking table task_instance
[2025-05-08T17:09:44.197+0000] {subprocess.py:93} INFO - Found 0 rows meeting deletion criteria.
[2025-05-08T17:09:44.197+0000] {subprocess.py:93} INFO - 
[2025-05-08T17:09:44.198+0000] {subprocess.py:93} INFO - Checking table task_reschedule
[2025-05-08T17:09:44.198+0000] {subprocess.py:93} INFO - Found 0 rows meeting deletion criteria.
[2025-05-08T17:09:44.198+0000] {subprocess.py:93} INFO - 
[2025-05-08T17:09:44.198+0000] {subprocess.py:93} INFO - Checking table trigger
[2025-05-08T17:09:44.198+0000] {subprocess.py:93} INFO - Found 0 rows meeting deletion criteria.
[2025-05-08T17:09:44.198+0000] {subprocess.py:93} INFO - 
[2025-05-08T17:09:44.199+0000] {subprocess.py:93} INFO - Checking table xcom
[2025-05-08T17:09:44.199+0000] {subprocess.py:93} INFO - Found 0 rows meeting deletion criteria.
[2025-05-08T17:09:44.446+0000] {subprocess.py:97} INFO - Command exited with return code 0
[2025-05-08T17:09:44.474+0000] {taskinstance.py:1138} INFO - Marking task as SUCCESS. dag_id=limpiar_logs_semanalmente, task_id=limpiar_logs_***, execution_date=20250508T170934, start_date=20250508T170937, end_date=20250508T170944
[2025-05-08T17:09:44.524+0000] {local_task_job_runner.py:234} INFO - Task exited with return code 0
[2025-05-08T17:09:44.537+0000] {taskinstance.py:3280} INFO - 0 downstream tasks scheduled from follow-on schedule check
