[2025-05-10T15:09:16.106+0000] {processor.py:161} INFO - Started process (PID=15869) to work on /opt/airflow/dags/mongo_to_mysql_dag.py
[2025-05-10T15:09:16.107+0000] {processor.py:830} INFO - Processing file /opt/airflow/dags/mongo_to_mysql_dag.py for tasks to queue
[2025-05-10T15:09:16.110+0000] {logging_mixin.py:188} INFO - [2025-05-10T15:09:16.109+0000] {dagbag.py:538} INFO - Filling up the DagBag from /opt/airflow/dags/mongo_to_mysql_dag.py
[2025-05-10T15:09:16.592+0000] {processor.py:840} INFO - DAG(s) 'sync_mongo_to_mysql' retrieved from /opt/airflow/dags/mongo_to_mysql_dag.py
[2025-05-10T15:09:16.697+0000] {logging_mixin.py:188} INFO - [2025-05-10T15:09:16.697+0000] {override.py:1769} INFO - Created Permission View: can delete on DAG:sync_mongo_to_mysql
[2025-05-10T15:09:16.706+0000] {logging_mixin.py:188} INFO - [2025-05-10T15:09:16.706+0000] {override.py:1769} INFO - Created Permission View: can edit on DAG:sync_mongo_to_mysql
[2025-05-10T15:09:16.711+0000] {logging_mixin.py:188} INFO - [2025-05-10T15:09:16.711+0000] {override.py:1769} INFO - Created Permission View: can read on DAG:sync_mongo_to_mysql
[2025-05-10T15:09:16.712+0000] {logging_mixin.py:188} INFO - [2025-05-10T15:09:16.712+0000] {dag.py:3036} INFO - Sync 1 DAGs
[2025-05-10T15:09:16.722+0000] {logging_mixin.py:188} INFO - [2025-05-10T15:09:16.721+0000] {dag.py:3058} INFO - Creating ORM DAG for sync_mongo_to_mysql
[2025-05-10T15:09:16.732+0000] {logging_mixin.py:188} INFO - [2025-05-10T15:09:16.731+0000] {dag.py:3823} INFO - Setting next_dagrun for sync_mongo_to_mysql to 2025-05-09 00:00:00+00:00, run_after=2025-05-10 00:00:00+00:00
[2025-05-10T15:09:16.748+0000] {processor.py:183} INFO - Processing /opt/airflow/dags/mongo_to_mysql_dag.py took 0.647 seconds
[2025-05-10T15:09:47.280+0000] {processor.py:161} INFO - Started process (PID=15877) to work on /opt/airflow/dags/mongo_to_mysql_dag.py
[2025-05-10T15:09:47.281+0000] {processor.py:830} INFO - Processing file /opt/airflow/dags/mongo_to_mysql_dag.py for tasks to queue
[2025-05-10T15:09:47.283+0000] {logging_mixin.py:188} INFO - [2025-05-10T15:09:47.282+0000] {dagbag.py:538} INFO - Filling up the DagBag from /opt/airflow/dags/mongo_to_mysql_dag.py
[2025-05-10T15:09:47.510+0000] {processor.py:840} INFO - DAG(s) 'sync_mongo_to_mysql' retrieved from /opt/airflow/dags/mongo_to_mysql_dag.py
[2025-05-10T15:09:47.531+0000] {logging_mixin.py:188} INFO - [2025-05-10T15:09:47.531+0000] {dag.py:3036} INFO - Sync 1 DAGs
[2025-05-10T15:09:47.553+0000] {logging_mixin.py:188} INFO - [2025-05-10T15:09:47.553+0000] {dag.py:3823} INFO - Setting next_dagrun for sync_mongo_to_mysql to 2025-05-09 00:00:00+00:00, run_after=2025-05-10 00:00:00+00:00
[2025-05-10T15:09:47.574+0000] {processor.py:183} INFO - Processing /opt/airflow/dags/mongo_to_mysql_dag.py took 0.300 seconds
[2025-05-10T15:10:17.735+0000] {processor.py:161} INFO - Started process (PID=15885) to work on /opt/airflow/dags/mongo_to_mysql_dag.py
[2025-05-10T15:10:17.736+0000] {processor.py:830} INFO - Processing file /opt/airflow/dags/mongo_to_mysql_dag.py for tasks to queue
[2025-05-10T15:10:17.738+0000] {logging_mixin.py:188} INFO - [2025-05-10T15:10:17.738+0000] {dagbag.py:538} INFO - Filling up the DagBag from /opt/airflow/dags/mongo_to_mysql_dag.py
[2025-05-10T15:10:17.965+0000] {processor.py:840} INFO - DAG(s) 'sync_mongo_to_mysql' retrieved from /opt/airflow/dags/mongo_to_mysql_dag.py
[2025-05-10T15:10:17.988+0000] {logging_mixin.py:188} INFO - [2025-05-10T15:10:17.988+0000] {dag.py:3036} INFO - Sync 1 DAGs
[2025-05-10T15:10:18.011+0000] {logging_mixin.py:188} INFO - [2025-05-10T15:10:18.011+0000] {dag.py:3823} INFO - Setting next_dagrun for sync_mongo_to_mysql to 2025-05-09 00:00:00+00:00, run_after=2025-05-10 00:00:00+00:00
[2025-05-10T15:10:18.032+0000] {processor.py:183} INFO - Processing /opt/airflow/dags/mongo_to_mysql_dag.py took 0.302 seconds
[2025-05-10T15:10:48.193+0000] {processor.py:161} INFO - Started process (PID=15893) to work on /opt/airflow/dags/mongo_to_mysql_dag.py
[2025-05-10T15:10:48.194+0000] {processor.py:830} INFO - Processing file /opt/airflow/dags/mongo_to_mysql_dag.py for tasks to queue
[2025-05-10T15:10:48.196+0000] {logging_mixin.py:188} INFO - [2025-05-10T15:10:48.195+0000] {dagbag.py:538} INFO - Filling up the DagBag from /opt/airflow/dags/mongo_to_mysql_dag.py
[2025-05-10T15:10:48.448+0000] {processor.py:840} INFO - DAG(s) 'sync_mongo_to_mysql' retrieved from /opt/airflow/dags/mongo_to_mysql_dag.py
[2025-05-10T15:10:48.468+0000] {logging_mixin.py:188} INFO - [2025-05-10T15:10:48.468+0000] {dag.py:3036} INFO - Sync 1 DAGs
[2025-05-10T15:10:48.489+0000] {logging_mixin.py:188} INFO - [2025-05-10T15:10:48.488+0000] {dag.py:3823} INFO - Setting next_dagrun for sync_mongo_to_mysql to 2025-05-09 00:00:00+00:00, run_after=2025-05-10 00:00:00+00:00
[2025-05-10T15:10:48.506+0000] {processor.py:183} INFO - Processing /opt/airflow/dags/mongo_to_mysql_dag.py took 0.317 seconds
[2025-05-10T15:11:18.675+0000] {processor.py:161} INFO - Started process (PID=15905) to work on /opt/airflow/dags/mongo_to_mysql_dag.py
[2025-05-10T15:11:18.676+0000] {processor.py:830} INFO - Processing file /opt/airflow/dags/mongo_to_mysql_dag.py for tasks to queue
[2025-05-10T15:11:18.677+0000] {logging_mixin.py:188} INFO - [2025-05-10T15:11:18.677+0000] {dagbag.py:538} INFO - Filling up the DagBag from /opt/airflow/dags/mongo_to_mysql_dag.py
[2025-05-10T15:11:18.908+0000] {processor.py:840} INFO - DAG(s) 'sync_mongo_to_mysql' retrieved from /opt/airflow/dags/mongo_to_mysql_dag.py
[2025-05-10T15:11:18.930+0000] {logging_mixin.py:188} INFO - [2025-05-10T15:11:18.930+0000] {dag.py:3036} INFO - Sync 1 DAGs
[2025-05-10T15:11:18.953+0000] {logging_mixin.py:188} INFO - [2025-05-10T15:11:18.952+0000] {dag.py:3823} INFO - Setting next_dagrun for sync_mongo_to_mysql to 2025-05-10 00:00:00+00:00, run_after=2025-05-11 00:00:00+00:00
[2025-05-10T15:11:18.973+0000] {processor.py:183} INFO - Processing /opt/airflow/dags/mongo_to_mysql_dag.py took 0.303 seconds
[2025-05-10T15:11:49.082+0000] {processor.py:161} INFO - Started process (PID=15913) to work on /opt/airflow/dags/mongo_to_mysql_dag.py
[2025-05-10T15:11:49.083+0000] {processor.py:830} INFO - Processing file /opt/airflow/dags/mongo_to_mysql_dag.py for tasks to queue
[2025-05-10T15:11:49.085+0000] {logging_mixin.py:188} INFO - [2025-05-10T15:11:49.085+0000] {dagbag.py:538} INFO - Filling up the DagBag from /opt/airflow/dags/mongo_to_mysql_dag.py
[2025-05-10T15:11:49.316+0000] {processor.py:840} INFO - DAG(s) 'sync_mongo_to_mysql' retrieved from /opt/airflow/dags/mongo_to_mysql_dag.py
[2025-05-10T15:11:49.339+0000] {logging_mixin.py:188} INFO - [2025-05-10T15:11:49.338+0000] {dag.py:3036} INFO - Sync 1 DAGs
[2025-05-10T15:11:49.360+0000] {logging_mixin.py:188} INFO - [2025-05-10T15:11:49.360+0000] {dag.py:3823} INFO - Setting next_dagrun for sync_mongo_to_mysql to 2025-05-10 00:00:00+00:00, run_after=2025-05-11 00:00:00+00:00
[2025-05-10T15:11:49.380+0000] {processor.py:183} INFO - Processing /opt/airflow/dags/mongo_to_mysql_dag.py took 0.302 seconds
[2025-05-10T15:12:19.497+0000] {processor.py:161} INFO - Started process (PID=15921) to work on /opt/airflow/dags/mongo_to_mysql_dag.py
[2025-05-10T15:12:19.498+0000] {processor.py:830} INFO - Processing file /opt/airflow/dags/mongo_to_mysql_dag.py for tasks to queue
[2025-05-10T15:12:19.500+0000] {logging_mixin.py:188} INFO - [2025-05-10T15:12:19.500+0000] {dagbag.py:538} INFO - Filling up the DagBag from /opt/airflow/dags/mongo_to_mysql_dag.py
[2025-05-10T15:12:19.741+0000] {processor.py:840} INFO - DAG(s) 'sync_mongo_to_mysql' retrieved from /opt/airflow/dags/mongo_to_mysql_dag.py
[2025-05-10T15:12:19.765+0000] {logging_mixin.py:188} INFO - [2025-05-10T15:12:19.764+0000] {dag.py:3036} INFO - Sync 1 DAGs
[2025-05-10T15:12:19.787+0000] {logging_mixin.py:188} INFO - [2025-05-10T15:12:19.786+0000] {dag.py:3823} INFO - Setting next_dagrun for sync_mongo_to_mysql to 2025-05-10 00:00:00+00:00, run_after=2025-05-11 00:00:00+00:00
[2025-05-10T15:12:19.808+0000] {processor.py:183} INFO - Processing /opt/airflow/dags/mongo_to_mysql_dag.py took 0.317 seconds
