[2025-05-06T17:02:04.770+0000] {taskinstance.py:1956} INFO - Dependencies all met for dep_context=non-requeueable deps ti=<TaskInstance: mymind_mongo_to_mysql_etl.sync_and_load_mysql scheduled__2025-05-06T17:01:00+00:00 [queued]>
[2025-05-06T17:02:04.778+0000] {taskinstance.py:1956} INFO - Dependencies all met for dep_context=requeueable deps ti=<TaskInstance: mymind_mongo_to_mysql_etl.sync_and_load_mysql scheduled__2025-05-06T17:01:00+00:00 [queued]>
[2025-05-06T17:02:04.778+0000] {taskinstance.py:2170} INFO - Starting attempt 1 of 2
[2025-05-06T17:02:04.793+0000] {taskinstance.py:2191} INFO - Executing <Task(_PythonDecoratedOperator): sync_and_load_mysql> on 2025-05-06 17:01:00+00:00
[2025-05-06T17:02:04.798+0000] {standard_task_runner.py:60} INFO - Started process 36683 to run task
[2025-05-06T17:02:04.802+0000] {standard_task_runner.py:87} INFO - Running: ['***', 'tasks', 'run', 'mymind_mongo_to_mysql_etl', 'sync_and_load_mysql', 'scheduled__2025-05-06T17:01:00+00:00', '--job-id', '35465', '--raw', '--subdir', 'DAGS_FOLDER/mymind_etl_dag.py', '--cfg-path', '/tmp/tmp247_ef0w']
[2025-05-06T17:02:04.803+0000] {standard_task_runner.py:88} INFO - Job 35465: Subtask sync_and_load_mysql
[2025-05-06T17:02:04.854+0000] {task_command.py:423} INFO - Running <TaskInstance: mymind_mongo_to_mysql_etl.sync_and_load_mysql scheduled__2025-05-06T17:01:00+00:00 [running]> on host 52beca4b988b
[2025-05-06T17:02:04.968+0000] {taskinstance.py:2480} INFO - Exporting env vars: AIRFLOW_CTX_DAG_OWNER='***' AIRFLOW_CTX_DAG_ID='mymind_mongo_to_mysql_etl' AIRFLOW_CTX_TASK_ID='sync_and_load_mysql' AIRFLOW_CTX_EXECUTION_DATE='2025-05-06T17:01:00+00:00' AIRFLOW_CTX_TRY_NUMBER='1' AIRFLOW_CTX_DAG_RUN_ID='scheduled__2025-05-06T17:01:00+00:00'
[2025-05-06T17:02:04.970+0000] {mymind_etl_dag.py:301} INFO - Iniciando sincronización y carga a MySQL: 6 usuarios, 9 transcripciones.
[2025-05-06T17:02:04.980+0000] {base.py:83} INFO - Using connection ID 'mysql_mymind_dw' for task execution.
[2025-05-06T17:02:04.991+0000] {mymind_etl_dag.py:310} INFO - Obteniendo IDs actuales desde MySQL...
[2025-05-06T17:02:04.992+0000] {mymind_etl_dag.py:321} INFO - Usuarios a eliminar: 0
[2025-05-06T17:02:04.992+0000] {mymind_etl_dag.py:322} INFO - Transcripciones a eliminar: 0
[2025-05-06T17:02:04.993+0000] {mymind_etl_dag.py:355} INFO - Cargando 6 usuarios en la tabla users...
[2025-05-06T17:02:04.995+0000] {mymind_etl_dag.py:380} INFO - Usuarios cargados exitosamente.
[2025-05-06T17:02:04.995+0000] {mymind_etl_dag.py:393} INFO - Cargando 9 transcripciones en la tabla transcriptions...
[2025-05-06T17:02:04.997+0000] {mymind_etl_dag.py:423} INFO - Transcripciones cargadas exitosamente.
[2025-05-06T17:02:04.997+0000] {mymind_etl_dag.py:430} INFO - Sincronización y carga a MySQL completada con éxito.
[2025-05-06T17:02:04.998+0000] {python.py:201} INFO - Done. Returned value was: None
[2025-05-06T17:02:05.009+0000] {taskinstance.py:1138} INFO - Marking task as SUCCESS. dag_id=mymind_mongo_to_mysql_etl, task_id=sync_and_load_mysql, execution_date=20250506T170100, start_date=20250506T170204, end_date=20250506T170205
[2025-05-06T17:02:05.054+0000] {local_task_job_runner.py:234} INFO - Task exited with return code 0
[2025-05-06T17:02:05.086+0000] {taskinstance.py:3280} INFO - 0 downstream tasks scheduled from follow-on schedule check
