[2025-05-08T17:05:29.552+0000] {processor.py:161} INFO - Started process (PID=90) to work on /opt/airflow/dags/limpiar_logs_semanalmente_dag.py
[2025-05-08T17:05:29.553+0000] {processor.py:830} INFO - Processing file /opt/airflow/dags/limpiar_logs_semanalmente_dag.py for tasks to queue
[2025-05-08T17:05:29.556+0000] {logging_mixin.py:188} INFO - [2025-05-08T17:05:29.555+0000] {dagbag.py:538} INFO - Filling up the DagBag from /opt/airflow/dags/limpiar_logs_semanalmente_dag.py
[2025-05-08T17:05:29.594+0000] {processor.py:840} INFO - DAG(s) 'limpiar_logs_semanalmente' retrieved from /opt/airflow/dags/limpiar_logs_semanalmente_dag.py
[2025-05-08T17:05:30.228+0000] {logging_mixin.py:188} INFO - [2025-05-08T17:05:30.228+0000] {dag.py:3036} INFO - Sync 1 DAGs
[2025-05-08T17:05:30.260+0000] {logging_mixin.py:188} INFO - [2025-05-08T17:05:30.260+0000] {dag.py:3823} INFO - Setting next_dagrun for limpiar_logs_semanalmente to 2025-05-11 00:00:00+00:00, run_after=2025-05-18 00:00:00+00:00
[2025-05-08T17:05:30.321+0000] {processor.py:183} INFO - Processing /opt/airflow/dags/limpiar_logs_semanalmente_dag.py took 0.784 seconds
[2025-05-08T17:06:00.473+0000] {processor.py:161} INFO - Started process (PID=98) to work on /opt/airflow/dags/limpiar_logs_semanalmente_dag.py
[2025-05-08T17:06:00.474+0000] {processor.py:830} INFO - Processing file /opt/airflow/dags/limpiar_logs_semanalmente_dag.py for tasks to queue
[2025-05-08T17:06:00.476+0000] {logging_mixin.py:188} INFO - [2025-05-08T17:06:00.476+0000] {dagbag.py:538} INFO - Filling up the DagBag from /opt/airflow/dags/limpiar_logs_semanalmente_dag.py
[2025-05-08T17:06:00.488+0000] {processor.py:840} INFO - DAG(s) 'limpiar_logs_semanalmente' retrieved from /opt/airflow/dags/limpiar_logs_semanalmente_dag.py
[2025-05-08T17:06:00.513+0000] {logging_mixin.py:188} INFO - [2025-05-08T17:06:00.513+0000] {dag.py:3036} INFO - Sync 1 DAGs
[2025-05-08T17:06:00.536+0000] {logging_mixin.py:188} INFO - [2025-05-08T17:06:00.536+0000] {dag.py:3823} INFO - Setting next_dagrun for limpiar_logs_semanalmente to 2025-05-11 00:00:00+00:00, run_after=2025-05-18 00:00:00+00:00
[2025-05-08T17:06:00.556+0000] {processor.py:183} INFO - Processing /opt/airflow/dags/limpiar_logs_semanalmente_dag.py took 0.087 seconds
[2025-05-08T17:06:30.718+0000] {processor.py:161} INFO - Started process (PID=106) to work on /opt/airflow/dags/limpiar_logs_semanalmente_dag.py
[2025-05-08T17:06:30.719+0000] {processor.py:830} INFO - Processing file /opt/airflow/dags/limpiar_logs_semanalmente_dag.py for tasks to queue
[2025-05-08T17:06:30.721+0000] {logging_mixin.py:188} INFO - [2025-05-08T17:06:30.721+0000] {dagbag.py:538} INFO - Filling up the DagBag from /opt/airflow/dags/limpiar_logs_semanalmente_dag.py
[2025-05-08T17:06:30.731+0000] {processor.py:840} INFO - DAG(s) 'limpiar_logs_semanalmente' retrieved from /opt/airflow/dags/limpiar_logs_semanalmente_dag.py
[2025-05-08T17:06:30.757+0000] {logging_mixin.py:188} INFO - [2025-05-08T17:06:30.757+0000] {dag.py:3036} INFO - Sync 1 DAGs
[2025-05-08T17:06:30.781+0000] {logging_mixin.py:188} INFO - [2025-05-08T17:06:30.780+0000] {dag.py:3823} INFO - Setting next_dagrun for limpiar_logs_semanalmente to 2025-05-11 00:00:00+00:00, run_after=2025-05-18 00:00:00+00:00
[2025-05-08T17:06:30.800+0000] {processor.py:183} INFO - Processing /opt/airflow/dags/limpiar_logs_semanalmente_dag.py took 0.086 seconds
[2025-05-08T17:07:00.971+0000] {processor.py:161} INFO - Started process (PID=114) to work on /opt/airflow/dags/limpiar_logs_semanalmente_dag.py
[2025-05-08T17:07:00.972+0000] {processor.py:830} INFO - Processing file /opt/airflow/dags/limpiar_logs_semanalmente_dag.py for tasks to queue
[2025-05-08T17:07:00.975+0000] {logging_mixin.py:188} INFO - [2025-05-08T17:07:00.974+0000] {dagbag.py:538} INFO - Filling up the DagBag from /opt/airflow/dags/limpiar_logs_semanalmente_dag.py
[2025-05-08T17:07:00.991+0000] {processor.py:840} INFO - DAG(s) 'limpiar_logs_semanalmente' retrieved from /opt/airflow/dags/limpiar_logs_semanalmente_dag.py
[2025-05-08T17:07:01.022+0000] {logging_mixin.py:188} INFO - [2025-05-08T17:07:01.022+0000] {dag.py:3036} INFO - Sync 1 DAGs
[2025-05-08T17:07:01.046+0000] {logging_mixin.py:188} INFO - [2025-05-08T17:07:01.046+0000] {dag.py:3823} INFO - Setting next_dagrun for limpiar_logs_semanalmente to 2025-05-11 00:00:00+00:00, run_after=2025-05-18 00:00:00+00:00
[2025-05-08T17:07:01.068+0000] {processor.py:183} INFO - Processing /opt/airflow/dags/limpiar_logs_semanalmente_dag.py took 0.102 seconds
[2025-05-08T17:07:31.220+0000] {processor.py:161} INFO - Started process (PID=122) to work on /opt/airflow/dags/limpiar_logs_semanalmente_dag.py
[2025-05-08T17:07:31.221+0000] {processor.py:830} INFO - Processing file /opt/airflow/dags/limpiar_logs_semanalmente_dag.py for tasks to queue
[2025-05-08T17:07:31.223+0000] {logging_mixin.py:188} INFO - [2025-05-08T17:07:31.223+0000] {dagbag.py:538} INFO - Filling up the DagBag from /opt/airflow/dags/limpiar_logs_semanalmente_dag.py
[2025-05-08T17:07:31.235+0000] {processor.py:840} INFO - DAG(s) 'limpiar_logs_semanalmente' retrieved from /opt/airflow/dags/limpiar_logs_semanalmente_dag.py
[2025-05-08T17:07:31.262+0000] {logging_mixin.py:188} INFO - [2025-05-08T17:07:31.261+0000] {dag.py:3036} INFO - Sync 1 DAGs
[2025-05-08T17:07:31.288+0000] {logging_mixin.py:188} INFO - [2025-05-08T17:07:31.288+0000] {dag.py:3823} INFO - Setting next_dagrun for limpiar_logs_semanalmente to 2025-05-11 00:00:00+00:00, run_after=2025-05-18 00:00:00+00:00
[2025-05-08T17:07:31.308+0000] {processor.py:183} INFO - Processing /opt/airflow/dags/limpiar_logs_semanalmente_dag.py took 0.090 seconds
[2025-05-08T17:08:01.451+0000] {processor.py:161} INFO - Started process (PID=130) to work on /opt/airflow/dags/limpiar_logs_semanalmente_dag.py
[2025-05-08T17:08:01.452+0000] {processor.py:830} INFO - Processing file /opt/airflow/dags/limpiar_logs_semanalmente_dag.py for tasks to queue
[2025-05-08T17:08:01.454+0000] {logging_mixin.py:188} INFO - [2025-05-08T17:08:01.454+0000] {dagbag.py:538} INFO - Filling up the DagBag from /opt/airflow/dags/limpiar_logs_semanalmente_dag.py
[2025-05-08T17:08:01.466+0000] {processor.py:840} INFO - DAG(s) 'limpiar_logs_semanalmente' retrieved from /opt/airflow/dags/limpiar_logs_semanalmente_dag.py
[2025-05-08T17:08:01.495+0000] {logging_mixin.py:188} INFO - [2025-05-08T17:08:01.495+0000] {dag.py:3036} INFO - Sync 1 DAGs
[2025-05-08T17:08:01.534+0000] {logging_mixin.py:188} INFO - [2025-05-08T17:08:01.533+0000] {dag.py:3823} INFO - Setting next_dagrun for limpiar_logs_semanalmente to 2025-05-11 00:00:00+00:00, run_after=2025-05-18 00:00:00+00:00
[2025-05-08T17:08:01.558+0000] {processor.py:183} INFO - Processing /opt/airflow/dags/limpiar_logs_semanalmente_dag.py took 0.112 seconds
[2025-05-08T17:08:31.715+0000] {processor.py:161} INFO - Started process (PID=138) to work on /opt/airflow/dags/limpiar_logs_semanalmente_dag.py
[2025-05-08T17:08:31.716+0000] {processor.py:830} INFO - Processing file /opt/airflow/dags/limpiar_logs_semanalmente_dag.py for tasks to queue
[2025-05-08T17:08:31.718+0000] {logging_mixin.py:188} INFO - [2025-05-08T17:08:31.717+0000] {dagbag.py:538} INFO - Filling up the DagBag from /opt/airflow/dags/limpiar_logs_semanalmente_dag.py
[2025-05-08T17:08:31.730+0000] {processor.py:840} INFO - DAG(s) 'limpiar_logs_semanalmente' retrieved from /opt/airflow/dags/limpiar_logs_semanalmente_dag.py
[2025-05-08T17:08:31.759+0000] {logging_mixin.py:188} INFO - [2025-05-08T17:08:31.759+0000] {dag.py:3036} INFO - Sync 1 DAGs
[2025-05-08T17:08:31.784+0000] {logging_mixin.py:188} INFO - [2025-05-08T17:08:31.784+0000] {dag.py:3823} INFO - Setting next_dagrun for limpiar_logs_semanalmente to 2025-05-11 00:00:00+00:00, run_after=2025-05-18 00:00:00+00:00
[2025-05-08T17:08:31.808+0000] {processor.py:183} INFO - Processing /opt/airflow/dags/limpiar_logs_semanalmente_dag.py took 0.098 seconds
[2025-05-08T17:09:01.953+0000] {processor.py:161} INFO - Started process (PID=146) to work on /opt/airflow/dags/limpiar_logs_semanalmente_dag.py
[2025-05-08T17:09:01.954+0000] {processor.py:830} INFO - Processing file /opt/airflow/dags/limpiar_logs_semanalmente_dag.py for tasks to queue
[2025-05-08T17:09:01.956+0000] {logging_mixin.py:188} INFO - [2025-05-08T17:09:01.956+0000] {dagbag.py:538} INFO - Filling up the DagBag from /opt/airflow/dags/limpiar_logs_semanalmente_dag.py
[2025-05-08T17:09:01.968+0000] {processor.py:840} INFO - DAG(s) 'limpiar_logs_semanalmente' retrieved from /opt/airflow/dags/limpiar_logs_semanalmente_dag.py
[2025-05-08T17:09:01.995+0000] {logging_mixin.py:188} INFO - [2025-05-08T17:09:01.995+0000] {dag.py:3036} INFO - Sync 1 DAGs
[2025-05-08T17:09:02.021+0000] {logging_mixin.py:188} INFO - [2025-05-08T17:09:02.021+0000] {dag.py:3823} INFO - Setting next_dagrun for limpiar_logs_semanalmente to 2025-05-11 00:00:00+00:00, run_after=2025-05-18 00:00:00+00:00
[2025-05-08T17:09:02.041+0000] {processor.py:183} INFO - Processing /opt/airflow/dags/limpiar_logs_semanalmente_dag.py took 0.092 seconds
[2025-05-08T17:09:32.184+0000] {processor.py:161} INFO - Started process (PID=154) to work on /opt/airflow/dags/limpiar_logs_semanalmente_dag.py
[2025-05-08T17:09:32.185+0000] {processor.py:830} INFO - Processing file /opt/airflow/dags/limpiar_logs_semanalmente_dag.py for tasks to queue
[2025-05-08T17:09:32.187+0000] {logging_mixin.py:188} INFO - [2025-05-08T17:09:32.187+0000] {dagbag.py:538} INFO - Filling up the DagBag from /opt/airflow/dags/limpiar_logs_semanalmente_dag.py
[2025-05-08T17:09:32.199+0000] {processor.py:840} INFO - DAG(s) 'limpiar_logs_semanalmente' retrieved from /opt/airflow/dags/limpiar_logs_semanalmente_dag.py
[2025-05-08T17:09:32.226+0000] {logging_mixin.py:188} INFO - [2025-05-08T17:09:32.225+0000] {dag.py:3036} INFO - Sync 1 DAGs
[2025-05-08T17:09:32.249+0000] {logging_mixin.py:188} INFO - [2025-05-08T17:09:32.249+0000] {dag.py:3823} INFO - Setting next_dagrun for limpiar_logs_semanalmente to 2025-05-11 00:00:00+00:00, run_after=2025-05-18 00:00:00+00:00
[2025-05-08T17:09:32.270+0000] {processor.py:183} INFO - Processing /opt/airflow/dags/limpiar_logs_semanalmente_dag.py took 0.091 seconds
[2025-05-08T17:10:02.420+0000] {processor.py:161} INFO - Started process (PID=170) to work on /opt/airflow/dags/limpiar_logs_semanalmente_dag.py
[2025-05-08T17:10:02.421+0000] {processor.py:830} INFO - Processing file /opt/airflow/dags/limpiar_logs_semanalmente_dag.py for tasks to queue
[2025-05-08T17:10:02.423+0000] {logging_mixin.py:188} INFO - [2025-05-08T17:10:02.423+0000] {dagbag.py:538} INFO - Filling up the DagBag from /opt/airflow/dags/limpiar_logs_semanalmente_dag.py
[2025-05-08T17:10:02.435+0000] {processor.py:840} INFO - DAG(s) 'limpiar_logs_semanalmente' retrieved from /opt/airflow/dags/limpiar_logs_semanalmente_dag.py
[2025-05-08T17:10:02.469+0000] {logging_mixin.py:188} INFO - [2025-05-08T17:10:02.468+0000] {dag.py:3036} INFO - Sync 1 DAGs
[2025-05-08T17:10:02.497+0000] {logging_mixin.py:188} INFO - [2025-05-08T17:10:02.497+0000] {dag.py:3823} INFO - Setting next_dagrun for limpiar_logs_semanalmente to 2025-05-11 00:00:00+00:00, run_after=2025-05-18 00:00:00+00:00
[2025-05-08T17:10:02.516+0000] {processor.py:183} INFO - Processing /opt/airflow/dags/limpiar_logs_semanalmente_dag.py took 0.100 seconds
[2025-05-08T17:10:32.696+0000] {processor.py:161} INFO - Started process (PID=178) to work on /opt/airflow/dags/limpiar_logs_semanalmente_dag.py
[2025-05-08T17:10:32.697+0000] {processor.py:830} INFO - Processing file /opt/airflow/dags/limpiar_logs_semanalmente_dag.py for tasks to queue
[2025-05-08T17:10:32.699+0000] {logging_mixin.py:188} INFO - [2025-05-08T17:10:32.699+0000] {dagbag.py:538} INFO - Filling up the DagBag from /opt/airflow/dags/limpiar_logs_semanalmente_dag.py
[2025-05-08T17:10:32.712+0000] {processor.py:840} INFO - DAG(s) 'limpiar_logs_semanalmente' retrieved from /opt/airflow/dags/limpiar_logs_semanalmente_dag.py
[2025-05-08T17:10:32.737+0000] {logging_mixin.py:188} INFO - [2025-05-08T17:10:32.737+0000] {dag.py:3036} INFO - Sync 1 DAGs
[2025-05-08T17:10:32.761+0000] {logging_mixin.py:188} INFO - [2025-05-08T17:10:32.761+0000] {dag.py:3823} INFO - Setting next_dagrun for limpiar_logs_semanalmente to 2025-05-11 00:00:00+00:00, run_after=2025-05-18 00:00:00+00:00
[2025-05-08T17:10:32.781+0000] {processor.py:183} INFO - Processing /opt/airflow/dags/limpiar_logs_semanalmente_dag.py took 0.089 seconds
[2025-05-08T17:11:02.942+0000] {processor.py:161} INFO - Started process (PID=186) to work on /opt/airflow/dags/limpiar_logs_semanalmente_dag.py
[2025-05-08T17:11:02.943+0000] {processor.py:830} INFO - Processing file /opt/airflow/dags/limpiar_logs_semanalmente_dag.py for tasks to queue
[2025-05-08T17:11:02.945+0000] {logging_mixin.py:188} INFO - [2025-05-08T17:11:02.945+0000] {dagbag.py:538} INFO - Filling up the DagBag from /opt/airflow/dags/limpiar_logs_semanalmente_dag.py
[2025-05-08T17:11:02.958+0000] {processor.py:840} INFO - DAG(s) 'limpiar_logs_semanalmente' retrieved from /opt/airflow/dags/limpiar_logs_semanalmente_dag.py
[2025-05-08T17:11:02.986+0000] {logging_mixin.py:188} INFO - [2025-05-08T17:11:02.985+0000] {dag.py:3036} INFO - Sync 1 DAGs
[2025-05-08T17:11:03.010+0000] {logging_mixin.py:188} INFO - [2025-05-08T17:11:03.009+0000] {dag.py:3823} INFO - Setting next_dagrun for limpiar_logs_semanalmente to 2025-05-11 00:00:00+00:00, run_after=2025-05-18 00:00:00+00:00
[2025-05-08T17:11:03.025+0000] {processor.py:183} INFO - Processing /opt/airflow/dags/limpiar_logs_semanalmente_dag.py took 0.088 seconds
