[2025-05-08T16:57:54.925+0000] {processor.py:161} INFO - Started process (PID=58572) to work on /opt/airflow/dags/mymind_etl_dag.py
[2025-05-08T16:57:54.926+0000] {processor.py:830} INFO - Processing file /opt/airflow/dags/mymind_etl_dag.py for tasks to queue
[2025-05-08T16:57:54.927+0000] {logging_mixin.py:188} INFO - [2025-05-08T16:57:54.927+0000] {dagbag.py:538} INFO - Filling up the DagBag from /opt/airflow/dags/mymind_etl_dag.py
[2025-05-08T16:57:54.988+0000] {processor.py:840} INFO - DAG(s) 'mymind_mongo_to_mysql_etl' retrieved from /opt/airflow/dags/mymind_etl_dag.py
[2025-05-08T16:57:55.015+0000] {logging_mixin.py:188} INFO - [2025-05-08T16:57:55.015+0000] {dag.py:3036} INFO - Sync 1 DAGs
[2025-05-08T16:57:55.046+0000] {logging_mixin.py:188} INFO - [2025-05-08T16:57:55.046+0000] {dag.py:3823} INFO - Setting next_dagrun for mymind_mongo_to_mysql_etl to 2025-05-08 16:57:00+00:00, run_after=2025-05-08 16:58:00+00:00
[2025-05-08T16:57:55.085+0000] {processor.py:183} INFO - Processing /opt/airflow/dags/mymind_etl_dag.py took 0.165 seconds
[2025-05-08T16:58:25.251+0000] {processor.py:161} INFO - Started process (PID=58579) to work on /opt/airflow/dags/mymind_etl_dag.py
[2025-05-08T16:58:25.252+0000] {processor.py:830} INFO - Processing file /opt/airflow/dags/mymind_etl_dag.py for tasks to queue
[2025-05-08T16:58:25.254+0000] {logging_mixin.py:188} INFO - [2025-05-08T16:58:25.253+0000] {dagbag.py:538} INFO - Filling up the DagBag from /opt/airflow/dags/mymind_etl_dag.py
[2025-05-08T16:58:25.314+0000] {processor.py:840} INFO - DAG(s) 'mymind_mongo_to_mysql_etl' retrieved from /opt/airflow/dags/mymind_etl_dag.py
[2025-05-08T16:58:25.341+0000] {logging_mixin.py:188} INFO - [2025-05-08T16:58:25.341+0000] {dag.py:3036} INFO - Sync 1 DAGs
[2025-05-08T16:58:25.372+0000] {logging_mixin.py:188} INFO - [2025-05-08T16:58:25.372+0000] {dag.py:3823} INFO - Setting next_dagrun for mymind_mongo_to_mysql_etl to 2025-05-08 16:58:00+00:00, run_after=2025-05-08 16:59:00+00:00
[2025-05-08T16:58:25.399+0000] {processor.py:183} INFO - Processing /opt/airflow/dags/mymind_etl_dag.py took 0.153 seconds
[2025-05-08T16:58:55.558+0000] {processor.py:161} INFO - Started process (PID=58586) to work on /opt/airflow/dags/mymind_etl_dag.py
[2025-05-08T16:58:55.559+0000] {processor.py:830} INFO - Processing file /opt/airflow/dags/mymind_etl_dag.py for tasks to queue
[2025-05-08T16:58:55.560+0000] {logging_mixin.py:188} INFO - [2025-05-08T16:58:55.560+0000] {dagbag.py:538} INFO - Filling up the DagBag from /opt/airflow/dags/mymind_etl_dag.py
[2025-05-08T16:58:55.620+0000] {processor.py:840} INFO - DAG(s) 'mymind_mongo_to_mysql_etl' retrieved from /opt/airflow/dags/mymind_etl_dag.py
[2025-05-08T16:58:55.647+0000] {logging_mixin.py:188} INFO - [2025-05-08T16:58:55.647+0000] {dag.py:3036} INFO - Sync 1 DAGs
[2025-05-08T16:58:55.678+0000] {logging_mixin.py:188} INFO - [2025-05-08T16:58:55.678+0000] {dag.py:3823} INFO - Setting next_dagrun for mymind_mongo_to_mysql_etl to 2025-05-08 16:58:00+00:00, run_after=2025-05-08 16:59:00+00:00
[2025-05-08T16:58:55.704+0000] {processor.py:183} INFO - Processing /opt/airflow/dags/mymind_etl_dag.py took 0.151 seconds
