[2025-05-07T15:54:03.966+0000] {taskinstance.py:1956} INFO - Dependencies all met for dep_context=non-requeueable deps ti=<TaskInstance: mymind_mongo_to_mysql_etl.sync_and_load_mysql scheduled__2025-05-07T15:53:00+00:00 [queued]>
[2025-05-07T15:54:03.975+0000] {taskinstance.py:1956} INFO - Dependencies all met for dep_context=requeueable deps ti=<TaskInstance: mymind_mongo_to_mysql_etl.sync_and_load_mysql scheduled__2025-05-07T15:53:00+00:00 [queued]>
[2025-05-07T15:54:03.975+0000] {taskinstance.py:2170} INFO - Starting attempt 1 of 2
[2025-05-07T15:54:03.990+0000] {taskinstance.py:2191} INFO - Executing <Task(_PythonDecoratedOperator): sync_and_load_mysql> on 2025-05-07 15:53:00+00:00
[2025-05-07T15:54:03.996+0000] {standard_task_runner.py:60} INFO - Started process 74858 to run task
[2025-05-07T15:54:04.000+0000] {standard_task_runner.py:87} INFO - Running: ['***', 'tasks', 'run', 'mymind_mongo_to_mysql_etl', 'sync_and_load_mysql', 'scheduled__2025-05-07T15:53:00+00:00', '--job-id', '39581', '--raw', '--subdir', 'DAGS_FOLDER/mymind_etl_dag.py', '--cfg-path', '/tmp/tmp6z4j8b8d']
[2025-05-07T15:54:04.002+0000] {standard_task_runner.py:88} INFO - Job 39581: Subtask sync_and_load_mysql
[2025-05-07T15:54:04.064+0000] {task_command.py:423} INFO - Running <TaskInstance: mymind_mongo_to_mysql_etl.sync_and_load_mysql scheduled__2025-05-07T15:53:00+00:00 [running]> on host 52beca4b988b
[2025-05-07T15:54:04.196+0000] {taskinstance.py:2480} INFO - Exporting env vars: AIRFLOW_CTX_DAG_OWNER='***' AIRFLOW_CTX_DAG_ID='mymind_mongo_to_mysql_etl' AIRFLOW_CTX_TASK_ID='sync_and_load_mysql' AIRFLOW_CTX_EXECUTION_DATE='2025-05-07T15:53:00+00:00' AIRFLOW_CTX_TRY_NUMBER='1' AIRFLOW_CTX_DAG_RUN_ID='scheduled__2025-05-07T15:53:00+00:00'
[2025-05-07T15:54:04.197+0000] {mymind_etl_dag.py:301} INFO - Iniciando sincronización y carga a MySQL: 7 usuarios, 20 transcripciones.
[2025-05-07T15:54:04.206+0000] {base.py:83} INFO - Using connection ID 'mysql_mymind_dw' for task execution.
[2025-05-07T15:54:04.215+0000] {mymind_etl_dag.py:310} INFO - Obteniendo IDs actuales desde MySQL...
[2025-05-07T15:54:04.217+0000] {mymind_etl_dag.py:321} INFO - Usuarios a eliminar: 0
[2025-05-07T15:54:04.217+0000] {mymind_etl_dag.py:322} INFO - Transcripciones a eliminar: 0
[2025-05-07T15:54:04.217+0000] {mymind_etl_dag.py:355} INFO - Cargando 7 usuarios en la tabla users...
[2025-05-07T15:54:04.218+0000] {mymind_etl_dag.py:380} INFO - Usuarios cargados exitosamente.
[2025-05-07T15:54:04.219+0000] {mymind_etl_dag.py:393} INFO - Cargando 20 transcripciones en la tabla transcriptions...
[2025-05-07T15:54:04.221+0000] {mymind_etl_dag.py:423} INFO - Transcripciones cargadas exitosamente.
[2025-05-07T15:54:04.222+0000] {mymind_etl_dag.py:430} INFO - Sincronización y carga a MySQL completada con éxito.
[2025-05-07T15:54:04.222+0000] {python.py:201} INFO - Done. Returned value was: None
[2025-05-07T15:54:04.232+0000] {taskinstance.py:1138} INFO - Marking task as SUCCESS. dag_id=mymind_mongo_to_mysql_etl, task_id=sync_and_load_mysql, execution_date=20250507T155300, start_date=20250507T155403, end_date=20250507T155404
[2025-05-07T15:54:04.252+0000] {local_task_job_runner.py:234} INFO - Task exited with return code 0
[2025-05-07T15:54:04.284+0000] {taskinstance.py:3280} INFO - 0 downstream tasks scheduled from follow-on schedule check
