[2025-05-05T19:43:05.713+0000] {taskinstance.py:1956} INFO - Dependencies all met for dep_context=non-requeueable deps ti=<TaskInstance: mymind_mongo_to_mysql_etl.sync_and_load_mysql scheduled__2025-05-05T19:42:00+00:00 [queued]>
[2025-05-05T19:43:05.721+0000] {taskinstance.py:1956} INFO - Dependencies all met for dep_context=requeueable deps ti=<TaskInstance: mymind_mongo_to_mysql_etl.sync_and_load_mysql scheduled__2025-05-05T19:42:00+00:00 [queued]>
[2025-05-05T19:43:05.722+0000] {taskinstance.py:2170} INFO - Starting attempt 1 of 2
[2025-05-05T19:43:05.736+0000] {taskinstance.py:2191} INFO - Executing <Task(_PythonDecoratedOperator): sync_and_load_mysql> on 2025-05-05 19:42:00+00:00
[2025-05-05T19:43:05.742+0000] {standard_task_runner.py:60} INFO - Started process 1100 to run task
[2025-05-05T19:43:05.746+0000] {standard_task_runner.py:87} INFO - Running: ['***', 'tasks', 'run', 'mymind_mongo_to_mysql_etl', 'sync_and_load_mysql', 'scheduled__2025-05-05T19:42:00+00:00', '--job-id', '31628', '--raw', '--subdir', 'DAGS_FOLDER/mymind_etl_dag.py', '--cfg-path', '/tmp/tmp0__ax9sd']
[2025-05-05T19:43:05.747+0000] {standard_task_runner.py:88} INFO - Job 31628: Subtask sync_and_load_mysql
[2025-05-05T19:43:05.808+0000] {task_command.py:423} INFO - Running <TaskInstance: mymind_mongo_to_mysql_etl.sync_and_load_mysql scheduled__2025-05-05T19:42:00+00:00 [running]> on host 52beca4b988b
[2025-05-05T19:43:05.931+0000] {taskinstance.py:2480} INFO - Exporting env vars: AIRFLOW_CTX_DAG_OWNER='***' AIRFLOW_CTX_DAG_ID='mymind_mongo_to_mysql_etl' AIRFLOW_CTX_TASK_ID='sync_and_load_mysql' AIRFLOW_CTX_EXECUTION_DATE='2025-05-05T19:42:00+00:00' AIRFLOW_CTX_TRY_NUMBER='1' AIRFLOW_CTX_DAG_RUN_ID='scheduled__2025-05-05T19:42:00+00:00'
[2025-05-05T19:43:05.933+0000] {mymind_etl_dag.py:301} INFO - Iniciando sincronización y carga a MySQL: 5 usuarios, 16 transcripciones.
[2025-05-05T19:43:05.944+0000] {base.py:83} INFO - Using connection ID 'mysql_mymind_dw' for task execution.
[2025-05-05T19:43:05.955+0000] {mymind_etl_dag.py:310} INFO - Obteniendo IDs actuales desde MySQL...
[2025-05-05T19:43:05.956+0000] {mymind_etl_dag.py:321} INFO - Usuarios a eliminar: 0
[2025-05-05T19:43:05.957+0000] {mymind_etl_dag.py:322} INFO - Transcripciones a eliminar: 0
[2025-05-05T19:43:05.957+0000] {mymind_etl_dag.py:355} INFO - Cargando 5 usuarios en la tabla users...
[2025-05-05T19:43:05.958+0000] {mymind_etl_dag.py:380} INFO - Usuarios cargados exitosamente.
[2025-05-05T19:43:05.959+0000] {mymind_etl_dag.py:393} INFO - Cargando 16 transcripciones en la tabla transcriptions...
[2025-05-05T19:43:05.961+0000] {mymind_etl_dag.py:423} INFO - Transcripciones cargadas exitosamente.
[2025-05-05T19:43:05.962+0000] {mymind_etl_dag.py:430} INFO - Sincronización y carga a MySQL completada con éxito.
[2025-05-05T19:43:05.962+0000] {python.py:201} INFO - Done. Returned value was: None
[2025-05-05T19:43:05.974+0000] {taskinstance.py:1138} INFO - Marking task as SUCCESS. dag_id=mymind_mongo_to_mysql_etl, task_id=sync_and_load_mysql, execution_date=20250505T194200, start_date=20250505T194305, end_date=20250505T194305
[2025-05-05T19:43:05.997+0000] {local_task_job_runner.py:234} INFO - Task exited with return code 0
[2025-05-05T19:43:06.029+0000] {taskinstance.py:3280} INFO - 0 downstream tasks scheduled from follow-on schedule check
