[2025-05-04T20:49:03.996+0000] {taskinstance.py:1956} INFO - Dependencies all met for dep_context=non-requeueable deps ti=<TaskInstance: mymind_mongo_to_mysql_etl.load_mysql_data scheduled__2025-05-04T20:48:00+00:00 [queued]>
[2025-05-04T20:49:04.005+0000] {taskinstance.py:1956} INFO - Dependencies all met for dep_context=requeueable deps ti=<TaskInstance: mymind_mongo_to_mysql_etl.load_mysql_data scheduled__2025-05-04T20:48:00+00:00 [queued]>
[2025-05-04T20:49:04.006+0000] {taskinstance.py:2170} INFO - Starting attempt 1 of 2
[2025-05-04T20:49:04.020+0000] {taskinstance.py:2191} INFO - Executing <Task(_PythonDecoratedOperator): load_mysql_data> on 2025-05-04 20:48:00+00:00
[2025-05-04T20:49:04.026+0000] {standard_task_runner.py:60} INFO - Started process 2911 to run task
[2025-05-04T20:49:04.029+0000] {standard_task_runner.py:87} INFO - Running: ['***', 'tasks', 'run', 'mymind_mongo_to_mysql_etl', 'load_mysql_data', 'scheduled__2025-05-04T20:48:00+00:00', '--job-id', '27521', '--raw', '--subdir', 'DAGS_FOLDER/mymind_etl_dag.py', '--cfg-path', '/tmp/tmpcmqby3kf']
[2025-05-04T20:49:04.031+0000] {standard_task_runner.py:88} INFO - Job 27521: Subtask load_mysql_data
[2025-05-04T20:49:04.089+0000] {task_command.py:423} INFO - Running <TaskInstance: mymind_mongo_to_mysql_etl.load_mysql_data scheduled__2025-05-04T20:48:00+00:00 [running]> on host 9548ec498b56
[2025-05-04T20:49:04.217+0000] {taskinstance.py:2480} INFO - Exporting env vars: AIRFLOW_CTX_DAG_OWNER='***' AIRFLOW_CTX_DAG_ID='mymind_mongo_to_mysql_etl' AIRFLOW_CTX_TASK_ID='load_mysql_data' AIRFLOW_CTX_EXECUTION_DATE='2025-05-04T20:48:00+00:00' AIRFLOW_CTX_TRY_NUMBER='1' AIRFLOW_CTX_DAG_RUN_ID='scheduled__2025-05-04T20:48:00+00:00'
[2025-05-04T20:49:04.219+0000] {mymind_etl_dag.py:285} INFO - Iniciando carga a MySQL: 4 usuarios, 18 transcripciones.
[2025-05-04T20:49:04.231+0000] {base.py:83} INFO - Using connection ID 'mysql_mymind_dw' for task execution.
[2025-05-04T20:49:04.244+0000] {mymind_etl_dag.py:304} INFO - Cargando 4 usuarios en la tabla users...
[2025-05-04T20:49:04.245+0000] {mymind_etl_dag.py:329} INFO - Usuarios cargados exitosamente.
[2025-05-04T20:49:04.246+0000] {mymind_etl_dag.py:342} INFO - Cargando 18 transcripciones en la tabla transcriptions...
[2025-05-04T20:49:04.249+0000] {mymind_etl_dag.py:372} INFO - Transcripciones cargadas exitosamente.
[2025-05-04T20:49:04.250+0000] {mymind_etl_dag.py:379} INFO - Carga a MySQL completada con éxito.
[2025-05-04T20:49:04.250+0000] {python.py:201} INFO - Done. Returned value was: None
[2025-05-04T20:49:04.262+0000] {taskinstance.py:1138} INFO - Marking task as SUCCESS. dag_id=mymind_mongo_to_mysql_etl, task_id=load_mysql_data, execution_date=20250504T204800, start_date=20250504T204903, end_date=20250504T204904
[2025-05-04T20:49:04.321+0000] {local_task_job_runner.py:234} INFO - Task exited with return code 0
[2025-05-04T20:49:04.337+0000] {taskinstance.py:3280} INFO - 0 downstream tasks scheduled from follow-on schedule check
