[2025-05-01T22:47:40.709+0000] {taskinstance.py:1956} INFO - Dependencies all met for dep_context=non-requeueable deps ti=<TaskInstance: mymind_mongo_to_mysql_etl.sync_and_load_mysql manual__2025-05-01T22:43:02.362695+00:00 [queued]>
[2025-05-01T22:47:40.718+0000] {taskinstance.py:1956} INFO - Dependencies all met for dep_context=requeueable deps ti=<TaskInstance: mymind_mongo_to_mysql_etl.sync_and_load_mysql manual__2025-05-01T22:43:02.362695+00:00 [queued]>
[2025-05-01T22:47:40.719+0000] {taskinstance.py:2170} INFO - Starting attempt 1 of 2
[2025-05-01T22:47:40.733+0000] {taskinstance.py:2191} INFO - Executing <Task(_PythonDecoratedOperator): sync_and_load_mysql> on 2025-05-01 22:43:02.362695+00:00
[2025-05-01T22:47:40.739+0000] {standard_task_runner.py:60} INFO - Started process 501 to run task
[2025-05-01T22:47:40.742+0000] {standard_task_runner.py:87} INFO - Running: ['***', 'tasks', 'run', 'mymind_mongo_to_mysql_etl', 'sync_and_load_mysql', 'manual__2025-05-01T22:43:02.362695+00:00', '--job-id', '20663', '--raw', '--subdir', 'DAGS_FOLDER/mymind_etl_dag.py', '--cfg-path', '/tmp/tmpzl13sj9w']
[2025-05-01T22:47:40.744+0000] {standard_task_runner.py:88} INFO - Job 20663: Subtask sync_and_load_mysql
[2025-05-01T22:47:40.800+0000] {task_command.py:423} INFO - Running <TaskInstance: mymind_mongo_to_mysql_etl.sync_and_load_mysql manual__2025-05-01T22:43:02.362695+00:00 [running]> on host 486df48cccd2
[2025-05-01T22:47:40.918+0000] {taskinstance.py:2480} INFO - Exporting env vars: AIRFLOW_CTX_DAG_OWNER='***' AIRFLOW_CTX_DAG_ID='mymind_mongo_to_mysql_etl' AIRFLOW_CTX_TASK_ID='sync_and_load_mysql' AIRFLOW_CTX_EXECUTION_DATE='2025-05-01T22:43:02.362695+00:00' AIRFLOW_CTX_TRY_NUMBER='1' AIRFLOW_CTX_DAG_RUN_ID='manual__2025-05-01T22:43:02.362695+00:00'
[2025-05-01T22:47:40.929+0000] {base.py:83} INFO - Using connection ID 'mysql_mymind_dw' for task execution.
[2025-05-01T22:47:40.940+0000] {mymind_etl_dag.py:148} INFO - Obteniendo IDs actuales desde MySQL...
[2025-05-01T22:47:40.942+0000] {mymind_etl_dag.py:158} INFO - Eliminando 2 usuarios obsoletos...
[2025-05-01T22:47:40.944+0000] {mymind_etl_dag.py:161} INFO - Eliminando 2 transcripciones obsoletas...
[2025-05-01T22:47:40.945+0000] {mymind_etl_dag.py:165} INFO - Cargando 4 usuarios...
[2025-05-01T22:47:40.947+0000] {mymind_etl_dag.py:178} INFO - Cargando 5 transcripciones...
[2025-05-01T22:47:40.949+0000] {mymind_etl_dag.py:196} INFO - Carga y sincronización con MySQL completada.
[2025-05-01T22:47:40.950+0000] {python.py:201} INFO - Done. Returned value was: None
[2025-05-01T22:47:40.962+0000] {taskinstance.py:1138} INFO - Marking task as SUCCESS. dag_id=mymind_mongo_to_mysql_etl, task_id=sync_and_load_mysql, execution_date=20250501T224302, start_date=20250501T224740, end_date=20250501T224740
[2025-05-01T22:47:40.994+0000] {local_task_job_runner.py:234} INFO - Task exited with return code 0
[2025-05-01T22:47:41.020+0000] {taskinstance.py:3280} INFO - 0 downstream tasks scheduled from follow-on schedule check
