[2025-04-23T18:15:05.518+0000] {taskinstance.py:1956} INFO - Dependencies all met for dep_context=non-requeueable deps ti=<TaskInstance: mymind_mongo_to_mysql_etl.load_mysql_data scheduled__2025-04-23T18:10:00+00:00 [queued]>
[2025-04-23T18:15:05.527+0000] {taskinstance.py:1956} INFO - Dependencies all met for dep_context=requeueable deps ti=<TaskInstance: mymind_mongo_to_mysql_etl.load_mysql_data scheduled__2025-04-23T18:10:00+00:00 [queued]>
[2025-04-23T18:15:05.527+0000] {taskinstance.py:2170} INFO - Starting attempt 1 of 2
[2025-04-23T18:15:05.543+0000] {taskinstance.py:2191} INFO - Executing <Task(_PythonDecoratedOperator): load_mysql_data> on 2025-04-23 18:10:00+00:00
[2025-04-23T18:15:05.547+0000] {standard_task_runner.py:60} INFO - Started process 4397 to run task
[2025-04-23T18:15:05.551+0000] {standard_task_runner.py:87} INFO - Running: ['***', 'tasks', 'run', 'mymind_mongo_to_mysql_etl', 'load_mysql_data', 'scheduled__2025-04-23T18:10:00+00:00', '--job-id', '164', '--raw', '--subdir', 'DAGS_FOLDER/mymind_etl_dag.py', '--cfg-path', '/tmp/tmp_i900ahu']
[2025-04-23T18:15:05.552+0000] {standard_task_runner.py:88} INFO - Job 164: Subtask load_mysql_data
[2025-04-23T18:15:05.611+0000] {task_command.py:423} INFO - Running <TaskInstance: mymind_mongo_to_mysql_etl.load_mysql_data scheduled__2025-04-23T18:10:00+00:00 [running]> on host 64c6827685b2
[2025-04-23T18:15:05.736+0000] {taskinstance.py:2480} INFO - Exporting env vars: AIRFLOW_CTX_DAG_OWNER='***' AIRFLOW_CTX_DAG_ID='mymind_mongo_to_mysql_etl' AIRFLOW_CTX_TASK_ID='load_mysql_data' AIRFLOW_CTX_EXECUTION_DATE='2025-04-23T18:10:00+00:00' AIRFLOW_CTX_TRY_NUMBER='1' AIRFLOW_CTX_DAG_RUN_ID='scheduled__2025-04-23T18:10:00+00:00'
[2025-04-23T18:15:05.738+0000] {mymind_etl_dag.py:284} INFO - Iniciando carga a MySQL: 3 usuarios, 5 transcripciones.
[2025-04-23T18:15:05.738+0000] {mymind_etl_dag.py:295} INFO - Cargando 3 usuarios en la tabla users...
[2025-04-23T18:15:05.749+0000] {base.py:83} INFO - Using connection ID 'mysql_mymind_dw' for task execution.
[2025-04-23T18:15:05.765+0000] {sql.py:547} INFO - Done loading. Loaded a total of 3 rows into users
[2025-04-23T18:15:05.766+0000] {mymind_etl_dag.py:303} INFO - Usuarios cargados exitosamente.
[2025-04-23T18:15:05.766+0000] {mymind_etl_dag.py:322} INFO - Cargando 5 transcripciones en la tabla transcriptions...
[2025-04-23T18:15:05.774+0000] {base.py:83} INFO - Using connection ID 'mysql_mymind_dw' for task execution.
[2025-04-23T18:15:05.780+0000] {sql.py:547} INFO - Done loading. Loaded a total of 5 rows into transcriptions
[2025-04-23T18:15:05.780+0000] {mymind_etl_dag.py:330} INFO - Transcripciones cargadas exitosamente.
[2025-04-23T18:15:05.781+0000] {mymind_etl_dag.py:335} INFO - Carga a MySQL completada con éxito.
[2025-04-23T18:15:05.781+0000] {python.py:201} INFO - Done. Returned value was: None
[2025-04-23T18:15:05.792+0000] {taskinstance.py:1138} INFO - Marking task as SUCCESS. dag_id=mymind_mongo_to_mysql_etl, task_id=load_mysql_data, execution_date=20250423T181000, start_date=20250423T181505, end_date=20250423T181505
[2025-04-23T18:15:05.843+0000] {local_task_job_runner.py:234} INFO - Task exited with return code 0
[2025-04-23T18:15:05.872+0000] {taskinstance.py:3280} INFO - 0 downstream tasks scheduled from follow-on schedule check
