[2025-05-08T20:10:05.399+0000] {taskinstance.py:1956} INFO - Dependencies all met for dep_context=non-requeueable deps ti=<TaskInstance: mymind_mongo_to_mysql_etl.sync_and_load_mysql scheduled__2025-05-08T20:09:00+00:00 [queued]>
[2025-05-08T20:10:05.407+0000] {taskinstance.py:1956} INFO - Dependencies all met for dep_context=requeueable deps ti=<TaskInstance: mymind_mongo_to_mysql_etl.sync_and_load_mysql scheduled__2025-05-08T20:09:00+00:00 [queued]>
[2025-05-08T20:10:05.407+0000] {taskinstance.py:2170} INFO - Starting attempt 1 of 2
[2025-05-08T20:10:05.421+0000] {taskinstance.py:2191} INFO - Executing <Task(_PythonDecoratedOperator): sync_and_load_mysql> on 2025-05-08 20:09:00+00:00
[2025-05-08T20:10:05.426+0000] {standard_task_runner.py:60} INFO - Started process 579 to run task
[2025-05-08T20:10:05.430+0000] {standard_task_runner.py:87} INFO - Running: ['***', 'tasks', 'run', 'mymind_mongo_to_mysql_etl', 'sync_and_load_mysql', 'scheduled__2025-05-08T20:09:00+00:00', '--job-id', '31916', '--raw', '--subdir', 'DAGS_FOLDER/mymind_etl_dag.py', '--cfg-path', '/tmp/tmpqfj1w8ae']
[2025-05-08T20:10:05.431+0000] {standard_task_runner.py:88} INFO - Job 31916: Subtask sync_and_load_mysql
[2025-05-08T20:10:05.487+0000] {task_command.py:423} INFO - Running <TaskInstance: mymind_mongo_to_mysql_etl.sync_and_load_mysql scheduled__2025-05-08T20:09:00+00:00 [running]> on host d60bbdc234eb
[2025-05-08T20:10:05.594+0000] {taskinstance.py:2480} INFO - Exporting env vars: AIRFLOW_CTX_DAG_OWNER='***' AIRFLOW_CTX_DAG_ID='mymind_mongo_to_mysql_etl' AIRFLOW_CTX_TASK_ID='sync_and_load_mysql' AIRFLOW_CTX_EXECUTION_DATE='2025-05-08T20:09:00+00:00' AIRFLOW_CTX_TRY_NUMBER='1' AIRFLOW_CTX_DAG_RUN_ID='scheduled__2025-05-08T20:09:00+00:00'
[2025-05-08T20:10:05.595+0000] {mymind_etl_dag.py:301} INFO - Iniciando sincronización y carga a MySQL: 6 usuarios, 9 transcripciones.
[2025-05-08T20:10:05.606+0000] {base.py:83} INFO - Using connection ID 'mysql_mymind_dw' for task execution.
[2025-05-08T20:10:05.616+0000] {mymind_etl_dag.py:310} INFO - Obteniendo IDs actuales desde MySQL...
[2025-05-08T20:10:05.617+0000] {mymind_etl_dag.py:321} INFO - Usuarios a eliminar: 0
[2025-05-08T20:10:05.618+0000] {mymind_etl_dag.py:322} INFO - Transcripciones a eliminar: 0
[2025-05-08T20:10:05.618+0000] {mymind_etl_dag.py:355} INFO - Cargando 6 usuarios en la tabla users...
[2025-05-08T20:10:05.619+0000] {mymind_etl_dag.py:380} INFO - Usuarios cargados exitosamente.
[2025-05-08T20:10:05.620+0000] {mymind_etl_dag.py:393} INFO - Cargando 9 transcripciones en la tabla transcriptions...
[2025-05-08T20:10:05.622+0000] {mymind_etl_dag.py:423} INFO - Transcripciones cargadas exitosamente.
[2025-05-08T20:10:05.622+0000] {mymind_etl_dag.py:430} INFO - Sincronización y carga a MySQL completada con éxito.
[2025-05-08T20:10:05.623+0000] {python.py:201} INFO - Done. Returned value was: None
[2025-05-08T20:10:05.634+0000] {taskinstance.py:1138} INFO - Marking task as SUCCESS. dag_id=mymind_mongo_to_mysql_etl, task_id=sync_and_load_mysql, execution_date=20250508T200900, start_date=20250508T201005, end_date=20250508T201005
[2025-05-08T20:10:05.681+0000] {local_task_job_runner.py:234} INFO - Task exited with return code 0
[2025-05-08T20:10:05.711+0000] {taskinstance.py:3280} INFO - 0 downstream tasks scheduled from follow-on schedule check
[2025-05-08T20:10:52.076+0000] {taskinstance.py:1956} INFO - Dependencies all met for dep_context=non-requeueable deps ti=<TaskInstance: mymind_mongo_to_mysql_etl.sync_and_load_mysql scheduled__2025-05-08T20:09:00+00:00 [queued]>
[2025-05-08T20:10:52.085+0000] {taskinstance.py:1956} INFO - Dependencies all met for dep_context=requeueable deps ti=<TaskInstance: mymind_mongo_to_mysql_etl.sync_and_load_mysql scheduled__2025-05-08T20:09:00+00:00 [queued]>
[2025-05-08T20:10:52.085+0000] {taskinstance.py:2170} INFO - Starting attempt 1 of 2
[2025-05-08T20:10:52.099+0000] {taskinstance.py:2191} INFO - Executing <Task(_PythonDecoratedOperator): sync_and_load_mysql> on 2025-05-08 20:09:00+00:00
[2025-05-08T20:10:52.105+0000] {standard_task_runner.py:60} INFO - Started process 608 to run task
[2025-05-08T20:10:52.108+0000] {standard_task_runner.py:87} INFO - Running: ['***', 'tasks', 'run', 'mymind_mongo_to_mysql_etl', 'sync_and_load_mysql', 'scheduled__2025-05-08T20:09:00+00:00', '--job-id', '31919', '--raw', '--subdir', 'DAGS_FOLDER/mymind_etl_dag.py', '--cfg-path', '/tmp/tmpi0xl5xec']
[2025-05-08T20:10:52.110+0000] {standard_task_runner.py:88} INFO - Job 31919: Subtask sync_and_load_mysql
[2025-05-08T20:10:52.167+0000] {task_command.py:423} INFO - Running <TaskInstance: mymind_mongo_to_mysql_etl.sync_and_load_mysql scheduled__2025-05-08T20:09:00+00:00 [running]> on host d60bbdc234eb
[2025-05-08T20:10:52.303+0000] {taskinstance.py:2480} INFO - Exporting env vars: AIRFLOW_CTX_DAG_OWNER='***' AIRFLOW_CTX_DAG_ID='mymind_mongo_to_mysql_etl' AIRFLOW_CTX_TASK_ID='sync_and_load_mysql' AIRFLOW_CTX_EXECUTION_DATE='2025-05-08T20:09:00+00:00' AIRFLOW_CTX_TRY_NUMBER='1' AIRFLOW_CTX_DAG_RUN_ID='scheduled__2025-05-08T20:09:00+00:00'
[2025-05-08T20:10:52.304+0000] {mymind_etl_dag.py:301} INFO - Iniciando sincronización y carga a MySQL: 6 usuarios, 9 transcripciones.
[2025-05-08T20:10:52.316+0000] {base.py:83} INFO - Using connection ID 'mysql_mymind_dw' for task execution.
[2025-05-08T20:10:52.327+0000] {mymind_etl_dag.py:310} INFO - Obteniendo IDs actuales desde MySQL...
[2025-05-08T20:10:52.328+0000] {mymind_etl_dag.py:321} INFO - Usuarios a eliminar: 0
[2025-05-08T20:10:52.328+0000] {mymind_etl_dag.py:322} INFO - Transcripciones a eliminar: 0
[2025-05-08T20:10:52.329+0000] {mymind_etl_dag.py:355} INFO - Cargando 6 usuarios en la tabla users...
[2025-05-08T20:10:52.330+0000] {mymind_etl_dag.py:380} INFO - Usuarios cargados exitosamente.
[2025-05-08T20:10:52.330+0000] {mymind_etl_dag.py:393} INFO - Cargando 9 transcripciones en la tabla transcriptions...
[2025-05-08T20:10:52.332+0000] {mymind_etl_dag.py:423} INFO - Transcripciones cargadas exitosamente.
[2025-05-08T20:10:52.333+0000] {mymind_etl_dag.py:430} INFO - Sincronización y carga a MySQL completada con éxito.
[2025-05-08T20:10:52.334+0000] {python.py:201} INFO - Done. Returned value was: None
[2025-05-08T20:10:52.345+0000] {taskinstance.py:1138} INFO - Marking task as SUCCESS. dag_id=mymind_mongo_to_mysql_etl, task_id=sync_and_load_mysql, execution_date=20250508T200900, start_date=20250508T201052, end_date=20250508T201052
[2025-05-08T20:10:52.400+0000] {local_task_job_runner.py:234} INFO - Task exited with return code 0
[2025-05-08T20:10:52.418+0000] {taskinstance.py:3280} INFO - 0 downstream tasks scheduled from follow-on schedule check
