[2025-05-04T07:16:30.464+0000] {taskinstance.py:1956} INFO - Dependencies all met for dep_context=non-requeueable deps ti=<TaskInstance: mymind_mongo_to_mysql_etl.sync_and_load_mysql scheduled__2025-05-04T07:10:00+00:00 [queued]>
[2025-05-04T07:16:30.472+0000] {taskinstance.py:1956} INFO - Dependencies all met for dep_context=requeueable deps ti=<TaskInstance: mymind_mongo_to_mysql_etl.sync_and_load_mysql scheduled__2025-05-04T07:10:00+00:00 [queued]>
[2025-05-04T07:16:30.473+0000] {taskinstance.py:2170} INFO - Starting attempt 2 of 2
[2025-05-04T07:16:30.488+0000] {taskinstance.py:2191} INFO - Executing <Task(_PythonDecoratedOperator): sync_and_load_mysql> on 2025-05-04 07:10:00+00:00
[2025-05-04T07:16:30.494+0000] {standard_task_runner.py:60} INFO - Started process 8474 to run task
[2025-05-04T07:16:30.498+0000] {standard_task_runner.py:87} INFO - Running: ['***', 'tasks', 'run', 'mymind_mongo_to_mysql_etl', 'sync_and_load_mysql', 'scheduled__2025-05-04T07:10:00+00:00', '--job-id', '26094', '--raw', '--subdir', 'DAGS_FOLDER/mymind_etl_dag.py', '--cfg-path', '/tmp/tmpkmj75nv8']
[2025-05-04T07:16:30.500+0000] {standard_task_runner.py:88} INFO - Job 26094: Subtask sync_and_load_mysql
[2025-05-04T07:16:30.559+0000] {task_command.py:423} INFO - Running <TaskInstance: mymind_mongo_to_mysql_etl.sync_and_load_mysql scheduled__2025-05-04T07:10:00+00:00 [running]> on host 5820f1ef24da
[2025-05-04T07:16:30.686+0000] {taskinstance.py:2480} INFO - Exporting env vars: AIRFLOW_CTX_DAG_OWNER='***' AIRFLOW_CTX_DAG_ID='mymind_mongo_to_mysql_etl' AIRFLOW_CTX_TASK_ID='sync_and_load_mysql' AIRFLOW_CTX_EXECUTION_DATE='2025-05-04T07:10:00+00:00' AIRFLOW_CTX_TRY_NUMBER='2' AIRFLOW_CTX_DAG_RUN_ID='scheduled__2025-05-04T07:10:00+00:00'
[2025-05-04T07:16:30.700+0000] {base.py:83} INFO - Using connection ID 'mysql_mymind_dw' for task execution.
[2025-05-04T07:16:30.712+0000] {mymind_etl_dag.py:149} INFO - Obteniendo IDs actuales desde MySQL...
[2025-05-04T07:16:30.714+0000] {mymind_etl_dag.py:166} INFO - Cargando 4 usuarios...
[2025-05-04T07:16:30.715+0000] {taskinstance.py:2698} ERROR - Task failed with exception
Traceback (most recent call last):
  File "/home/airflow/.local/lib/python3.8/site-packages/airflow/models/taskinstance.py", line 433, in _execute_task
    result = execute_callable(context=context, **execute_callable_kwargs)
  File "/home/airflow/.local/lib/python3.8/site-packages/airflow/decorators/base.py", line 241, in execute
    return_value = super().execute(context)
  File "/home/airflow/.local/lib/python3.8/site-packages/airflow/operators/python.py", line 199, in execute
    return_value = self.execute_callable()
  File "/home/airflow/.local/lib/python3.8/site-packages/airflow/operators/python.py", line 216, in execute_callable
    return self.python_callable(*self.op_args, **self.op_kwargs)
  File "/opt/airflow/dags/mymind_etl_dag.py", line 167, in sync_and_load_mysql
    cursor.executemany(
  File "/home/airflow/.local/lib/python3.8/site-packages/MySQLdb/cursors.py", line 241, in executemany
    return self._do_execute_many(
  File "/home/airflow/.local/lib/python3.8/site-packages/MySQLdb/cursors.py", line 275, in _do_execute_many
    rows += self.execute(sql + postfix)
  File "/home/airflow/.local/lib/python3.8/site-packages/MySQLdb/cursors.py", line 179, in execute
    res = self._query(mogrified_query)
  File "/home/airflow/.local/lib/python3.8/site-packages/MySQLdb/cursors.py", line 330, in _query
    db.query(q)
  File "/home/airflow/.local/lib/python3.8/site-packages/MySQLdb/connections.py", line 257, in query
    _mysql.connection.query(self, query)
MySQLdb.IntegrityError: (1451, 'Cannot delete or update a parent row: a foreign key constraint fails (`mymind_dw`.`transcriptions`, CONSTRAINT `transcriptions_ibfk_1` FOREIGN KEY (`user_id`) REFERENCES `users` (`user_id`))')
[2025-05-04T07:16:30.728+0000] {taskinstance.py:1138} INFO - Marking task as FAILED. dag_id=mymind_mongo_to_mysql_etl, task_id=sync_and_load_mysql, execution_date=20250504T071000, start_date=20250504T071630, end_date=20250504T071630
[2025-05-04T07:16:30.746+0000] {standard_task_runner.py:107} ERROR - Failed to execute job 26094 for task sync_and_load_mysql ((1451, 'Cannot delete or update a parent row: a foreign key constraint fails (`mymind_dw`.`transcriptions`, CONSTRAINT `transcriptions_ibfk_1` FOREIGN KEY (`user_id`) REFERENCES `users` (`user_id`))'); 8474)
[2025-05-04T07:16:30.790+0000] {local_task_job_runner.py:234} INFO - Task exited with return code 1
[2025-05-04T07:16:30.823+0000] {taskinstance.py:3280} INFO - 0 downstream tasks scheduled from follow-on schedule check
