[2025-05-01T22:40:55.393+0000] {taskinstance.py:1956} INFO - Dependencies all met for dep_context=non-requeueable deps ti=<TaskInstance: mymind_mongo_to_mysql_etl.load_mysql_data scheduled__2025-05-01T22:40:42+00:00 [queued]>
[2025-05-01T22:40:55.407+0000] {taskinstance.py:1956} INFO - Dependencies all met for dep_context=requeueable deps ti=<TaskInstance: mymind_mongo_to_mysql_etl.load_mysql_data scheduled__2025-05-01T22:40:42+00:00 [queued]>
[2025-05-01T22:40:55.408+0000] {taskinstance.py:2170} INFO - Starting attempt 1 of 2
[2025-05-01T22:40:55.433+0000] {taskinstance.py:2191} INFO - Executing <Task(_PythonDecoratedOperator): load_mysql_data> on 2025-05-01 22:40:42+00:00
[2025-05-01T22:40:55.442+0000] {standard_task_runner.py:60} INFO - Started process 303 to run task
[2025-05-01T22:40:55.448+0000] {standard_task_runner.py:87} INFO - Running: ['***', 'tasks', 'run', 'mymind_mongo_to_mysql_etl', 'load_mysql_data', 'scheduled__2025-05-01T22:40:42+00:00', '--job-id', '20622', '--raw', '--subdir', 'DAGS_FOLDER/mymind_etl_dag.py', '--cfg-path', '/tmp/tmpfi5cm40r']
[2025-05-01T22:40:55.450+0000] {standard_task_runner.py:88} INFO - Job 20622: Subtask load_mysql_data
[2025-05-01T22:40:55.698+0000] {task_command.py:423} INFO - Running <TaskInstance: mymind_mongo_to_mysql_etl.load_mysql_data scheduled__2025-05-01T22:40:42+00:00 [running]> on host 486df48cccd2
[2025-05-01T22:40:56.215+0000] {taskinstance.py:2480} INFO - Exporting env vars: AIRFLOW_CTX_DAG_OWNER='***' AIRFLOW_CTX_DAG_ID='mymind_mongo_to_mysql_etl' AIRFLOW_CTX_TASK_ID='load_mysql_data' AIRFLOW_CTX_EXECUTION_DATE='2025-05-01T22:40:42+00:00' AIRFLOW_CTX_TRY_NUMBER='1' AIRFLOW_CTX_DAG_RUN_ID='scheduled__2025-05-01T22:40:42+00:00'
[2025-05-01T22:40:56.219+0000] {mymind_etl_dag.py:282} INFO - Iniciando carga a MySQL: 4 usuarios, 5 transcripciones.
[2025-05-01T22:40:56.220+0000] {mymind_etl_dag.py:293} INFO - Cargando 4 usuarios en la tabla users...
[2025-05-01T22:40:56.265+0000] {base.py:83} INFO - Using connection ID 'mysql_mymind_dw' for task execution.
[2025-05-01T22:40:56.311+0000] {sql.py:547} INFO - Done loading. Loaded a total of 4 rows into users
[2025-05-01T22:40:56.312+0000] {mymind_etl_dag.py:301} INFO - Usuarios cargados exitosamente.
[2025-05-01T22:40:56.312+0000] {mymind_etl_dag.py:320} INFO - Cargando 5 transcripciones en la tabla transcriptions...
[2025-05-01T22:40:56.339+0000] {base.py:83} INFO - Using connection ID 'mysql_mymind_dw' for task execution.
[2025-05-01T22:40:56.348+0000] {sql.py:547} INFO - Done loading. Loaded a total of 5 rows into transcriptions
[2025-05-01T22:40:56.349+0000] {mymind_etl_dag.py:328} INFO - Transcripciones cargadas exitosamente.
[2025-05-01T22:40:56.349+0000] {mymind_etl_dag.py:333} INFO - Carga a MySQL completada con éxito.
[2025-05-01T22:40:56.351+0000] {python.py:201} INFO - Done. Returned value was: None
[2025-05-01T22:40:56.383+0000] {taskinstance.py:1138} INFO - Marking task as SUCCESS. dag_id=mymind_mongo_to_mysql_etl, task_id=load_mysql_data, execution_date=20250501T224042, start_date=20250501T224055, end_date=20250501T224056
[2025-05-01T22:40:56.439+0000] {local_task_job_runner.py:234} INFO - Task exited with return code 0
[2025-05-01T22:40:56.698+0000] {taskinstance.py:3280} INFO - 0 downstream tasks scheduled from follow-on schedule check
