[2025-05-12T15:08:20.004+0000] {taskinstance.py:1956} INFO - Dependencies all met for dep_context=non-requeueable deps ti=<TaskInstance: mymind_mongo_to_mysql_etl.sync_and_load_mysql manual__2025-05-12T15:08:14.623992+00:00 [queued]>
[2025-05-12T15:08:20.013+0000] {taskinstance.py:1956} INFO - Dependencies all met for dep_context=requeueable deps ti=<TaskInstance: mymind_mongo_to_mysql_etl.sync_and_load_mysql manual__2025-05-12T15:08:14.623992+00:00 [queued]>
[2025-05-12T15:08:20.013+0000] {taskinstance.py:2170} INFO - Starting attempt 1 of 2
[2025-05-12T15:08:20.028+0000] {taskinstance.py:2191} INFO - Executing <Task(_PythonDecoratedOperator): sync_and_load_mysql> on 2025-05-12 15:08:14.623992+00:00
[2025-05-12T15:08:20.033+0000] {standard_task_runner.py:60} INFO - Started process 634 to run task
[2025-05-12T15:08:20.037+0000] {standard_task_runner.py:87} INFO - Running: ['***', 'tasks', 'run', 'mymind_mongo_to_mysql_etl', 'sync_and_load_mysql', 'manual__2025-05-12T15:08:14.623992+00:00', '--job-id', '35957', '--raw', '--subdir', 'DAGS_FOLDER/mymind_etl_dag.py', '--cfg-path', '/tmp/tmp81rzznsu']
[2025-05-12T15:08:20.039+0000] {standard_task_runner.py:88} INFO - Job 35957: Subtask sync_and_load_mysql
[2025-05-12T15:08:20.093+0000] {task_command.py:423} INFO - Running <TaskInstance: mymind_mongo_to_mysql_etl.sync_and_load_mysql manual__2025-05-12T15:08:14.623992+00:00 [running]> on host 404265e2b374
[2025-05-12T15:08:20.210+0000] {taskinstance.py:2480} INFO - Exporting env vars: AIRFLOW_CTX_DAG_OWNER='***' AIRFLOW_CTX_DAG_ID='mymind_mongo_to_mysql_etl' AIRFLOW_CTX_TASK_ID='sync_and_load_mysql' AIRFLOW_CTX_EXECUTION_DATE='2025-05-12T15:08:14.623992+00:00' AIRFLOW_CTX_TRY_NUMBER='1' AIRFLOW_CTX_DAG_RUN_ID='manual__2025-05-12T15:08:14.623992+00:00'
[2025-05-12T15:08:20.211+0000] {mymind_etl_dag.py:302} INFO - Iniciando sincronización y carga a MySQL: 7 usuarios, 25 transcripciones.
[2025-05-12T15:08:20.223+0000] {base.py:83} INFO - Using connection ID 'mysql_mymind_dw' for task execution.
[2025-05-12T15:08:20.247+0000] {taskinstance.py:2698} ERROR - Task failed with exception
Traceback (most recent call last):
  File "/home/airflow/.local/lib/python3.8/site-packages/airflow/models/taskinstance.py", line 433, in _execute_task
    result = execute_callable(context=context, **execute_callable_kwargs)
  File "/home/airflow/.local/lib/python3.8/site-packages/airflow/decorators/base.py", line 241, in execute
    return_value = super().execute(context)
  File "/home/airflow/.local/lib/python3.8/site-packages/airflow/operators/python.py", line 199, in execute
    return_value = self.execute_callable()
  File "/home/airflow/.local/lib/python3.8/site-packages/airflow/operators/python.py", line 216, in execute_callable
    return self.python_callable(*self.op_args, **self.op_kwargs)
  File "/opt/airflow/dags/mymind_etl_dag.py", line 306, in sync_and_load_mysql
    conn = mysql_hook.get_conn()
  File "/home/airflow/.local/lib/python3.8/site-packages/airflow/providers/mysql/hooks/mysql.py", line 195, in get_conn
    return MySQLdb.connect(**conn_config)
  File "/home/airflow/.local/lib/python3.8/site-packages/MySQLdb/__init__.py", line 121, in Connect
    return Connection(*args, **kwargs)
  File "/home/airflow/.local/lib/python3.8/site-packages/MySQLdb/connections.py", line 193, in __init__
    super().__init__(*args, **kwargs2)
MySQLdb.OperationalError: (1045, "Access denied for user '***_user'@'172.21.0.9' (using password: YES)")
[2025-05-12T15:08:20.259+0000] {taskinstance.py:1138} INFO - Marking task as UP_FOR_RETRY. dag_id=mymind_mongo_to_mysql_etl, task_id=sync_and_load_mysql, execution_date=20250512T150814, start_date=20250512T150820, end_date=20250512T150820
[2025-05-12T15:08:20.275+0000] {standard_task_runner.py:107} ERROR - Failed to execute job 35957 for task sync_and_load_mysql ((1045, "Access denied for user '***_user'@'172.21.0.9' (using password: YES)"); 634)
[2025-05-12T15:08:20.289+0000] {local_task_job_runner.py:234} INFO - Task exited with return code 1
[2025-05-12T15:08:20.320+0000] {taskinstance.py:3280} INFO - 0 downstream tasks scheduled from follow-on schedule check
