[2025-05-01T22:40:54.903+0000] {taskinstance.py:1956} INFO - Dependencies all met for dep_context=non-requeueable deps ti=<TaskInstance: mymind_mongo_to_mysql_etl.identify_deleted_records scheduled__2025-05-01T22:40:47+00:00 [queued]>
[2025-05-01T22:40:54.933+0000] {taskinstance.py:1956} INFO - Dependencies all met for dep_context=requeueable deps ti=<TaskInstance: mymind_mongo_to_mysql_etl.identify_deleted_records scheduled__2025-05-01T22:40:47+00:00 [queued]>
[2025-05-01T22:40:54.934+0000] {taskinstance.py:2170} INFO - Starting attempt 1 of 2
[2025-05-01T22:40:54.976+0000] {taskinstance.py:2191} INFO - Executing <Task(_PythonDecoratedOperator): identify_deleted_records> on 2025-05-01 22:40:47+00:00
[2025-05-01T22:40:54.983+0000] {standard_task_runner.py:60} INFO - Started process 294 to run task
[2025-05-01T22:40:55.015+0000] {standard_task_runner.py:87} INFO - Running: ['***', 'tasks', 'run', 'mymind_mongo_to_mysql_etl', 'identify_deleted_records', 'scheduled__2025-05-01T22:40:47+00:00', '--job-id', '20614', '--raw', '--subdir', 'DAGS_FOLDER/mymind_etl_dag.py', '--cfg-path', '/tmp/tmp1jxhvfln']
[2025-05-01T22:40:55.025+0000] {standard_task_runner.py:88} INFO - Job 20614: Subtask identify_deleted_records
[2025-05-01T22:40:55.244+0000] {task_command.py:423} INFO - Running <TaskInstance: mymind_mongo_to_mysql_etl.identify_deleted_records scheduled__2025-05-01T22:40:47+00:00 [running]> on host 486df48cccd2
[2025-05-01T22:40:55.552+0000] {taskinstance.py:2480} INFO - Exporting env vars: AIRFLOW_CTX_DAG_OWNER='***' AIRFLOW_CTX_DAG_ID='mymind_mongo_to_mysql_etl' AIRFLOW_CTX_TASK_ID='identify_deleted_records' AIRFLOW_CTX_EXECUTION_DATE='2025-05-01T22:40:47+00:00' AIRFLOW_CTX_TRY_NUMBER='1' AIRFLOW_CTX_DAG_RUN_ID='scheduled__2025-05-01T22:40:47+00:00'
[2025-05-01T22:40:55.555+0000] {mymind_etl_dag.py:340} INFO - Iniciando identificación de registros eliminados...
[2025-05-01T22:40:55.555+0000] {mymind_etl_dag.py:349} INFO - Se encontraron 4 IDs de usuario en MongoDB.
[2025-05-01T22:40:55.555+0000] {mymind_etl_dag.py:359} INFO - Se encontraron 5 IDs de transcripciones en MongoDB.
[2025-05-01T22:40:55.601+0000] {base.py:83} INFO - Using connection ID 'mysql_mymind_dw' for task execution.
[2025-05-01T22:40:55.645+0000] {sql.py:450} INFO - Running statement: SELECT user_id FROM users, parameters: None
[2025-05-01T22:40:55.649+0000] {sql.py:459} INFO - Rows affected: 6
[2025-05-01T22:40:55.651+0000] {mymind_etl_dag.py:368} INFO - Se encontraron 6 IDs de usuario en MySQL.
[2025-05-01T22:40:55.679+0000] {base.py:83} INFO - Using connection ID 'mysql_mymind_dw' for task execution.
[2025-05-01T22:40:55.684+0000] {sql.py:450} INFO - Running statement: SELECT transcription_id FROM transcriptions, parameters: None
[2025-05-01T22:40:55.685+0000] {sql.py:459} INFO - Rows affected: 7
[2025-05-01T22:40:55.688+0000] {mymind_etl_dag.py:374} INFO - Se encontraron 7 IDs de transcripciones en MySQL.
[2025-05-01T22:40:55.691+0000] {mymind_etl_dag.py:380} INFO - Se identificaron 2 usuarios para eliminar.
[2025-05-01T22:40:55.693+0000] {mymind_etl_dag.py:381} INFO - Se identificaron 2 transcripciones para eliminar.
[2025-05-01T22:40:55.694+0000] {python.py:201} INFO - Done. Returned value was: {'users_to_delete': ['auth0|680ede4858fa956bff17b646', 'auth0|69cd34ef7890abc12d3e4f56'], 'transcriptions_to_delete': ['6923a456b78c901ef123cd45', '6923b789c90d123ab456ef78']}
[2025-05-01T22:40:55.854+0000] {taskinstance.py:1138} INFO - Marking task as SUCCESS. dag_id=mymind_mongo_to_mysql_etl, task_id=identify_deleted_records, execution_date=20250501T224047, start_date=20250501T224054, end_date=20250501T224055
[2025-05-01T22:40:55.916+0000] {local_task_job_runner.py:234} INFO - Task exited with return code 0
[2025-05-01T22:40:56.248+0000] {taskinstance.py:3280} INFO - 0 downstream tasks scheduled from follow-on schedule check
