[2025-04-23T15:30:01.118+0000] {taskinstance.py:1956} INFO - Dependencies all met for dep_context=non-requeueable deps ti=<TaskInstance: mymind_mongo_to_mysql_etl.extract_mongo_data scheduled__2025-04-23T15:25:00+00:00 [queued]>
[2025-04-23T15:30:01.127+0000] {taskinstance.py:1956} INFO - Dependencies all met for dep_context=requeueable deps ti=<TaskInstance: mymind_mongo_to_mysql_etl.extract_mongo_data scheduled__2025-04-23T15:25:00+00:00 [queued]>
[2025-04-23T15:30:01.127+0000] {taskinstance.py:2170} INFO - Starting attempt 1 of 2
[2025-04-23T15:30:01.143+0000] {taskinstance.py:2191} INFO - Executing <Task(_PythonDecoratedOperator): extract_mongo_data> on 2025-04-23 15:25:00+00:00
[2025-04-23T15:30:01.148+0000] {standard_task_runner.py:60} INFO - Started process 1509 to run task
[2025-04-23T15:30:01.151+0000] {standard_task_runner.py:87} INFO - Running: ['***', 'tasks', 'run', 'mymind_mongo_to_mysql_etl', 'extract_mongo_data', 'scheduled__2025-04-23T15:25:00+00:00', '--job-id', '63', '--raw', '--subdir', 'DAGS_FOLDER/mymind_etl_dag.py', '--cfg-path', '/tmp/tmplx2n_e8g']
[2025-04-23T15:30:01.153+0000] {standard_task_runner.py:88} INFO - Job 63: Subtask extract_mongo_data
[2025-04-23T15:30:01.204+0000] {task_command.py:423} INFO - Running <TaskInstance: mymind_mongo_to_mysql_etl.extract_mongo_data scheduled__2025-04-23T15:25:00+00:00 [running]> on host 64c6827685b2
[2025-04-23T15:30:01.301+0000] {taskinstance.py:2480} INFO - Exporting env vars: AIRFLOW_CTX_DAG_OWNER='***' AIRFLOW_CTX_DAG_ID='mymind_mongo_to_mysql_etl' AIRFLOW_CTX_TASK_ID='extract_mongo_data' AIRFLOW_CTX_EXECUTION_DATE='2025-04-23T15:25:00+00:00' AIRFLOW_CTX_TRY_NUMBER='1' AIRFLOW_CTX_DAG_RUN_ID='scheduled__2025-04-23T15:25:00+00:00'
[2025-04-23T15:30:01.302+0000] {mymind_etl_dag.py:59} INFO - Iniciando extracción desde MongoDB (usando MongoClient directo)...
[2025-04-23T15:30:01.303+0000] {mymind_etl_dag.py:63} INFO - Obteniendo detalles de conexión para mongo_mymind...
[2025-04-23T15:30:01.315+0000] {base.py:83} INFO - Using connection ID 'mongo_mymind' for task execution.
[2025-04-23T15:30:01.316+0000] {mymind_etl_dag.py:94} INFO - URI de MongoDB construida correctamente.
[2025-04-23T15:30:01.316+0000] {mymind_etl_dag.py:99} INFO - Timeouts - Connect: 10000ms, ServerSelect: 30000ms
[2025-04-23T15:30:01.317+0000] {mymind_etl_dag.py:102} INFO - Creando instancia de MongoClient...
[2025-04-23T15:30:01.323+0000] {warnings.py:109} WARNING - /home/***/.local/lib/python3.8/site-packages/pymongo/uri_parser.py:329: UserWarning: Unknown option: allow_insecure. Did you mean one of (tlsinsecure, tlsallowinvalidhostnames, tlsallowinvalidcertificates) or maybe a camelCase version of one? Refer to docstring.
  return get_validated_options(opts, warn)

[2025-04-23T15:30:01.584+0000] {mymind_etl_dag.py:112} INFO - Probando conexión con MongoDB (ping)...
[2025-04-23T15:30:02.723+0000] {mymind_etl_dag.py:114} INFO - Conexión a MongoDB exitosa.
[2025-04-23T15:30:02.723+0000] {mymind_etl_dag.py:119} INFO - Accediendo a DB: 'myMindDB-Users', Colección: 'users'
[2025-04-23T15:30:02.724+0000] {mymind_etl_dag.py:122} INFO - Realizando find en la colección...
[2025-04-23T15:30:02.812+0000] {mymind_etl_dag.py:142} INFO - Se extrajeron 2 documentos de MongoDB. Iniciando conversión de tipos BSON...
[2025-04-23T15:30:02.813+0000] {mymind_etl_dag.py:153} INFO - Conversión de tipos completada. 2 documentos listos para XCom.
[2025-04-23T15:30:02.813+0000] {mymind_etl_dag.py:164} INFO - Cerrando conexión MongoClient.
[2025-04-23T15:30:02.900+0000] {python.py:201} INFO - Done. Returned value was: [{'_id': 'auth0|67ec68c74000acd49b9bfec7', 'name': 'Test User', 'email': 'testuser@example.com', 'profilePic': 'https://example.com/avatar.png', 'birthdate': '2000-01-01', 'city': 'Bogotá', 'personality': 'Introvertido', 'university': 'Pontificia Universidad Javeriana', 'degree': 'Ingeniería de Sistemas', 'gender': 'Masculino', 'notifications': True, 'data_treatment': {'accept_policies': True, 'acceptance_date': '2025-04-13T01:23:00', 'acceptance_ip': '192.168.0.1', 'privacy_preferences': {'allow_anonimized_usage': True}}, 'transcriptions': [{'_id': '6803e544e79e848eb5597c54', 'date': '2025-04-19', 'time': '18:02:44', 'text': 'hoy estaba caminando me había comprado mi café para irme a clase y había una baldosa salida me tropecé me cayó el café me cayó encima me quemé entero tuve que ir al baño secarme a limpiarme llegué tarde a clase como veinte minutos sí', 'emotion': 'sadness', 'emotionProbabilities': {'joy': 0.088, 'anger': 0.0766, 'sadness': 0.2794, 'disgust': 0.1236, 'fear': 0.1729, 'neutral': 0.0675, 'surprise': 0.062, 'trust': 0.0583, 'anticipation': 0.0716}, 'sentiment': 'negative', 'sentimentProbabilities': {'positive': 0.0058, 'negative': 0.8931, 'neutral': 0.101}, 'topic': None}, {'_id': '6806c93dc256d1eab13a83c3', 'date': '2025-04-21', 'time': '22:39:57', 'text': 'hoy estaba caminando me había comprado mi café para irme a clase y había una baldosa salida me tropecé me cayó el café me cayó encima me quemé entero tuve que ir al baño secarme a limpiarme llegué tarde a clase como veinte minutos sí', 'emotion': 'sadness', 'emotionProbabilities': {'joy': 0.088, 'anger': 0.0766, 'sadness': 0.2794, 'disgust': 0.1236, 'fear': 0.1729, 'neutral': 0.0675, 'surprise': 0.062, 'trust': 0.0583, 'anticipation': 0.0716}, 'sentiment': 'negative', 'sentimentProbabilities': {'positive': 0.0058, 'negative': 0.8931, 'neutral': 0.101}, 'topic': None}, {'_id': '6806d3819cfd26402b4721ae', 'date': '2025-04-21', 'time': '18:23:45', 'text': 'hoy estaba caminando me había comprado mi café para irme a clase y había una baldosa salida me tropecé me cayó el café me cayó encima me quemé entero tuve que ir al baño secarme a limpiarme llegué tarde a clase como veinte minutos sí', 'emotion': 'sadness', 'emotionProbabilities': {'joy': 0.088, 'anger': 0.0766, 'sadness': 0.2794, 'disgust': 0.1236, 'fear': 0.1729, 'neutral': 0.0675, 'surprise': 0.062, 'trust': 0.0583, 'anticipation': 0.0716}, 'sentiment': 'negative', 'sentimentProbabilities': {'positive': 0.0058, 'negative': 0.8931, 'neutral': 0.101}, 'topic': None}]}, {'_id': 'auth0|68056efbe5667a7f08ed848a', 'name': 'Natalia Mejia', 'email': 'nataliamejia@javeriana.edu.co', 'profilePic': 'content://com.android.providers.media.documents/document/image%3A33', 'birthdate': '2025-04-08', 'city': 'Cali', 'personality': 'Introvertido', 'university': 'Javeriana', 'degree': 'Sistemas', 'gender': 'Femenino', 'notifications': True, 'data_treatment': {'accept_policies': True, 'acceptance_date': '2025-04-20T22:02:34.869000', 'acceptance_ip': '10.0.2.16', 'privacy_preferences': {'allow_anonimized_usage': True}}, 'transcriptions': []}]
[2025-04-23T15:30:02.938+0000] {taskinstance.py:1138} INFO - Marking task as SUCCESS. dag_id=mymind_mongo_to_mysql_etl, task_id=extract_mongo_data, execution_date=20250423T152500, start_date=20250423T153001, end_date=20250423T153002
[2025-04-23T15:30:02.967+0000] {local_task_job_runner.py:234} INFO - Task exited with return code 0
[2025-04-23T15:30:03.017+0000] {taskinstance.py:3280} INFO - 1 downstream tasks scheduled from follow-on schedule check
