[2025-04-27T21:30:04.827+0000] {taskinstance.py:1956} INFO - Dependencies all met for dep_context=non-requeueable deps ti=<TaskInstance: mymind_mongo_to_mysql_etl.load_mysql_data scheduled__2025-04-27T21:25:00+00:00 [queued]>
[2025-04-27T21:30:04.836+0000] {taskinstance.py:1956} INFO - Dependencies all met for dep_context=requeueable deps ti=<TaskInstance: mymind_mongo_to_mysql_etl.load_mysql_data scheduled__2025-04-27T21:25:00+00:00 [queued]>
[2025-04-27T21:30:04.837+0000] {taskinstance.py:2170} INFO - Starting attempt 1 of 2
[2025-04-27T21:30:04.849+0000] {taskinstance.py:2191} INFO - Executing <Task(_PythonDecoratedOperator): load_mysql_data> on 2025-04-27 21:25:00+00:00
[2025-04-27T21:30:04.854+0000] {standard_task_runner.py:60} INFO - Started process 3971 to run task
[2025-04-27T21:30:04.858+0000] {standard_task_runner.py:87} INFO - Running: ['***', 'tasks', 'run', 'mymind_mongo_to_mysql_etl', 'load_mysql_data', 'scheduled__2025-04-27T21:25:00+00:00', '--job-id', '3745', '--raw', '--subdir', 'DAGS_FOLDER/mymind_etl_dag.py', '--cfg-path', '/tmp/tmpezj24pwa']
[2025-04-27T21:30:04.859+0000] {standard_task_runner.py:88} INFO - Job 3745: Subtask load_mysql_data
[2025-04-27T21:30:04.913+0000] {task_command.py:423} INFO - Running <TaskInstance: mymind_mongo_to_mysql_etl.load_mysql_data scheduled__2025-04-27T21:25:00+00:00 [running]> on host 3ea385d6ee71
[2025-04-27T21:30:05.035+0000] {taskinstance.py:2480} INFO - Exporting env vars: AIRFLOW_CTX_DAG_OWNER='***' AIRFLOW_CTX_DAG_ID='mymind_mongo_to_mysql_etl' AIRFLOW_CTX_TASK_ID='load_mysql_data' AIRFLOW_CTX_EXECUTION_DATE='2025-04-27T21:25:00+00:00' AIRFLOW_CTX_TRY_NUMBER='1' AIRFLOW_CTX_DAG_RUN_ID='scheduled__2025-04-27T21:25:00+00:00'
[2025-04-27T21:30:05.036+0000] {mymind_etl_dag.py:284} INFO - Iniciando carga a MySQL: 3 usuarios, 7 transcripciones.
[2025-04-27T21:30:05.036+0000] {mymind_etl_dag.py:295} INFO - Cargando 3 usuarios en la tabla users...
[2025-04-27T21:30:05.044+0000] {base.py:83} INFO - Using connection ID 'mysql_mymind_dw' for task execution.
[2025-04-27T21:30:05.058+0000] {sql.py:547} INFO - Done loading. Loaded a total of 3 rows into users
[2025-04-27T21:30:05.058+0000] {mymind_etl_dag.py:303} INFO - Usuarios cargados exitosamente.
[2025-04-27T21:30:05.058+0000] {mymind_etl_dag.py:322} INFO - Cargando 7 transcripciones en la tabla transcriptions...
[2025-04-27T21:30:05.065+0000] {base.py:83} INFO - Using connection ID 'mysql_mymind_dw' for task execution.
[2025-04-27T21:30:05.073+0000] {sql.py:547} INFO - Done loading. Loaded a total of 7 rows into transcriptions
[2025-04-27T21:30:05.073+0000] {mymind_etl_dag.py:330} INFO - Transcripciones cargadas exitosamente.
[2025-04-27T21:30:05.074+0000] {mymind_etl_dag.py:335} INFO - Carga a MySQL completada con éxito.
[2025-04-27T21:30:05.074+0000] {python.py:201} INFO - Done. Returned value was: None
[2025-04-27T21:30:05.085+0000] {taskinstance.py:1138} INFO - Marking task as SUCCESS. dag_id=mymind_mongo_to_mysql_etl, task_id=load_mysql_data, execution_date=20250427T212500, start_date=20250427T213004, end_date=20250427T213005
[2025-04-27T21:30:05.109+0000] {local_task_job_runner.py:234} INFO - Task exited with return code 0
[2025-04-27T21:30:05.139+0000] {taskinstance.py:3280} INFO - 0 downstream tasks scheduled from follow-on schedule check
