[2025-05-12T14:46:05.910+0000] {taskinstance.py:1956} INFO - Dependencies all met for dep_context=non-requeueable deps ti=<TaskInstance: mymind_mongo_to_mysql_etl.sync_and_load_mysql scheduled__2025-05-12T06:00:00+00:00 [queued]>
[2025-05-12T14:46:05.917+0000] {taskinstance.py:1956} INFO - Dependencies all met for dep_context=requeueable deps ti=<TaskInstance: mymind_mongo_to_mysql_etl.sync_and_load_mysql scheduled__2025-05-12T06:00:00+00:00 [queued]>
[2025-05-12T14:46:05.918+0000] {taskinstance.py:2170} INFO - Starting attempt 2 of 2
[2025-05-12T14:46:05.929+0000] {taskinstance.py:2191} INFO - Executing <Task(_PythonDecoratedOperator): sync_and_load_mysql> on 2025-05-12 06:00:00+00:00
[2025-05-12T14:46:05.935+0000] {standard_task_runner.py:60} INFO - Started process 215 to run task
[2025-05-12T14:46:05.938+0000] {standard_task_runner.py:87} INFO - Running: ['***', 'tasks', 'run', 'mymind_mongo_to_mysql_etl', 'sync_and_load_mysql', 'scheduled__2025-05-12T06:00:00+00:00', '--job-id', '35936', '--raw', '--subdir', 'DAGS_FOLDER/mymind_etl_dag.py', '--cfg-path', '/tmp/tmpxzxlkb2f']
[2025-05-12T14:46:05.940+0000] {standard_task_runner.py:88} INFO - Job 35936: Subtask sync_and_load_mysql
[2025-05-12T14:46:05.990+0000] {task_command.py:423} INFO - Running <TaskInstance: mymind_mongo_to_mysql_etl.sync_and_load_mysql scheduled__2025-05-12T06:00:00+00:00 [running]> on host 404265e2b374
[2025-05-12T14:46:06.108+0000] {taskinstance.py:2480} INFO - Exporting env vars: AIRFLOW_CTX_DAG_OWNER='***' AIRFLOW_CTX_DAG_ID='mymind_mongo_to_mysql_etl' AIRFLOW_CTX_TASK_ID='sync_and_load_mysql' AIRFLOW_CTX_EXECUTION_DATE='2025-05-12T06:00:00+00:00' AIRFLOW_CTX_TRY_NUMBER='2' AIRFLOW_CTX_DAG_RUN_ID='scheduled__2025-05-12T06:00:00+00:00'
[2025-05-12T14:46:06.109+0000] {mymind_etl_dag.py:302} INFO - Iniciando sincronización y carga a MySQL: 6 usuarios, 22 transcripciones.
[2025-05-12T14:46:06.117+0000] {base.py:83} INFO - Using connection ID 'mysql_mymind_dw' for task execution.
[2025-05-12T14:46:06.128+0000] {taskinstance.py:2698} ERROR - Task failed with exception
Traceback (most recent call last):
  File "/home/airflow/.local/lib/python3.8/site-packages/airflow/models/taskinstance.py", line 433, in _execute_task
    result = execute_callable(context=context, **execute_callable_kwargs)
  File "/home/airflow/.local/lib/python3.8/site-packages/airflow/decorators/base.py", line 241, in execute
    return_value = super().execute(context)
  File "/home/airflow/.local/lib/python3.8/site-packages/airflow/operators/python.py", line 199, in execute
    return_value = self.execute_callable()
  File "/home/airflow/.local/lib/python3.8/site-packages/airflow/operators/python.py", line 216, in execute_callable
    return self.python_callable(*self.op_args, **self.op_kwargs)
  File "/opt/airflow/dags/mymind_etl_dag.py", line 306, in sync_and_load_mysql
    conn = mysql_hook.get_conn()
  File "/home/airflow/.local/lib/python3.8/site-packages/airflow/providers/mysql/hooks/mysql.py", line 195, in get_conn
    return MySQLdb.connect(**conn_config)
  File "/home/airflow/.local/lib/python3.8/site-packages/MySQLdb/__init__.py", line 121, in Connect
    return Connection(*args, **kwargs)
  File "/home/airflow/.local/lib/python3.8/site-packages/MySQLdb/connections.py", line 193, in __init__
    super().__init__(*args, **kwargs2)
MySQLdb.OperationalError: (1045, "Access denied for user '***'@'172.21.0.9' (using password: YES)")
[2025-05-12T14:46:06.136+0000] {taskinstance.py:1138} INFO - Marking task as FAILED. dag_id=mymind_mongo_to_mysql_etl, task_id=sync_and_load_mysql, execution_date=20250512T060000, start_date=20250512T144605, end_date=20250512T144606
[2025-05-12T14:46:06.151+0000] {standard_task_runner.py:107} ERROR - Failed to execute job 35936 for task sync_and_load_mysql ((1045, "Access denied for user '***'@'172.21.0.9' (using password: YES)"); 215)
[2025-05-12T14:46:06.190+0000] {local_task_job_runner.py:234} INFO - Task exited with return code 1
[2025-05-12T14:46:06.218+0000] {taskinstance.py:3280} INFO - 0 downstream tasks scheduled from follow-on schedule check
[2025-05-12T15:16:17.460+0000] {taskinstance.py:1956} INFO - Dependencies all met for dep_context=non-requeueable deps ti=<TaskInstance: mymind_mongo_to_mysql_etl.sync_and_load_mysql scheduled__2025-05-12T06:00:00+00:00 [queued]>
[2025-05-12T15:16:17.468+0000] {taskinstance.py:1956} INFO - Dependencies all met for dep_context=requeueable deps ti=<TaskInstance: mymind_mongo_to_mysql_etl.sync_and_load_mysql scheduled__2025-05-12T06:00:00+00:00 [queued]>
[2025-05-12T15:16:17.468+0000] {taskinstance.py:2170} INFO - Starting attempt 2 of 2
[2025-05-12T15:16:17.480+0000] {taskinstance.py:2191} INFO - Executing <Task(_PythonDecoratedOperator): sync_and_load_mysql> on 2025-05-12 06:00:00+00:00
[2025-05-12T15:16:17.485+0000] {standard_task_runner.py:60} INFO - Started process 92 to run task
[2025-05-12T15:16:17.488+0000] {standard_task_runner.py:87} INFO - Running: ['***', 'tasks', 'run', 'mymind_mongo_to_mysql_etl', 'sync_and_load_mysql', 'scheduled__2025-05-12T06:00:00+00:00', '--job-id', '35966', '--raw', '--subdir', 'DAGS_FOLDER/mymind_etl_dag.py', '--cfg-path', '/tmp/tmp9ry4_bsi']
[2025-05-12T15:16:17.489+0000] {standard_task_runner.py:88} INFO - Job 35966: Subtask sync_and_load_mysql
[2025-05-12T15:16:17.538+0000] {task_command.py:423} INFO - Running <TaskInstance: mymind_mongo_to_mysql_etl.sync_and_load_mysql scheduled__2025-05-12T06:00:00+00:00 [running]> on host 05e28894127a
[2025-05-12T15:16:17.640+0000] {taskinstance.py:2480} INFO - Exporting env vars: AIRFLOW_CTX_DAG_OWNER='***' AIRFLOW_CTX_DAG_ID='mymind_mongo_to_mysql_etl' AIRFLOW_CTX_TASK_ID='sync_and_load_mysql' AIRFLOW_CTX_EXECUTION_DATE='2025-05-12T06:00:00+00:00' AIRFLOW_CTX_TRY_NUMBER='2' AIRFLOW_CTX_DAG_RUN_ID='scheduled__2025-05-12T06:00:00+00:00'
[2025-05-12T15:16:17.641+0000] {mymind_etl_dag.py:302} INFO - Iniciando sincronización y carga a MySQL: 7 usuarios, 25 transcripciones.
[2025-05-12T15:16:17.651+0000] {base.py:83} INFO - Using connection ID 'mysql_mymind_dw' for task execution.
[2025-05-12T15:16:17.692+0000] {mymind_etl_dag.py:311} INFO - Obteniendo IDs actuales desde MySQL...
[2025-05-12T15:16:17.703+0000] {mymind_etl_dag.py:322} INFO - Usuarios a eliminar: 0
[2025-05-12T15:16:17.703+0000] {mymind_etl_dag.py:323} INFO - Transcripciones a eliminar: 0
[2025-05-12T15:16:17.703+0000] {mymind_etl_dag.py:356} INFO - Cargando 7 usuarios en la tabla users...
[2025-05-12T15:16:17.705+0000] {mymind_etl_dag.py:381} INFO - Usuarios cargados exitosamente.
[2025-05-12T15:16:17.705+0000] {mymind_etl_dag.py:394} INFO - Cargando 25 transcripciones en la tabla transcriptions...
[2025-05-12T15:16:17.708+0000] {mymind_etl_dag.py:424} INFO - Transcripciones cargadas exitosamente.
[2025-05-12T15:16:17.709+0000] {mymind_etl_dag.py:431} INFO - Sincronización y carga a MySQL completada con éxito.
[2025-05-12T15:16:17.709+0000] {python.py:201} INFO - Done. Returned value was: None
[2025-05-12T15:16:17.718+0000] {taskinstance.py:1138} INFO - Marking task as SUCCESS. dag_id=mymind_mongo_to_mysql_etl, task_id=sync_and_load_mysql, execution_date=20250512T060000, start_date=20250512T151617, end_date=20250512T151617
[2025-05-12T15:16:17.740+0000] {local_task_job_runner.py:234} INFO - Task exited with return code 0
[2025-05-12T15:16:17.756+0000] {taskinstance.py:3280} INFO - 0 downstream tasks scheduled from follow-on schedule check
