[2025-05-12T20:35:54.520+0000] {taskinstance.py:1956} INFO - Dependencies all met for dep_context=non-requeueable deps ti=<TaskInstance: mymind_mongo_to_mysql_etl.sync_and_load_mysql manual__2025-05-12T20:35:49.096207+00:00 [queued]>
[2025-05-12T20:35:54.529+0000] {taskinstance.py:1956} INFO - Dependencies all met for dep_context=requeueable deps ti=<TaskInstance: mymind_mongo_to_mysql_etl.sync_and_load_mysql manual__2025-05-12T20:35:49.096207+00:00 [queued]>
[2025-05-12T20:35:54.529+0000] {taskinstance.py:2170} INFO - Starting attempt 1 of 2
[2025-05-12T20:35:54.544+0000] {taskinstance.py:2191} INFO - Executing <Task(_PythonDecoratedOperator): sync_and_load_mysql> on 2025-05-12 20:35:49.096207+00:00
[2025-05-12T20:35:54.550+0000] {standard_task_runner.py:60} INFO - Started process 223 to run task
[2025-05-12T20:35:54.553+0000] {standard_task_runner.py:87} INFO - Running: ['***', 'tasks', 'run', 'mymind_mongo_to_mysql_etl', 'sync_and_load_mysql', 'manual__2025-05-12T20:35:49.096207+00:00', '--job-id', '36023', '--raw', '--subdir', 'DAGS_FOLDER/mymind_etl_dag.py', '--cfg-path', '/tmp/tmp3cux8gao']
[2025-05-12T20:35:54.555+0000] {standard_task_runner.py:88} INFO - Job 36023: Subtask sync_and_load_mysql
[2025-05-12T20:35:54.607+0000] {task_command.py:423} INFO - Running <TaskInstance: mymind_mongo_to_mysql_etl.sync_and_load_mysql manual__2025-05-12T20:35:49.096207+00:00 [running]> on host 2c8ed1353217
[2025-05-12T20:35:54.719+0000] {taskinstance.py:2480} INFO - Exporting env vars: AIRFLOW_CTX_DAG_OWNER='***' AIRFLOW_CTX_DAG_ID='mymind_mongo_to_mysql_etl' AIRFLOW_CTX_TASK_ID='sync_and_load_mysql' AIRFLOW_CTX_EXECUTION_DATE='2025-05-12T20:35:49.096207+00:00' AIRFLOW_CTX_TRY_NUMBER='1' AIRFLOW_CTX_DAG_RUN_ID='manual__2025-05-12T20:35:49.096207+00:00'
[2025-05-12T20:35:54.721+0000] {mymind_etl_dag.py:302} INFO - Iniciando sincronización y carga a MySQL: 6 usuarios, 15 transcripciones.
[2025-05-12T20:35:54.732+0000] {base.py:83} INFO - Using connection ID 'mysql_mymind_dw' for task execution.
[2025-05-12T20:35:54.772+0000] {mymind_etl_dag.py:311} INFO - Obteniendo IDs actuales desde MySQL...
[2025-05-12T20:35:54.794+0000] {mymind_etl_dag.py:322} INFO - Usuarios a eliminar: 0
[2025-05-12T20:35:54.794+0000] {mymind_etl_dag.py:323} INFO - Transcripciones a eliminar: 0
[2025-05-12T20:35:54.795+0000] {mymind_etl_dag.py:356} INFO - Cargando 6 usuarios en la tabla users...
[2025-05-12T20:35:54.796+0000] {mymind_etl_dag.py:436} ERROR - Error durante la carga a MySQL: (1290, 'The MySQL server is running with the --read-only option so it cannot execute this statement')
Traceback (most recent call last):
  File "/opt/airflow/dags/mymind_etl_dag.py", line 380, in sync_and_load_mysql
    cursor.executemany(user_sql, users_to_load)
  File "/home/airflow/.local/lib/python3.8/site-packages/MySQLdb/cursors.py", line 241, in executemany
    return self._do_execute_many(
  File "/home/airflow/.local/lib/python3.8/site-packages/MySQLdb/cursors.py", line 275, in _do_execute_many
    rows += self.execute(sql + postfix)
  File "/home/airflow/.local/lib/python3.8/site-packages/MySQLdb/cursors.py", line 179, in execute
    res = self._query(mogrified_query)
  File "/home/airflow/.local/lib/python3.8/site-packages/MySQLdb/cursors.py", line 330, in _query
    db.query(q)
  File "/home/airflow/.local/lib/python3.8/site-packages/MySQLdb/connections.py", line 257, in query
    _mysql.connection.query(self, query)
MySQLdb.OperationalError: (1290, 'The MySQL server is running with the --read-only option so it cannot execute this statement')
[2025-05-12T20:35:54.798+0000] {taskinstance.py:2698} ERROR - Task failed with exception
Traceback (most recent call last):
  File "/home/airflow/.local/lib/python3.8/site-packages/airflow/models/taskinstance.py", line 433, in _execute_task
    result = execute_callable(context=context, **execute_callable_kwargs)
  File "/home/airflow/.local/lib/python3.8/site-packages/airflow/decorators/base.py", line 241, in execute
    return_value = super().execute(context)
  File "/home/airflow/.local/lib/python3.8/site-packages/airflow/operators/python.py", line 199, in execute
    return_value = self.execute_callable()
  File "/home/airflow/.local/lib/python3.8/site-packages/airflow/operators/python.py", line 216, in execute_callable
    return self.python_callable(*self.op_args, **self.op_kwargs)
  File "/opt/airflow/dags/mymind_etl_dag.py", line 380, in sync_and_load_mysql
    cursor.executemany(user_sql, users_to_load)
  File "/home/airflow/.local/lib/python3.8/site-packages/MySQLdb/cursors.py", line 241, in executemany
    return self._do_execute_many(
  File "/home/airflow/.local/lib/python3.8/site-packages/MySQLdb/cursors.py", line 275, in _do_execute_many
    rows += self.execute(sql + postfix)
  File "/home/airflow/.local/lib/python3.8/site-packages/MySQLdb/cursors.py", line 179, in execute
    res = self._query(mogrified_query)
  File "/home/airflow/.local/lib/python3.8/site-packages/MySQLdb/cursors.py", line 330, in _query
    db.query(q)
  File "/home/airflow/.local/lib/python3.8/site-packages/MySQLdb/connections.py", line 257, in query
    _mysql.connection.query(self, query)
MySQLdb.OperationalError: (1290, 'The MySQL server is running with the --read-only option so it cannot execute this statement')
[2025-05-12T20:35:54.808+0000] {taskinstance.py:1138} INFO - Marking task as UP_FOR_RETRY. dag_id=mymind_mongo_to_mysql_etl, task_id=sync_and_load_mysql, execution_date=20250512T203549, start_date=20250512T203554, end_date=20250512T203554
[2025-05-12T20:35:54.825+0000] {standard_task_runner.py:107} ERROR - Failed to execute job 36023 for task sync_and_load_mysql ((1290, 'The MySQL server is running with the --read-only option so it cannot execute this statement'); 223)
[2025-05-12T20:35:54.845+0000] {local_task_job_runner.py:234} INFO - Task exited with return code 1
[2025-05-12T20:35:54.861+0000] {taskinstance.py:3280} INFO - 0 downstream tasks scheduled from follow-on schedule check
