[2025-05-01T22:40:59.328+0000] {taskinstance.py:1956} INFO - Dependencies all met for dep_context=non-requeueable deps ti=<TaskInstance: mymind_mongo_to_mysql_etl.identify_deleted_records scheduled__2025-05-01T22:40:51+00:00 [queued]>
[2025-05-01T22:40:59.339+0000] {taskinstance.py:1956} INFO - Dependencies all met for dep_context=requeueable deps ti=<TaskInstance: mymind_mongo_to_mysql_etl.identify_deleted_records scheduled__2025-05-01T22:40:51+00:00 [queued]>
[2025-05-01T22:40:59.339+0000] {taskinstance.py:2170} INFO - Starting attempt 1 of 2
[2025-05-01T22:40:59.362+0000] {taskinstance.py:2191} INFO - Executing <Task(_PythonDecoratedOperator): identify_deleted_records> on 2025-05-01 22:40:51+00:00
[2025-05-01T22:40:59.370+0000] {standard_task_runner.py:60} INFO - Started process 360 to run task
[2025-05-01T22:40:59.378+0000] {standard_task_runner.py:87} INFO - Running: ['***', 'tasks', 'run', 'mymind_mongo_to_mysql_etl', 'identify_deleted_records', 'scheduled__2025-05-01T22:40:51+00:00', '--job-id', '20646', '--raw', '--subdir', 'DAGS_FOLDER/mymind_etl_dag.py', '--cfg-path', '/tmp/tmpujtm8o56']
[2025-05-01T22:40:59.380+0000] {standard_task_runner.py:88} INFO - Job 20646: Subtask identify_deleted_records
[2025-05-01T22:40:59.447+0000] {task_command.py:423} INFO - Running <TaskInstance: mymind_mongo_to_mysql_etl.identify_deleted_records scheduled__2025-05-01T22:40:51+00:00 [running]> on host 486df48cccd2
[2025-05-01T22:40:59.591+0000] {taskinstance.py:2480} INFO - Exporting env vars: AIRFLOW_CTX_DAG_OWNER='***' AIRFLOW_CTX_DAG_ID='mymind_mongo_to_mysql_etl' AIRFLOW_CTX_TASK_ID='identify_deleted_records' AIRFLOW_CTX_EXECUTION_DATE='2025-05-01T22:40:51+00:00' AIRFLOW_CTX_TRY_NUMBER='1' AIRFLOW_CTX_DAG_RUN_ID='scheduled__2025-05-01T22:40:51+00:00'
[2025-05-01T22:40:59.592+0000] {mymind_etl_dag.py:340} INFO - Iniciando identificación de registros eliminados...
[2025-05-01T22:40:59.593+0000] {mymind_etl_dag.py:349} INFO - Se encontraron 4 IDs de usuario en MongoDB.
[2025-05-01T22:40:59.593+0000] {mymind_etl_dag.py:359} INFO - Se encontraron 5 IDs de transcripciones en MongoDB.
[2025-05-01T22:40:59.602+0000] {base.py:83} INFO - Using connection ID 'mysql_mymind_dw' for task execution.
[2025-05-01T22:40:59.611+0000] {sql.py:450} INFO - Running statement: SELECT user_id FROM users, parameters: None
[2025-05-01T22:40:59.612+0000] {sql.py:459} INFO - Rows affected: 6
[2025-05-01T22:40:59.612+0000] {mymind_etl_dag.py:368} INFO - Se encontraron 6 IDs de usuario en MySQL.
[2025-05-01T22:40:59.618+0000] {base.py:83} INFO - Using connection ID 'mysql_mymind_dw' for task execution.
[2025-05-01T22:40:59.620+0000] {sql.py:450} INFO - Running statement: SELECT transcription_id FROM transcriptions, parameters: None
[2025-05-01T22:40:59.620+0000] {sql.py:459} INFO - Rows affected: 7
[2025-05-01T22:40:59.621+0000] {mymind_etl_dag.py:374} INFO - Se encontraron 7 IDs de transcripciones en MySQL.
[2025-05-01T22:40:59.621+0000] {mymind_etl_dag.py:380} INFO - Se identificaron 2 usuarios para eliminar.
[2025-05-01T22:40:59.621+0000] {mymind_etl_dag.py:381} INFO - Se identificaron 2 transcripciones para eliminar.
[2025-05-01T22:40:59.622+0000] {python.py:201} INFO - Done. Returned value was: {'users_to_delete': ['auth0|680ede4858fa956bff17b646', 'auth0|69cd34ef7890abc12d3e4f56'], 'transcriptions_to_delete': ['6923a456b78c901ef123cd45', '6923b789c90d123ab456ef78']}
[2025-05-01T22:40:59.643+0000] {taskinstance.py:1138} INFO - Marking task as SUCCESS. dag_id=mymind_mongo_to_mysql_etl, task_id=identify_deleted_records, execution_date=20250501T224051, start_date=20250501T224059, end_date=20250501T224059
[2025-05-01T22:40:59.672+0000] {local_task_job_runner.py:234} INFO - Task exited with return code 0
[2025-05-01T22:40:59.699+0000] {taskinstance.py:3280} INFO - 1 downstream tasks scheduled from follow-on schedule check
