[2025-05-01T22:40:48.080+0000] {taskinstance.py:1956} INFO - Dependencies all met for dep_context=non-requeueable deps ti=<TaskInstance: mymind_mongo_to_mysql_etl.identify_deleted_records scheduled__2025-05-01T22:20:58+00:00 [queued]>
[2025-05-01T22:40:48.184+0000] {taskinstance.py:1956} INFO - Dependencies all met for dep_context=requeueable deps ti=<TaskInstance: mymind_mongo_to_mysql_etl.identify_deleted_records scheduled__2025-05-01T22:20:58+00:00 [queued]>
[2025-05-01T22:40:48.184+0000] {taskinstance.py:2170} INFO - Starting attempt 1 of 2
[2025-05-01T22:40:48.287+0000] {taskinstance.py:2191} INFO - Executing <Task(_PythonDecoratedOperator): identify_deleted_records> on 2025-05-01 22:20:58+00:00
[2025-05-01T22:40:48.342+0000] {standard_task_runner.py:87} INFO - Running: ['***', 'tasks', 'run', 'mymind_mongo_to_mysql_etl', 'identify_deleted_records', 'scheduled__2025-05-01T22:20:58+00:00', '--job-id', '20582', '--raw', '--subdir', 'DAGS_FOLDER/mymind_etl_dag.py', '--cfg-path', '/tmp/tmpebzz4kx_']
[2025-05-01T22:40:48.344+0000] {standard_task_runner.py:88} INFO - Job 20582: Subtask identify_deleted_records
[2025-05-01T22:40:48.331+0000] {standard_task_runner.py:60} INFO - Started process 187 to run task
[2025-05-01T22:40:48.477+0000] {task_command.py:423} INFO - Running <TaskInstance: mymind_mongo_to_mysql_etl.identify_deleted_records scheduled__2025-05-01T22:20:58+00:00 [running]> on host 486df48cccd2
[2025-05-01T22:40:48.815+0000] {taskinstance.py:2480} INFO - Exporting env vars: AIRFLOW_CTX_DAG_OWNER='***' AIRFLOW_CTX_DAG_ID='mymind_mongo_to_mysql_etl' AIRFLOW_CTX_TASK_ID='identify_deleted_records' AIRFLOW_CTX_EXECUTION_DATE='2025-05-01T22:20:58+00:00' AIRFLOW_CTX_TRY_NUMBER='1' AIRFLOW_CTX_DAG_RUN_ID='scheduled__2025-05-01T22:20:58+00:00'
[2025-05-01T22:40:48.818+0000] {mymind_etl_dag.py:340} INFO - Iniciando identificación de registros eliminados...
[2025-05-01T22:40:48.818+0000] {mymind_etl_dag.py:349} INFO - Se encontraron 4 IDs de usuario en MongoDB.
[2025-05-01T22:40:48.818+0000] {mymind_etl_dag.py:359} INFO - Se encontraron 5 IDs de transcripciones en MongoDB.
[2025-05-01T22:40:48.860+0000] {base.py:83} INFO - Using connection ID 'mysql_mymind_dw' for task execution.
[2025-05-01T22:40:49.005+0000] {sql.py:450} INFO - Running statement: SELECT user_id FROM users, parameters: None
[2025-05-01T22:40:49.023+0000] {sql.py:459} INFO - Rows affected: 6
[2025-05-01T22:40:49.025+0000] {mymind_etl_dag.py:368} INFO - Se encontraron 6 IDs de usuario en MySQL.
[2025-05-01T22:40:49.041+0000] {base.py:83} INFO - Using connection ID 'mysql_mymind_dw' for task execution.
[2025-05-01T22:40:49.046+0000] {sql.py:450} INFO - Running statement: SELECT transcription_id FROM transcriptions, parameters: None
[2025-05-01T22:40:49.049+0000] {sql.py:459} INFO - Rows affected: 7
[2025-05-01T22:40:49.049+0000] {mymind_etl_dag.py:374} INFO - Se encontraron 7 IDs de transcripciones en MySQL.
[2025-05-01T22:40:49.050+0000] {mymind_etl_dag.py:380} INFO - Se identificaron 2 usuarios para eliminar.
[2025-05-01T22:40:49.050+0000] {mymind_etl_dag.py:381} INFO - Se identificaron 2 transcripciones para eliminar.
[2025-05-01T22:40:49.050+0000] {python.py:201} INFO - Done. Returned value was: {'users_to_delete': ['auth0|680ede4858fa956bff17b646', 'auth0|69cd34ef7890abc12d3e4f56'], 'transcriptions_to_delete': ['6923a456b78c901ef123cd45', '6923b789c90d123ab456ef78']}
[2025-05-01T22:40:49.089+0000] {taskinstance.py:1138} INFO - Marking task as SUCCESS. dag_id=mymind_mongo_to_mysql_etl, task_id=identify_deleted_records, execution_date=20250501T222058, start_date=20250501T224048, end_date=20250501T224049
[2025-05-01T22:40:49.151+0000] {local_task_job_runner.py:234} INFO - Task exited with return code 0
[2025-05-01T22:40:49.301+0000] {taskinstance.py:3280} INFO - 1 downstream tasks scheduled from follow-on schedule check
