[2025-05-04T20:51:04.621+0000] {taskinstance.py:1956} INFO - Dependencies all met for dep_context=non-requeueable deps ti=<TaskInstance: mymind_mongo_to_mysql_etl.load_mysql_data scheduled__2025-05-04T20:50:00+00:00 [queued]>
[2025-05-04T20:51:04.628+0000] {taskinstance.py:1956} INFO - Dependencies all met for dep_context=requeueable deps ti=<TaskInstance: mymind_mongo_to_mysql_etl.load_mysql_data scheduled__2025-05-04T20:50:00+00:00 [queued]>
[2025-05-04T20:51:04.629+0000] {taskinstance.py:2170} INFO - Starting attempt 1 of 2
[2025-05-04T20:51:04.642+0000] {taskinstance.py:2191} INFO - Executing <Task(_PythonDecoratedOperator): load_mysql_data> on 2025-05-04 20:50:00+00:00
[2025-05-04T20:51:04.647+0000] {standard_task_runner.py:60} INFO - Started process 2961 to run task
[2025-05-04T20:51:04.651+0000] {standard_task_runner.py:87} INFO - Running: ['***', 'tasks', 'run', 'mymind_mongo_to_mysql_etl', 'load_mysql_data', 'scheduled__2025-05-04T20:50:00+00:00', '--job-id', '27527', '--raw', '--subdir', 'DAGS_FOLDER/mymind_etl_dag.py', '--cfg-path', '/tmp/tmpnvi4_i6i']
[2025-05-04T20:51:04.652+0000] {standard_task_runner.py:88} INFO - Job 27527: Subtask load_mysql_data
[2025-05-04T20:51:04.704+0000] {task_command.py:423} INFO - Running <TaskInstance: mymind_mongo_to_mysql_etl.load_mysql_data scheduled__2025-05-04T20:50:00+00:00 [running]> on host 9548ec498b56
[2025-05-04T20:51:04.800+0000] {taskinstance.py:2480} INFO - Exporting env vars: AIRFLOW_CTX_DAG_OWNER='***' AIRFLOW_CTX_DAG_ID='mymind_mongo_to_mysql_etl' AIRFLOW_CTX_TASK_ID='load_mysql_data' AIRFLOW_CTX_EXECUTION_DATE='2025-05-04T20:50:00+00:00' AIRFLOW_CTX_TRY_NUMBER='1' AIRFLOW_CTX_DAG_RUN_ID='scheduled__2025-05-04T20:50:00+00:00'
[2025-05-04T20:51:04.801+0000] {mymind_etl_dag.py:285} INFO - Iniciando carga a MySQL: 4 usuarios, 18 transcripciones.
[2025-05-04T20:51:04.809+0000] {base.py:83} INFO - Using connection ID 'mysql_mymind_dw' for task execution.
[2025-05-04T20:51:04.816+0000] {mymind_etl_dag.py:304} INFO - Cargando 4 usuarios en la tabla users...
[2025-05-04T20:51:04.817+0000] {mymind_etl_dag.py:329} INFO - Usuarios cargados exitosamente.
[2025-05-04T20:51:04.818+0000] {mymind_etl_dag.py:342} INFO - Cargando 18 transcripciones en la tabla transcriptions...
[2025-05-04T20:51:04.819+0000] {mymind_etl_dag.py:372} INFO - Transcripciones cargadas exitosamente.
[2025-05-04T20:51:04.820+0000] {mymind_etl_dag.py:379} INFO - Carga a MySQL completada con éxito.
[2025-05-04T20:51:04.820+0000] {python.py:201} INFO - Done. Returned value was: None
[2025-05-04T20:51:04.828+0000] {taskinstance.py:1138} INFO - Marking task as SUCCESS. dag_id=mymind_mongo_to_mysql_etl, task_id=load_mysql_data, execution_date=20250504T205000, start_date=20250504T205104, end_date=20250504T205104
[2025-05-04T20:51:04.862+0000] {local_task_job_runner.py:234} INFO - Task exited with return code 0
[2025-05-04T20:51:04.884+0000] {taskinstance.py:3280} INFO - 0 downstream tasks scheduled from follow-on schedule check
