[2025-04-29T21:21:01.429+0000] {taskinstance.py:1956} INFO - Dependencies all met for dep_context=non-requeueable deps ti=<TaskInstance: mymind_mongo_to_mysql_etl.load_mysql_data scheduled__2025-04-29T21:20:54+00:00 [queued]>
[2025-04-29T21:21:01.442+0000] {taskinstance.py:1956} INFO - Dependencies all met for dep_context=requeueable deps ti=<TaskInstance: mymind_mongo_to_mysql_etl.load_mysql_data scheduled__2025-04-29T21:20:54+00:00 [queued]>
[2025-04-29T21:21:01.443+0000] {taskinstance.py:2170} INFO - Starting attempt 1 of 2
[2025-04-29T21:21:01.455+0000] {taskinstance.py:2191} INFO - Executing <Task(_PythonDecoratedOperator): load_mysql_data> on 2025-04-29 21:20:54+00:00
[2025-04-29T21:21:01.462+0000] {standard_task_runner.py:60} INFO - Started process 5292 to run task
[2025-04-29T21:21:01.466+0000] {standard_task_runner.py:87} INFO - Running: ['***', 'tasks', 'run', 'mymind_mongo_to_mysql_etl', 'load_mysql_data', 'scheduled__2025-04-29T21:20:54+00:00', '--job-id', '19669', '--raw', '--subdir', 'DAGS_FOLDER/mymind_etl_dag.py', '--cfg-path', '/tmp/tmp0uelhnxi']
[2025-04-29T21:21:01.468+0000] {standard_task_runner.py:88} INFO - Job 19669: Subtask load_mysql_data
[2025-04-29T21:21:01.530+0000] {task_command.py:423} INFO - Running <TaskInstance: mymind_mongo_to_mysql_etl.load_mysql_data scheduled__2025-04-29T21:20:54+00:00 [running]> on host d10170178d9f
[2025-04-29T21:21:01.652+0000] {taskinstance.py:2480} INFO - Exporting env vars: AIRFLOW_CTX_DAG_OWNER='***' AIRFLOW_CTX_DAG_ID='mymind_mongo_to_mysql_etl' AIRFLOW_CTX_TASK_ID='load_mysql_data' AIRFLOW_CTX_EXECUTION_DATE='2025-04-29T21:20:54+00:00' AIRFLOW_CTX_TRY_NUMBER='1' AIRFLOW_CTX_DAG_RUN_ID='scheduled__2025-04-29T21:20:54+00:00'
[2025-04-29T21:21:01.654+0000] {mymind_etl_dag.py:284} INFO - Iniciando carga a MySQL: 5 usuarios, 9 transcripciones.
[2025-04-29T21:21:01.654+0000] {mymind_etl_dag.py:295} INFO - Cargando 5 usuarios en la tabla users...
[2025-04-29T21:21:01.663+0000] {base.py:83} INFO - Using connection ID 'mysql_mymind_dw' for task execution.
[2025-04-29T21:21:01.679+0000] {sql.py:547} INFO - Done loading. Loaded a total of 5 rows into users
[2025-04-29T21:21:01.679+0000] {mymind_etl_dag.py:303} INFO - Usuarios cargados exitosamente.
[2025-04-29T21:21:01.680+0000] {mymind_etl_dag.py:322} INFO - Cargando 9 transcripciones en la tabla transcriptions...
[2025-04-29T21:21:01.688+0000] {base.py:83} INFO - Using connection ID 'mysql_mymind_dw' for task execution.
[2025-04-29T21:21:01.697+0000] {sql.py:547} INFO - Done loading. Loaded a total of 9 rows into transcriptions
[2025-04-29T21:21:01.698+0000] {mymind_etl_dag.py:330} INFO - Transcripciones cargadas exitosamente.
[2025-04-29T21:21:01.698+0000] {mymind_etl_dag.py:335} INFO - Carga a MySQL completada con éxito.
[2025-04-29T21:21:01.698+0000] {python.py:201} INFO - Done. Returned value was: None
[2025-04-29T21:21:01.710+0000] {taskinstance.py:1138} INFO - Marking task as SUCCESS. dag_id=mymind_mongo_to_mysql_etl, task_id=load_mysql_data, execution_date=20250429T212054, start_date=20250429T212101, end_date=20250429T212101
[2025-04-29T21:21:01.759+0000] {local_task_job_runner.py:234} INFO - Task exited with return code 0
[2025-04-29T21:21:01.776+0000] {taskinstance.py:3280} INFO - 0 downstream tasks scheduled from follow-on schedule check
