[2025-05-01T22:40:59.068+0000] {taskinstance.py:1956} INFO - Dependencies all met for dep_context=non-requeueable deps ti=<TaskInstance: mymind_mongo_to_mysql_etl.load_mysql_data scheduled__2025-05-01T22:40:50+00:00 [queued]>
[2025-05-01T22:40:59.081+0000] {taskinstance.py:1956} INFO - Dependencies all met for dep_context=requeueable deps ti=<TaskInstance: mymind_mongo_to_mysql_etl.load_mysql_data scheduled__2025-05-01T22:40:50+00:00 [queued]>
[2025-05-01T22:40:59.082+0000] {taskinstance.py:2170} INFO - Starting attempt 1 of 2
[2025-05-01T22:40:59.106+0000] {taskinstance.py:2191} INFO - Executing <Task(_PythonDecoratedOperator): load_mysql_data> on 2025-05-01 22:40:50+00:00
[2025-05-01T22:40:59.113+0000] {standard_task_runner.py:60} INFO - Started process 356 to run task
[2025-05-01T22:40:59.118+0000] {standard_task_runner.py:87} INFO - Running: ['***', 'tasks', 'run', 'mymind_mongo_to_mysql_etl', 'load_mysql_data', 'scheduled__2025-05-01T22:40:50+00:00', '--job-id', '20643', '--raw', '--subdir', 'DAGS_FOLDER/mymind_etl_dag.py', '--cfg-path', '/tmp/tmpnccxhxyr']
[2025-05-01T22:40:59.120+0000] {standard_task_runner.py:88} INFO - Job 20643: Subtask load_mysql_data
[2025-05-01T22:40:59.217+0000] {task_command.py:423} INFO - Running <TaskInstance: mymind_mongo_to_mysql_etl.load_mysql_data scheduled__2025-05-01T22:40:50+00:00 [running]> on host 486df48cccd2
[2025-05-01T22:40:59.400+0000] {taskinstance.py:2480} INFO - Exporting env vars: AIRFLOW_CTX_DAG_OWNER='***' AIRFLOW_CTX_DAG_ID='mymind_mongo_to_mysql_etl' AIRFLOW_CTX_TASK_ID='load_mysql_data' AIRFLOW_CTX_EXECUTION_DATE='2025-05-01T22:40:50+00:00' AIRFLOW_CTX_TRY_NUMBER='1' AIRFLOW_CTX_DAG_RUN_ID='scheduled__2025-05-01T22:40:50+00:00'
[2025-05-01T22:40:59.402+0000] {mymind_etl_dag.py:282} INFO - Iniciando carga a MySQL: 4 usuarios, 5 transcripciones.
[2025-05-01T22:40:59.402+0000] {mymind_etl_dag.py:293} INFO - Cargando 4 usuarios en la tabla users...
[2025-05-01T22:40:59.415+0000] {base.py:83} INFO - Using connection ID 'mysql_mymind_dw' for task execution.
[2025-05-01T22:40:59.432+0000] {sql.py:547} INFO - Done loading. Loaded a total of 4 rows into users
[2025-05-01T22:40:59.433+0000] {mymind_etl_dag.py:301} INFO - Usuarios cargados exitosamente.
[2025-05-01T22:40:59.433+0000] {mymind_etl_dag.py:320} INFO - Cargando 5 transcripciones en la tabla transcriptions...
[2025-05-01T22:40:59.443+0000] {base.py:83} INFO - Using connection ID 'mysql_mymind_dw' for task execution.
[2025-05-01T22:40:59.454+0000] {sql.py:547} INFO - Done loading. Loaded a total of 5 rows into transcriptions
[2025-05-01T22:40:59.455+0000] {mymind_etl_dag.py:328} INFO - Transcripciones cargadas exitosamente.
[2025-05-01T22:40:59.455+0000] {mymind_etl_dag.py:333} INFO - Carga a MySQL completada con éxito.
[2025-05-01T22:40:59.455+0000] {python.py:201} INFO - Done. Returned value was: None
[2025-05-01T22:40:59.466+0000] {taskinstance.py:1138} INFO - Marking task as SUCCESS. dag_id=mymind_mongo_to_mysql_etl, task_id=load_mysql_data, execution_date=20250501T224050, start_date=20250501T224059, end_date=20250501T224059
[2025-05-01T22:40:59.492+0000] {local_task_job_runner.py:234} INFO - Task exited with return code 0
[2025-05-01T22:40:59.517+0000] {taskinstance.py:3280} INFO - 0 downstream tasks scheduled from follow-on schedule check
