[2025-04-18T00:00:05.023+0000] {taskinstance.py:1956} INFO - Dependencies all met for dep_context=non-requeueable deps ti=<TaskInstance: mymind_mongo_to_mysql_etl.load_mysql_data scheduled__2025-04-17T00:00:00+00:00 [queued]>
[2025-04-18T00:00:05.032+0000] {taskinstance.py:1956} INFO - Dependencies all met for dep_context=requeueable deps ti=<TaskInstance: mymind_mongo_to_mysql_etl.load_mysql_data scheduled__2025-04-17T00:00:00+00:00 [queued]>
[2025-04-18T00:00:05.032+0000] {taskinstance.py:2170} INFO - Starting attempt 1 of 2
[2025-04-18T00:00:05.048+0000] {taskinstance.py:2191} INFO - Executing <Task(_PythonDecoratedOperator): load_mysql_data> on 2025-04-17 00:00:00+00:00
[2025-04-18T00:00:05.053+0000] {standard_task_runner.py:60} INFO - Started process 46614 to run task
[2025-04-18T00:00:05.057+0000] {standard_task_runner.py:87} INFO - Running: ['***', 'tasks', 'run', 'mymind_mongo_to_mysql_etl', 'load_mysql_data', 'scheduled__2025-04-17T00:00:00+00:00', '--job-id', '31', '--raw', '--subdir', 'DAGS_FOLDER/mymind_etl_dag.py', '--cfg-path', '/tmp/tmpdkygblp6']
[2025-04-18T00:00:05.058+0000] {standard_task_runner.py:88} INFO - Job 31: Subtask load_mysql_data
[2025-04-18T00:00:05.108+0000] {task_command.py:423} INFO - Running <TaskInstance: mymind_mongo_to_mysql_etl.load_mysql_data scheduled__2025-04-17T00:00:00+00:00 [running]> on host 64c6827685b2
[2025-04-18T00:00:05.226+0000] {taskinstance.py:2480} INFO - Exporting env vars: AIRFLOW_CTX_DAG_OWNER='***' AIRFLOW_CTX_DAG_ID='mymind_mongo_to_mysql_etl' AIRFLOW_CTX_TASK_ID='load_mysql_data' AIRFLOW_CTX_EXECUTION_DATE='2025-04-17T00:00:00+00:00' AIRFLOW_CTX_TRY_NUMBER='1' AIRFLOW_CTX_DAG_RUN_ID='scheduled__2025-04-17T00:00:00+00:00'
[2025-04-18T00:00:05.227+0000] {logging_mixin.py:188} INFO - Iniciando carga a MySQL: 4 usuarios, 7 transcripciones.
[2025-04-18T00:00:05.227+0000] {logging_mixin.py:188} INFO - Cargando 4 usuarios en la tabla users...
[2025-04-18T00:00:05.238+0000] {base.py:83} INFO - Using connection ID 'mysql_mymind_dw' for task execution.
[2025-04-18T00:00:05.256+0000] {sql.py:547} INFO - Done loading. Loaded a total of 4 rows into users
[2025-04-18T00:00:05.257+0000] {logging_mixin.py:188} INFO - Usuarios cargados.
[2025-04-18T00:00:05.257+0000] {logging_mixin.py:188} INFO - Cargando 7 transcripciones en la tabla transcriptions...
[2025-04-18T00:00:05.265+0000] {base.py:83} INFO - Using connection ID 'mysql_mymind_dw' for task execution.
[2025-04-18T00:00:05.272+0000] {sql.py:547} INFO - Done loading. Loaded a total of 7 rows into transcriptions
[2025-04-18T00:00:05.273+0000] {logging_mixin.py:188} INFO - Transcripciones cargadas.
[2025-04-18T00:00:05.273+0000] {logging_mixin.py:188} INFO - Carga a MySQL completada.
[2025-04-18T00:00:05.274+0000] {python.py:201} INFO - Done. Returned value was: None
[2025-04-18T00:00:05.285+0000] {taskinstance.py:1138} INFO - Marking task as SUCCESS. dag_id=mymind_mongo_to_mysql_etl, task_id=load_mysql_data, execution_date=20250417T000000, start_date=20250418T000005, end_date=20250418T000005
[2025-04-18T00:00:05.308+0000] {local_task_job_runner.py:234} INFO - Task exited with return code 0
[2025-04-18T00:00:05.337+0000] {taskinstance.py:3280} INFO - 0 downstream tasks scheduled from follow-on schedule check
