[2025-05-12T20:21:14.843+0000] {taskinstance.py:1956} INFO - Dependencies all met for dep_context=non-requeueable deps ti=<TaskInstance: mymind_mongo_to_mysql_etl.sync_and_load_mysql manual__2025-05-12T20:21:08+00:00 [queued]>
[2025-05-12T20:21:14.851+0000] {taskinstance.py:1956} INFO - Dependencies all met for dep_context=requeueable deps ti=<TaskInstance: mymind_mongo_to_mysql_etl.sync_and_load_mysql manual__2025-05-12T20:21:08+00:00 [queued]>
[2025-05-12T20:21:14.852+0000] {taskinstance.py:2170} INFO - Starting attempt 1 of 2
[2025-05-12T20:21:14.866+0000] {taskinstance.py:2191} INFO - Executing <Task(_PythonDecoratedOperator): sync_and_load_mysql> on 2025-05-12 20:21:08+00:00
[2025-05-12T20:21:14.871+0000] {standard_task_runner.py:60} INFO - Started process 4832 to run task
[2025-05-12T20:21:14.875+0000] {standard_task_runner.py:87} INFO - Running: ['***', 'tasks', 'run', 'mymind_mongo_to_mysql_etl', 'sync_and_load_mysql', 'manual__2025-05-12T20:21:08+00:00', '--job-id', '36015', '--raw', '--subdir', 'DAGS_FOLDER/mymind_etl_dag.py', '--cfg-path', '/tmp/tmpg5c6yo21']
[2025-05-12T20:21:14.876+0000] {standard_task_runner.py:88} INFO - Job 36015: Subtask sync_and_load_mysql
[2025-05-12T20:21:14.928+0000] {task_command.py:423} INFO - Running <TaskInstance: mymind_mongo_to_mysql_etl.sync_and_load_mysql manual__2025-05-12T20:21:08+00:00 [running]> on host 05e28894127a
[2025-05-12T20:21:15.043+0000] {taskinstance.py:2480} INFO - Exporting env vars: AIRFLOW_CTX_DAG_OWNER='***' AIRFLOW_CTX_DAG_ID='mymind_mongo_to_mysql_etl' AIRFLOW_CTX_TASK_ID='sync_and_load_mysql' AIRFLOW_CTX_EXECUTION_DATE='2025-05-12T20:21:08+00:00' AIRFLOW_CTX_TRY_NUMBER='1' AIRFLOW_CTX_DAG_RUN_ID='manual__2025-05-12T20:21:08+00:00'
[2025-05-12T20:21:15.044+0000] {mymind_etl_dag.py:302} INFO - Iniciando sincronización y carga a MySQL: 6 usuarios, 14 transcripciones.
[2025-05-12T20:21:15.055+0000] {base.py:83} INFO - Using connection ID 'mysql_mymind_dw' for task execution.
[2025-05-12T20:21:15.065+0000] {mymind_etl_dag.py:311} INFO - Obteniendo IDs actuales desde MySQL...
[2025-05-12T20:21:15.066+0000] {mymind_etl_dag.py:322} INFO - Usuarios a eliminar: 6
[2025-05-12T20:21:15.066+0000] {mymind_etl_dag.py:323} INFO - Transcripciones a eliminar: 1
[2025-05-12T20:21:15.067+0000] {mymind_etl_dag.py:333} INFO - Se eliminaron 1 transcripciones obsoletas.
[2025-05-12T20:21:15.068+0000] {mymind_etl_dag.py:341} INFO - Se eliminaron 0 transcripciones de usuarios obsoletos.
[2025-05-12T20:21:15.069+0000] {mymind_etl_dag.py:346} INFO - Se eliminaron 6 usuarios obsoletos.
[2025-05-12T20:21:15.070+0000] {mymind_etl_dag.py:356} INFO - Cargando 6 usuarios en la tabla users...
[2025-05-12T20:21:15.071+0000] {mymind_etl_dag.py:381} INFO - Usuarios cargados exitosamente.
[2025-05-12T20:21:15.071+0000] {mymind_etl_dag.py:394} INFO - Cargando 14 transcripciones en la tabla transcriptions...
[2025-05-12T20:21:15.074+0000] {mymind_etl_dag.py:424} INFO - Transcripciones cargadas exitosamente.
[2025-05-12T20:21:15.076+0000] {mymind_etl_dag.py:431} INFO - Sincronización y carga a MySQL completada con éxito.
[2025-05-12T20:21:15.076+0000] {python.py:201} INFO - Done. Returned value was: None
[2025-05-12T20:21:15.088+0000] {taskinstance.py:1138} INFO - Marking task as SUCCESS. dag_id=mymind_mongo_to_mysql_etl, task_id=sync_and_load_mysql, execution_date=20250512T202108, start_date=20250512T202114, end_date=20250512T202115
[2025-05-12T20:21:15.127+0000] {local_task_job_runner.py:234} INFO - Task exited with return code 0
[2025-05-12T20:21:15.159+0000] {taskinstance.py:3280} INFO - 0 downstream tasks scheduled from follow-on schedule check
