[2025-05-01T22:41:01.021+0000] {taskinstance.py:1956} INFO - Dependencies all met for dep_context=non-requeueable deps ti=<TaskInstance: mymind_mongo_to_mysql_etl.load_mysql_data scheduled__2025-05-01T22:40:52+00:00 [queued]>
[2025-05-01T22:41:01.032+0000] {taskinstance.py:1956} INFO - Dependencies all met for dep_context=requeueable deps ti=<TaskInstance: mymind_mongo_to_mysql_etl.load_mysql_data scheduled__2025-05-01T22:40:52+00:00 [queued]>
[2025-05-01T22:41:01.032+0000] {taskinstance.py:2170} INFO - Starting attempt 1 of 2
[2025-05-01T22:41:01.048+0000] {taskinstance.py:2191} INFO - Executing <Task(_PythonDecoratedOperator): load_mysql_data> on 2025-05-01 22:40:52+00:00
[2025-05-01T22:41:01.055+0000] {standard_task_runner.py:60} INFO - Started process 370 to run task
[2025-05-01T22:41:01.060+0000] {standard_task_runner.py:87} INFO - Running: ['***', 'tasks', 'run', 'mymind_mongo_to_mysql_etl', 'load_mysql_data', 'scheduled__2025-05-01T22:40:52+00:00', '--job-id', '20652', '--raw', '--subdir', 'DAGS_FOLDER/mymind_etl_dag.py', '--cfg-path', '/tmp/tmp09wtmb5f']
[2025-05-01T22:41:01.062+0000] {standard_task_runner.py:88} INFO - Job 20652: Subtask load_mysql_data
[2025-05-01T22:41:01.113+0000] {task_command.py:423} INFO - Running <TaskInstance: mymind_mongo_to_mysql_etl.load_mysql_data scheduled__2025-05-01T22:40:52+00:00 [running]> on host 486df48cccd2
[2025-05-01T22:41:01.226+0000] {taskinstance.py:2480} INFO - Exporting env vars: AIRFLOW_CTX_DAG_OWNER='***' AIRFLOW_CTX_DAG_ID='mymind_mongo_to_mysql_etl' AIRFLOW_CTX_TASK_ID='load_mysql_data' AIRFLOW_CTX_EXECUTION_DATE='2025-05-01T22:40:52+00:00' AIRFLOW_CTX_TRY_NUMBER='1' AIRFLOW_CTX_DAG_RUN_ID='scheduled__2025-05-01T22:40:52+00:00'
[2025-05-01T22:41:01.227+0000] {mymind_etl_dag.py:282} INFO - Iniciando carga a MySQL: 4 usuarios, 5 transcripciones.
[2025-05-01T22:41:01.228+0000] {mymind_etl_dag.py:293} INFO - Cargando 4 usuarios en la tabla users...
[2025-05-01T22:41:01.238+0000] {base.py:83} INFO - Using connection ID 'mysql_mymind_dw' for task execution.
[2025-05-01T22:41:01.254+0000] {sql.py:547} INFO - Done loading. Loaded a total of 4 rows into users
[2025-05-01T22:41:01.254+0000] {mymind_etl_dag.py:301} INFO - Usuarios cargados exitosamente.
[2025-05-01T22:41:01.254+0000] {mymind_etl_dag.py:320} INFO - Cargando 5 transcripciones en la tabla transcriptions...
[2025-05-01T22:41:01.261+0000] {base.py:83} INFO - Using connection ID 'mysql_mymind_dw' for task execution.
[2025-05-01T22:41:01.265+0000] {sql.py:547} INFO - Done loading. Loaded a total of 5 rows into transcriptions
[2025-05-01T22:41:01.265+0000] {mymind_etl_dag.py:328} INFO - Transcripciones cargadas exitosamente.
[2025-05-01T22:41:01.266+0000] {mymind_etl_dag.py:333} INFO - Carga a MySQL completada con éxito.
[2025-05-01T22:41:01.266+0000] {python.py:201} INFO - Done. Returned value was: None
[2025-05-01T22:41:01.275+0000] {taskinstance.py:1138} INFO - Marking task as SUCCESS. dag_id=mymind_mongo_to_mysql_etl, task_id=load_mysql_data, execution_date=20250501T224052, start_date=20250501T224101, end_date=20250501T224101
[2025-05-01T22:41:01.311+0000] {local_task_job_runner.py:234} INFO - Task exited with return code 0
[2025-05-01T22:41:01.330+0000] {taskinstance.py:3280} INFO - 0 downstream tasks scheduled from follow-on schedule check
