[2025-04-23T20:15:04.088+0000] {taskinstance.py:1956} INFO - Dependencies all met for dep_context=non-requeueable deps ti=<TaskInstance: mymind_mongo_to_mysql_etl.load_mysql_data scheduled__2025-04-23T20:10:00+00:00 [queued]>
[2025-04-23T20:15:04.097+0000] {taskinstance.py:1956} INFO - Dependencies all met for dep_context=requeueable deps ti=<TaskInstance: mymind_mongo_to_mysql_etl.load_mysql_data scheduled__2025-04-23T20:10:00+00:00 [queued]>
[2025-04-23T20:15:04.098+0000] {taskinstance.py:2170} INFO - Starting attempt 1 of 2
[2025-04-23T20:15:04.113+0000] {taskinstance.py:2191} INFO - Executing <Task(_PythonDecoratedOperator): load_mysql_data> on 2025-04-23 20:10:00+00:00
[2025-04-23T20:15:04.118+0000] {standard_task_runner.py:60} INFO - Started process 6493 to run task
[2025-04-23T20:15:04.122+0000] {standard_task_runner.py:87} INFO - Running: ['***', 'tasks', 'run', 'mymind_mongo_to_mysql_etl', 'load_mysql_data', 'scheduled__2025-04-23T20:10:00+00:00', '--job-id', '236', '--raw', '--subdir', 'DAGS_FOLDER/mymind_etl_dag.py', '--cfg-path', '/tmp/tmpfgz1dmbw']
[2025-04-23T20:15:04.123+0000] {standard_task_runner.py:88} INFO - Job 236: Subtask load_mysql_data
[2025-04-23T20:15:04.188+0000] {task_command.py:423} INFO - Running <TaskInstance: mymind_mongo_to_mysql_etl.load_mysql_data scheduled__2025-04-23T20:10:00+00:00 [running]> on host 64c6827685b2
[2025-04-23T20:15:04.312+0000] {taskinstance.py:2480} INFO - Exporting env vars: AIRFLOW_CTX_DAG_OWNER='***' AIRFLOW_CTX_DAG_ID='mymind_mongo_to_mysql_etl' AIRFLOW_CTX_TASK_ID='load_mysql_data' AIRFLOW_CTX_EXECUTION_DATE='2025-04-23T20:10:00+00:00' AIRFLOW_CTX_TRY_NUMBER='1' AIRFLOW_CTX_DAG_RUN_ID='scheduled__2025-04-23T20:10:00+00:00'
[2025-04-23T20:15:04.314+0000] {mymind_etl_dag.py:284} INFO - Iniciando carga a MySQL: 3 usuarios, 5 transcripciones.
[2025-04-23T20:15:04.314+0000] {mymind_etl_dag.py:295} INFO - Cargando 3 usuarios en la tabla users...
[2025-04-23T20:15:04.325+0000] {base.py:83} INFO - Using connection ID 'mysql_mymind_dw' for task execution.
[2025-04-23T20:15:04.341+0000] {sql.py:547} INFO - Done loading. Loaded a total of 3 rows into users
[2025-04-23T20:15:04.341+0000] {mymind_etl_dag.py:303} INFO - Usuarios cargados exitosamente.
[2025-04-23T20:15:04.341+0000] {mymind_etl_dag.py:322} INFO - Cargando 5 transcripciones en la tabla transcriptions...
[2025-04-23T20:15:04.349+0000] {base.py:83} INFO - Using connection ID 'mysql_mymind_dw' for task execution.
[2025-04-23T20:15:04.356+0000] {sql.py:547} INFO - Done loading. Loaded a total of 5 rows into transcriptions
[2025-04-23T20:15:04.356+0000] {mymind_etl_dag.py:330} INFO - Transcripciones cargadas exitosamente.
[2025-04-23T20:15:04.356+0000] {mymind_etl_dag.py:335} INFO - Carga a MySQL completada con éxito.
[2025-04-23T20:15:04.357+0000] {python.py:201} INFO - Done. Returned value was: None
[2025-04-23T20:15:04.367+0000] {taskinstance.py:1138} INFO - Marking task as SUCCESS. dag_id=mymind_mongo_to_mysql_etl, task_id=load_mysql_data, execution_date=20250423T201000, start_date=20250423T201504, end_date=20250423T201504
[2025-04-23T20:15:04.414+0000] {local_task_job_runner.py:234} INFO - Task exited with return code 0
[2025-04-23T20:15:04.443+0000] {taskinstance.py:3280} INFO - 0 downstream tasks scheduled from follow-on schedule check
