[2025-05-12T00:07:58.804+0000] {taskinstance.py:1956} INFO - Dependencies all met for dep_context=non-requeueable deps ti=<TaskInstance: mymind_mongo_to_mysql_etl.sync_and_load_mysql manual__2025-05-12T00:07:54+00:00 [queued]>
[2025-05-12T00:07:58.814+0000] {taskinstance.py:1956} INFO - Dependencies all met for dep_context=requeueable deps ti=<TaskInstance: mymind_mongo_to_mysql_etl.sync_and_load_mysql manual__2025-05-12T00:07:54+00:00 [queued]>
[2025-05-12T00:07:58.814+0000] {taskinstance.py:2170} INFO - Starting attempt 1 of 2
[2025-05-12T00:07:58.829+0000] {taskinstance.py:2191} INFO - Executing <Task(_PythonDecoratedOperator): sync_and_load_mysql> on 2025-05-12 00:07:54+00:00
[2025-05-12T00:07:58.835+0000] {standard_task_runner.py:60} INFO - Started process 23598 to run task
[2025-05-12T00:07:58.839+0000] {standard_task_runner.py:87} INFO - Running: ['***', 'tasks', 'run', 'mymind_mongo_to_mysql_etl', 'sync_and_load_mysql', 'manual__2025-05-12T00:07:54+00:00', '--job-id', '35925', '--raw', '--subdir', 'DAGS_FOLDER/mymind_etl_dag.py', '--cfg-path', '/tmp/tmp125scww7']
[2025-05-12T00:07:58.840+0000] {standard_task_runner.py:88} INFO - Job 35925: Subtask sync_and_load_mysql
[2025-05-12T00:07:58.897+0000] {task_command.py:423} INFO - Running <TaskInstance: mymind_mongo_to_mysql_etl.sync_and_load_mysql manual__2025-05-12T00:07:54+00:00 [running]> on host 981be75c8797
[2025-05-12T00:07:59.013+0000] {taskinstance.py:2480} INFO - Exporting env vars: AIRFLOW_CTX_DAG_OWNER='***' AIRFLOW_CTX_DAG_ID='mymind_mongo_to_mysql_etl' AIRFLOW_CTX_TASK_ID='sync_and_load_mysql' AIRFLOW_CTX_EXECUTION_DATE='2025-05-12T00:07:54+00:00' AIRFLOW_CTX_TRY_NUMBER='1' AIRFLOW_CTX_DAG_RUN_ID='manual__2025-05-12T00:07:54+00:00'
[2025-05-12T00:07:59.014+0000] {mymind_etl_dag.py:302} INFO - Iniciando sincronización y carga a MySQL: 8 usuarios, 19 transcripciones.
[2025-05-12T00:07:59.024+0000] {base.py:83} INFO - Using connection ID 'mysql_mymind_dw' for task execution.
[2025-05-12T00:07:59.034+0000] {taskinstance.py:2698} ERROR - Task failed with exception
Traceback (most recent call last):
  File "/home/airflow/.local/lib/python3.8/site-packages/airflow/models/taskinstance.py", line 433, in _execute_task
    result = execute_callable(context=context, **execute_callable_kwargs)
  File "/home/airflow/.local/lib/python3.8/site-packages/airflow/decorators/base.py", line 241, in execute
    return_value = super().execute(context)
  File "/home/airflow/.local/lib/python3.8/site-packages/airflow/operators/python.py", line 199, in execute
    return_value = self.execute_callable()
  File "/home/airflow/.local/lib/python3.8/site-packages/airflow/operators/python.py", line 216, in execute_callable
    return self.python_callable(*self.op_args, **self.op_kwargs)
  File "/opt/airflow/dags/mymind_etl_dag.py", line 306, in sync_and_load_mysql
    conn = mysql_hook.get_conn()
  File "/home/airflow/.local/lib/python3.8/site-packages/airflow/providers/mysql/hooks/mysql.py", line 195, in get_conn
    return MySQLdb.connect(**conn_config)
  File "/home/airflow/.local/lib/python3.8/site-packages/MySQLdb/__init__.py", line 121, in Connect
    return Connection(*args, **kwargs)
  File "/home/airflow/.local/lib/python3.8/site-packages/MySQLdb/connections.py", line 193, in __init__
    super().__init__(*args, **kwargs2)
MySQLdb.OperationalError: (1045, "Access denied for user '***'@'172.21.0.9' (using password: YES)")
[2025-05-12T00:07:59.045+0000] {taskinstance.py:1138} INFO - Marking task as UP_FOR_RETRY. dag_id=mymind_mongo_to_mysql_etl, task_id=sync_and_load_mysql, execution_date=20250512T000754, start_date=20250512T000758, end_date=20250512T000759
[2025-05-12T00:07:59.059+0000] {standard_task_runner.py:107} ERROR - Failed to execute job 35925 for task sync_and_load_mysql ((1045, "Access denied for user '***'@'172.21.0.9' (using password: YES)"); 23598)
[2025-05-12T00:07:59.091+0000] {local_task_job_runner.py:234} INFO - Task exited with return code 1
[2025-05-12T00:07:59.123+0000] {taskinstance.py:3280} INFO - 0 downstream tasks scheduled from follow-on schedule check
