[2025-05-13T15:07:39.254+0000] {taskinstance.py:1956} INFO - Dependencies all met for dep_context=non-requeueable deps ti=<TaskInstance: mymind_mongo_to_mysql_etl.sync_and_load_mysql manual__2025-05-13T15:07:33.084750+00:00 [queued]>
[2025-05-13T15:07:39.262+0000] {taskinstance.py:1956} INFO - Dependencies all met for dep_context=requeueable deps ti=<TaskInstance: mymind_mongo_to_mysql_etl.sync_and_load_mysql manual__2025-05-13T15:07:33.084750+00:00 [queued]>
[2025-05-13T15:07:39.262+0000] {taskinstance.py:2170} INFO - Starting attempt 1 of 2
[2025-05-13T15:07:39.275+0000] {taskinstance.py:2191} INFO - Executing <Task(_PythonDecoratedOperator): sync_and_load_mysql> on 2025-05-13 15:07:33.084750+00:00
[2025-05-13T15:07:39.281+0000] {standard_task_runner.py:60} INFO - Started process 16785 to run task
[2025-05-13T15:07:39.284+0000] {standard_task_runner.py:87} INFO - Running: ['***', 'tasks', 'run', 'mymind_mongo_to_mysql_etl', 'sync_and_load_mysql', 'manual__2025-05-13T15:07:33.084750+00:00', '--job-id', '36040', '--raw', '--subdir', 'DAGS_FOLDER/mymind_etl_dag.py', '--cfg-path', '/tmp/tmpb9vo5usw']
[2025-05-13T15:07:39.286+0000] {standard_task_runner.py:88} INFO - Job 36040: Subtask sync_and_load_mysql
[2025-05-13T15:07:39.333+0000] {task_command.py:423} INFO - Running <TaskInstance: mymind_mongo_to_mysql_etl.sync_and_load_mysql manual__2025-05-13T15:07:33.084750+00:00 [running]> on host 2c8ed1353217
[2025-05-13T15:07:39.429+0000] {taskinstance.py:2480} INFO - Exporting env vars: AIRFLOW_CTX_DAG_OWNER='***' AIRFLOW_CTX_DAG_ID='mymind_mongo_to_mysql_etl' AIRFLOW_CTX_TASK_ID='sync_and_load_mysql' AIRFLOW_CTX_EXECUTION_DATE='2025-05-13T15:07:33.084750+00:00' AIRFLOW_CTX_TRY_NUMBER='1' AIRFLOW_CTX_DAG_RUN_ID='manual__2025-05-13T15:07:33.084750+00:00'
[2025-05-13T15:07:39.430+0000] {mymind_etl_dag.py:302} INFO - Iniciando sincronización y carga a MySQL: 7 usuarios, 31 transcripciones.
[2025-05-13T15:07:39.439+0000] {base.py:83} INFO - Using connection ID 'mysql_mymind_dw' for task execution.
[2025-05-13T15:07:39.448+0000] {mymind_etl_dag.py:311} INFO - Obteniendo IDs actuales desde MySQL...
[2025-05-13T15:07:39.448+0000] {mymind_etl_dag.py:322} INFO - Usuarios a eliminar: 4
[2025-05-13T15:07:39.449+0000] {mymind_etl_dag.py:323} INFO - Transcripciones a eliminar: 2
[2025-05-13T15:07:39.449+0000] {mymind_etl_dag.py:436} ERROR - Error durante la carga a MySQL: (1290, 'The MySQL server is running with the --read-only option so it cannot execute this statement')
Traceback (most recent call last):
  File "/opt/airflow/dags/mymind_etl_dag.py", line 332, in sync_and_load_mysql
    cursor.execute(delete_trans_sql, transcriptions_to_delete)
  File "/home/airflow/.local/lib/python3.8/site-packages/MySQLdb/cursors.py", line 179, in execute
    res = self._query(mogrified_query)
  File "/home/airflow/.local/lib/python3.8/site-packages/MySQLdb/cursors.py", line 330, in _query
    db.query(q)
  File "/home/airflow/.local/lib/python3.8/site-packages/MySQLdb/connections.py", line 257, in query
    _mysql.connection.query(self, query)
MySQLdb.OperationalError: (1290, 'The MySQL server is running with the --read-only option so it cannot execute this statement')
[2025-05-13T15:07:39.450+0000] {taskinstance.py:2698} ERROR - Task failed with exception
Traceback (most recent call last):
  File "/home/airflow/.local/lib/python3.8/site-packages/airflow/models/taskinstance.py", line 433, in _execute_task
    result = execute_callable(context=context, **execute_callable_kwargs)
  File "/home/airflow/.local/lib/python3.8/site-packages/airflow/decorators/base.py", line 241, in execute
    return_value = super().execute(context)
  File "/home/airflow/.local/lib/python3.8/site-packages/airflow/operators/python.py", line 199, in execute
    return_value = self.execute_callable()
  File "/home/airflow/.local/lib/python3.8/site-packages/airflow/operators/python.py", line 216, in execute_callable
    return self.python_callable(*self.op_args, **self.op_kwargs)
  File "/opt/airflow/dags/mymind_etl_dag.py", line 332, in sync_and_load_mysql
    cursor.execute(delete_trans_sql, transcriptions_to_delete)
  File "/home/airflow/.local/lib/python3.8/site-packages/MySQLdb/cursors.py", line 179, in execute
    res = self._query(mogrified_query)
  File "/home/airflow/.local/lib/python3.8/site-packages/MySQLdb/cursors.py", line 330, in _query
    db.query(q)
  File "/home/airflow/.local/lib/python3.8/site-packages/MySQLdb/connections.py", line 257, in query
    _mysql.connection.query(self, query)
MySQLdb.OperationalError: (1290, 'The MySQL server is running with the --read-only option so it cannot execute this statement')
[2025-05-13T15:07:39.460+0000] {taskinstance.py:1138} INFO - Marking task as UP_FOR_RETRY. dag_id=mymind_mongo_to_mysql_etl, task_id=sync_and_load_mysql, execution_date=20250513T150733, start_date=20250513T150739, end_date=20250513T150739
[2025-05-13T15:07:39.470+0000] {standard_task_runner.py:107} ERROR - Failed to execute job 36040 for task sync_and_load_mysql ((1290, 'The MySQL server is running with the --read-only option so it cannot execute this statement'); 16785)
[2025-05-13T15:07:39.496+0000] {local_task_job_runner.py:234} INFO - Task exited with return code 1
[2025-05-13T15:07:39.519+0000] {taskinstance.py:3280} INFO - 0 downstream tasks scheduled from follow-on schedule check
