[2025-05-07T14:51:05.512+0000] {taskinstance.py:1956} INFO - Dependencies all met for dep_context=non-requeueable deps ti=<TaskInstance: mymind_mongo_to_mysql_etl.sync_and_load_mysql scheduled__2025-05-07T14:50:00+00:00 [queued]>
[2025-05-07T14:51:05.524+0000] {taskinstance.py:1956} INFO - Dependencies all met for dep_context=requeueable deps ti=<TaskInstance: mymind_mongo_to_mysql_etl.sync_and_load_mysql scheduled__2025-05-07T14:50:00+00:00 [queued]>
[2025-05-07T14:51:05.524+0000] {taskinstance.py:2170} INFO - Starting attempt 1 of 2
[2025-05-07T14:51:05.544+0000] {taskinstance.py:2191} INFO - Executing <Task(_PythonDecoratedOperator): sync_and_load_mysql> on 2025-05-07 14:50:00+00:00
[2025-05-07T14:51:05.550+0000] {standard_task_runner.py:60} INFO - Started process 73111 to run task
[2025-05-07T14:51:05.554+0000] {standard_task_runner.py:87} INFO - Running: ['***', 'tasks', 'run', 'mymind_mongo_to_mysql_etl', 'sync_and_load_mysql', 'scheduled__2025-05-07T14:50:00+00:00', '--job-id', '39392', '--raw', '--subdir', 'DAGS_FOLDER/mymind_etl_dag.py', '--cfg-path', '/tmp/tmp1mzavltq']
[2025-05-07T14:51:05.555+0000] {standard_task_runner.py:88} INFO - Job 39392: Subtask sync_and_load_mysql
[2025-05-07T14:51:05.612+0000] {task_command.py:423} INFO - Running <TaskInstance: mymind_mongo_to_mysql_etl.sync_and_load_mysql scheduled__2025-05-07T14:50:00+00:00 [running]> on host 52beca4b988b
[2025-05-07T14:51:05.716+0000] {taskinstance.py:2480} INFO - Exporting env vars: AIRFLOW_CTX_DAG_OWNER='***' AIRFLOW_CTX_DAG_ID='mymind_mongo_to_mysql_etl' AIRFLOW_CTX_TASK_ID='sync_and_load_mysql' AIRFLOW_CTX_EXECUTION_DATE='2025-05-07T14:50:00+00:00' AIRFLOW_CTX_TRY_NUMBER='1' AIRFLOW_CTX_DAG_RUN_ID='scheduled__2025-05-07T14:50:00+00:00'
[2025-05-07T14:51:05.717+0000] {mymind_etl_dag.py:301} INFO - Iniciando sincronización y carga a MySQL: 6 usuarios, 18 transcripciones.
[2025-05-07T14:51:05.726+0000] {base.py:83} INFO - Using connection ID 'mysql_mymind_dw' for task execution.
[2025-05-07T14:51:05.735+0000] {mymind_etl_dag.py:310} INFO - Obteniendo IDs actuales desde MySQL...
[2025-05-07T14:51:05.736+0000] {mymind_etl_dag.py:321} INFO - Usuarios a eliminar: 0
[2025-05-07T14:51:05.736+0000] {mymind_etl_dag.py:322} INFO - Transcripciones a eliminar: 0
[2025-05-07T14:51:05.736+0000] {mymind_etl_dag.py:355} INFO - Cargando 6 usuarios en la tabla users...
[2025-05-07T14:51:05.738+0000] {mymind_etl_dag.py:380} INFO - Usuarios cargados exitosamente.
[2025-05-07T14:51:05.738+0000] {mymind_etl_dag.py:393} INFO - Cargando 18 transcripciones en la tabla transcriptions...
[2025-05-07T14:51:05.741+0000] {mymind_etl_dag.py:423} INFO - Transcripciones cargadas exitosamente.
[2025-05-07T14:51:05.741+0000] {mymind_etl_dag.py:430} INFO - Sincronización y carga a MySQL completada con éxito.
[2025-05-07T14:51:05.741+0000] {python.py:201} INFO - Done. Returned value was: None
[2025-05-07T14:51:05.752+0000] {taskinstance.py:1138} INFO - Marking task as SUCCESS. dag_id=mymind_mongo_to_mysql_etl, task_id=sync_and_load_mysql, execution_date=20250507T145000, start_date=20250507T145105, end_date=20250507T145105
[2025-05-07T14:51:05.806+0000] {local_task_job_runner.py:234} INFO - Task exited with return code 0
[2025-05-07T14:51:05.839+0000] {taskinstance.py:3280} INFO - 0 downstream tasks scheduled from follow-on schedule check
