[2025-05-13T15:40:18.595+0000] {taskinstance.py:1956} INFO - Dependencies all met for dep_context=non-requeueable deps ti=<TaskInstance: mymind_mongo_to_mysql_etl.sync_and_load_mysql manual__2025-05-13T15:40:12.881334+00:00 [queued]>
[2025-05-13T15:40:18.604+0000] {taskinstance.py:1956} INFO - Dependencies all met for dep_context=requeueable deps ti=<TaskInstance: mymind_mongo_to_mysql_etl.sync_and_load_mysql manual__2025-05-13T15:40:12.881334+00:00 [queued]>
[2025-05-13T15:40:18.604+0000] {taskinstance.py:2170} INFO - Starting attempt 1 of 2
[2025-05-13T15:40:18.618+0000] {taskinstance.py:2191} INFO - Executing <Task(_PythonDecoratedOperator): sync_and_load_mysql> on 2025-05-13 15:40:12.881334+00:00
[2025-05-13T15:40:18.623+0000] {standard_task_runner.py:60} INFO - Started process 110 to run task
[2025-05-13T15:40:18.627+0000] {standard_task_runner.py:87} INFO - Running: ['***', 'tasks', 'run', 'mymind_mongo_to_mysql_etl', 'sync_and_load_mysql', 'manual__2025-05-13T15:40:12.881334+00:00', '--job-id', '36058', '--raw', '--subdir', 'DAGS_FOLDER/mymind_etl_dag.py', '--cfg-path', '/tmp/tmpy0ufrw_n']
[2025-05-13T15:40:18.629+0000] {standard_task_runner.py:88} INFO - Job 36058: Subtask sync_and_load_mysql
[2025-05-13T15:40:18.686+0000] {task_command.py:423} INFO - Running <TaskInstance: mymind_mongo_to_mysql_etl.sync_and_load_mysql manual__2025-05-13T15:40:12.881334+00:00 [running]> on host 7939f7d8b398
[2025-05-13T15:40:18.813+0000] {taskinstance.py:2480} INFO - Exporting env vars: AIRFLOW_CTX_DAG_OWNER='***' AIRFLOW_CTX_DAG_ID='mymind_mongo_to_mysql_etl' AIRFLOW_CTX_TASK_ID='sync_and_load_mysql' AIRFLOW_CTX_EXECUTION_DATE='2025-05-13T15:40:12.881334+00:00' AIRFLOW_CTX_TRY_NUMBER='1' AIRFLOW_CTX_DAG_RUN_ID='manual__2025-05-13T15:40:12.881334+00:00'
[2025-05-13T15:40:18.814+0000] {mymind_etl_dag.py:302} INFO - Iniciando sincronización y carga a MySQL: 7 usuarios, 31 transcripciones.
[2025-05-13T15:40:18.825+0000] {base.py:83} INFO - Using connection ID 'mysql_mymind_dw' for task execution.
[2025-05-13T15:40:18.869+0000] {mymind_etl_dag.py:311} INFO - Obteniendo IDs actuales desde MySQL...
[2025-05-13T15:40:18.887+0000] {mymind_etl_dag.py:322} INFO - Usuarios a eliminar: 0
[2025-05-13T15:40:18.887+0000] {mymind_etl_dag.py:323} INFO - Transcripciones a eliminar: 0
[2025-05-13T15:40:18.888+0000] {mymind_etl_dag.py:356} INFO - Cargando 7 usuarios en la tabla users...
[2025-05-13T15:40:18.889+0000] {mymind_etl_dag.py:381} INFO - Usuarios cargados exitosamente.
[2025-05-13T15:40:18.890+0000] {mymind_etl_dag.py:394} INFO - Cargando 31 transcripciones en la tabla transcriptions...
[2025-05-13T15:40:18.895+0000] {mymind_etl_dag.py:424} INFO - Transcripciones cargadas exitosamente.
[2025-05-13T15:40:18.896+0000] {mymind_etl_dag.py:431} INFO - Sincronización y carga a MySQL completada con éxito.
[2025-05-13T15:40:18.896+0000] {python.py:201} INFO - Done. Returned value was: None
[2025-05-13T15:40:18.908+0000] {taskinstance.py:1138} INFO - Marking task as SUCCESS. dag_id=mymind_mongo_to_mysql_etl, task_id=sync_and_load_mysql, execution_date=20250513T154012, start_date=20250513T154018, end_date=20250513T154018
[2025-05-13T15:40:18.959+0000] {local_task_job_runner.py:234} INFO - Task exited with return code 0
[2025-05-13T15:40:18.989+0000] {taskinstance.py:3280} INFO - 0 downstream tasks scheduled from follow-on schedule check
