[2025-05-01T22:40:55.021+0000] {taskinstance.py:1956} INFO - Dependencies all met for dep_context=non-requeueable deps ti=<TaskInstance: mymind_mongo_to_mysql_etl.delete_mysql_records scheduled__2025-05-01T22:40:41+00:00 [queued]>
[2025-05-01T22:40:55.034+0000] {taskinstance.py:1956} INFO - Dependencies all met for dep_context=requeueable deps ti=<TaskInstance: mymind_mongo_to_mysql_etl.delete_mysql_records scheduled__2025-05-01T22:40:41+00:00 [queued]>
[2025-05-01T22:40:55.035+0000] {taskinstance.py:2170} INFO - Starting attempt 1 of 2
[2025-05-01T22:40:55.076+0000] {taskinstance.py:2191} INFO - Executing <Task(_PythonDecoratedOperator): delete_mysql_records> on 2025-05-01 22:40:41+00:00
[2025-05-01T22:40:55.085+0000] {standard_task_runner.py:60} INFO - Started process 296 to run task
[2025-05-01T22:40:55.092+0000] {standard_task_runner.py:87} INFO - Running: ['***', 'tasks', 'run', 'mymind_mongo_to_mysql_etl', 'delete_mysql_records', 'scheduled__2025-05-01T22:40:41+00:00', '--job-id', '20616', '--raw', '--subdir', 'DAGS_FOLDER/mymind_etl_dag.py', '--cfg-path', '/tmp/tmpn5n_w4ei']
[2025-05-01T22:40:55.094+0000] {standard_task_runner.py:88} INFO - Job 20616: Subtask delete_mysql_records
[2025-05-01T22:40:55.370+0000] {task_command.py:423} INFO - Running <TaskInstance: mymind_mongo_to_mysql_etl.delete_mysql_records scheduled__2025-05-01T22:40:41+00:00 [running]> on host 486df48cccd2
[2025-05-01T22:40:56.085+0000] {taskinstance.py:2480} INFO - Exporting env vars: AIRFLOW_CTX_DAG_OWNER='***' AIRFLOW_CTX_DAG_ID='mymind_mongo_to_mysql_etl' AIRFLOW_CTX_TASK_ID='delete_mysql_records' AIRFLOW_CTX_EXECUTION_DATE='2025-05-01T22:40:41+00:00' AIRFLOW_CTX_TRY_NUMBER='1' AIRFLOW_CTX_DAG_RUN_ID='scheduled__2025-05-01T22:40:41+00:00'
[2025-05-01T22:40:56.087+0000] {mymind_etl_dag.py:400} INFO - Iniciando eliminación en MySQL: 2 usuarios, 2 transcripciones.
[2025-05-01T22:40:56.087+0000] {taskinstance.py:2698} ERROR - Task failed with exception
Traceback (most recent call last):
  File "/home/airflow/.local/lib/python3.8/site-packages/airflow/models/taskinstance.py", line 433, in _execute_task
    result = execute_callable(context=context, **execute_callable_kwargs)
  File "/home/airflow/.local/lib/python3.8/site-packages/airflow/decorators/base.py", line 241, in execute
    return_value = super().execute(context)
  File "/home/airflow/.local/lib/python3.8/site-packages/airflow/operators/python.py", line 199, in execute
    return_value = self.execute_callable()
  File "/home/airflow/.local/lib/python3.8/site-packages/airflow/operators/python.py", line 216, in execute_callable
    return self.python_callable(*self.op_args, **self.op_kwargs)
  File "/opt/airflow/dags/mymind_etl_dag.py", line 410, in delete_mysql_records
    formatted_ids = ", ".join([f"'{mysql_hook.escape_string(tid)}'" for tid in batch])
  File "/opt/airflow/dags/mymind_etl_dag.py", line 410, in <listcomp>
    formatted_ids = ", ".join([f"'{mysql_hook.escape_string(tid)}'" for tid in batch])
AttributeError: 'MySqlHook' object has no attribute 'escape_string'
[2025-05-01T22:40:56.127+0000] {taskinstance.py:1138} INFO - Marking task as UP_FOR_RETRY. dag_id=mymind_mongo_to_mysql_etl, task_id=delete_mysql_records, execution_date=20250501T224041, start_date=20250501T224055, end_date=20250501T224056
[2025-05-01T22:40:56.231+0000] {standard_task_runner.py:107} ERROR - Failed to execute job 20616 for task delete_mysql_records ('MySqlHook' object has no attribute 'escape_string'; 296)
[2025-05-01T22:40:56.327+0000] {local_task_job_runner.py:234} INFO - Task exited with return code 1
[2025-05-01T22:40:56.363+0000] {taskinstance.py:3280} INFO - 0 downstream tasks scheduled from follow-on schedule check
