[2025-05-07T13:31:03.976+0000] {taskinstance.py:1956} INFO - Dependencies all met for dep_context=non-requeueable deps ti=<TaskInstance: mymind_mongo_to_mysql_etl.sync_and_load_mysql scheduled__2025-05-07T13:30:00+00:00 [queued]>
[2025-05-07T13:31:03.984+0000] {taskinstance.py:1956} INFO - Dependencies all met for dep_context=requeueable deps ti=<TaskInstance: mymind_mongo_to_mysql_etl.sync_and_load_mysql scheduled__2025-05-07T13:30:00+00:00 [queued]>
[2025-05-07T13:31:03.985+0000] {taskinstance.py:2170} INFO - Starting attempt 1 of 2
[2025-05-07T13:31:03.999+0000] {taskinstance.py:2191} INFO - Executing <Task(_PythonDecoratedOperator): sync_and_load_mysql> on 2025-05-07 13:30:00+00:00
[2025-05-07T13:31:04.004+0000] {standard_task_runner.py:60} INFO - Started process 70879 to run task
[2025-05-07T13:31:04.008+0000] {standard_task_runner.py:87} INFO - Running: ['***', 'tasks', 'run', 'mymind_mongo_to_mysql_etl', 'sync_and_load_mysql', 'scheduled__2025-05-07T13:30:00+00:00', '--job-id', '39152', '--raw', '--subdir', 'DAGS_FOLDER/mymind_etl_dag.py', '--cfg-path', '/tmp/tmpzl4tgidt']
[2025-05-07T13:31:04.009+0000] {standard_task_runner.py:88} INFO - Job 39152: Subtask sync_and_load_mysql
[2025-05-07T13:31:04.065+0000] {task_command.py:423} INFO - Running <TaskInstance: mymind_mongo_to_mysql_etl.sync_and_load_mysql scheduled__2025-05-07T13:30:00+00:00 [running]> on host 52beca4b988b
[2025-05-07T13:31:04.191+0000] {taskinstance.py:2480} INFO - Exporting env vars: AIRFLOW_CTX_DAG_OWNER='***' AIRFLOW_CTX_DAG_ID='mymind_mongo_to_mysql_etl' AIRFLOW_CTX_TASK_ID='sync_and_load_mysql' AIRFLOW_CTX_EXECUTION_DATE='2025-05-07T13:30:00+00:00' AIRFLOW_CTX_TRY_NUMBER='1' AIRFLOW_CTX_DAG_RUN_ID='scheduled__2025-05-07T13:30:00+00:00'
[2025-05-07T13:31:04.192+0000] {mymind_etl_dag.py:301} INFO - Iniciando sincronización y carga a MySQL: 6 usuarios, 16 transcripciones.
[2025-05-07T13:31:04.204+0000] {base.py:83} INFO - Using connection ID 'mysql_mymind_dw' for task execution.
[2025-05-07T13:31:04.217+0000] {mymind_etl_dag.py:310} INFO - Obteniendo IDs actuales desde MySQL...
[2025-05-07T13:31:04.218+0000] {mymind_etl_dag.py:321} INFO - Usuarios a eliminar: 0
[2025-05-07T13:31:04.219+0000] {mymind_etl_dag.py:322} INFO - Transcripciones a eliminar: 0
[2025-05-07T13:31:04.219+0000] {mymind_etl_dag.py:355} INFO - Cargando 6 usuarios en la tabla users...
[2025-05-07T13:31:04.221+0000] {mymind_etl_dag.py:380} INFO - Usuarios cargados exitosamente.
[2025-05-07T13:31:04.221+0000] {mymind_etl_dag.py:393} INFO - Cargando 16 transcripciones en la tabla transcriptions...
[2025-05-07T13:31:04.224+0000] {mymind_etl_dag.py:423} INFO - Transcripciones cargadas exitosamente.
[2025-05-07T13:31:04.225+0000] {mymind_etl_dag.py:430} INFO - Sincronización y carga a MySQL completada con éxito.
[2025-05-07T13:31:04.225+0000] {python.py:201} INFO - Done. Returned value was: None
[2025-05-07T13:31:04.237+0000] {taskinstance.py:1138} INFO - Marking task as SUCCESS. dag_id=mymind_mongo_to_mysql_etl, task_id=sync_and_load_mysql, execution_date=20250507T133000, start_date=20250507T133103, end_date=20250507T133104
[2025-05-07T13:31:04.259+0000] {local_task_job_runner.py:234} INFO - Task exited with return code 0
[2025-05-07T13:31:04.291+0000] {taskinstance.py:3280} INFO - 0 downstream tasks scheduled from follow-on schedule check
