[2025-04-29T19:49:15.557+0000] {processor.py:161} INFO - Started process (PID=129) to work on /home/airflow/.local/lib/python3.8/site-packages/airflow/example_dags/example_xcomargs.py
[2025-04-29T19:49:15.559+0000] {processor.py:830} INFO - Processing file /home/airflow/.local/lib/python3.8/site-packages/airflow/example_dags/example_xcomargs.py for tasks to queue
[2025-04-29T19:49:15.561+0000] {logging_mixin.py:188} INFO - [2025-04-29T19:49:15.561+0000] {dagbag.py:538} INFO - Filling up the DagBag from /home/airflow/.local/lib/python3.8/site-packages/airflow/example_dags/example_xcomargs.py
[2025-04-29T19:49:15.573+0000] {processor.py:840} INFO - DAG(s) 'example_xcom_args', 'example_xcom_args_with_operators' retrieved from /home/airflow/.local/lib/python3.8/site-packages/airflow/example_dags/example_xcomargs.py
[2025-04-29T19:49:15.715+0000] {logging_mixin.py:188} INFO - [2025-04-29T19:49:15.715+0000] {dag.py:3036} INFO - Sync 2 DAGs
[2025-04-29T19:49:15.727+0000] {logging_mixin.py:188} INFO - [2025-04-29T19:49:15.726+0000] {dag.py:3823} INFO - Setting next_dagrun for example_xcom_args to None, run_after=None
[2025-04-29T19:49:15.729+0000] {logging_mixin.py:188} INFO - [2025-04-29T19:49:15.729+0000] {dag.py:3823} INFO - Setting next_dagrun for example_xcom_args_with_operators to None, run_after=None
[2025-04-29T19:49:15.747+0000] {processor.py:183} INFO - Processing /home/airflow/.local/lib/python3.8/site-packages/airflow/example_dags/example_xcomargs.py took 0.194 seconds
[2025-04-29T19:49:45.871+0000] {processor.py:161} INFO - Started process (PID=185) to work on /home/airflow/.local/lib/python3.8/site-packages/airflow/example_dags/example_xcomargs.py
[2025-04-29T19:49:45.872+0000] {processor.py:830} INFO - Processing file /home/airflow/.local/lib/python3.8/site-packages/airflow/example_dags/example_xcomargs.py for tasks to queue
[2025-04-29T19:49:45.873+0000] {logging_mixin.py:188} INFO - [2025-04-29T19:49:45.873+0000] {dagbag.py:538} INFO - Filling up the DagBag from /home/airflow/.local/lib/python3.8/site-packages/airflow/example_dags/example_xcomargs.py
[2025-04-29T19:49:45.882+0000] {processor.py:840} INFO - DAG(s) 'example_xcom_args', 'example_xcom_args_with_operators' retrieved from /home/airflow/.local/lib/python3.8/site-packages/airflow/example_dags/example_xcomargs.py
[2025-04-29T19:49:45.906+0000] {logging_mixin.py:188} INFO - [2025-04-29T19:49:45.906+0000] {dag.py:3036} INFO - Sync 2 DAGs
[2025-04-29T19:49:45.919+0000] {logging_mixin.py:188} INFO - [2025-04-29T19:49:45.919+0000] {dag.py:3823} INFO - Setting next_dagrun for example_xcom_args to None, run_after=None
[2025-04-29T19:49:45.923+0000] {logging_mixin.py:188} INFO - [2025-04-29T19:49:45.923+0000] {dag.py:3823} INFO - Setting next_dagrun for example_xcom_args_with_operators to None, run_after=None
[2025-04-29T19:49:45.939+0000] {processor.py:183} INFO - Processing /home/airflow/.local/lib/python3.8/site-packages/airflow/example_dags/example_xcomargs.py took 0.071 seconds
[2025-04-29T19:50:16.125+0000] {processor.py:161} INFO - Started process (PID=241) to work on /home/airflow/.local/lib/python3.8/site-packages/airflow/example_dags/example_xcomargs.py
[2025-04-29T19:50:16.126+0000] {processor.py:830} INFO - Processing file /home/airflow/.local/lib/python3.8/site-packages/airflow/example_dags/example_xcomargs.py for tasks to queue
[2025-04-29T19:50:16.128+0000] {logging_mixin.py:188} INFO - [2025-04-29T19:50:16.128+0000] {dagbag.py:538} INFO - Filling up the DagBag from /home/airflow/.local/lib/python3.8/site-packages/airflow/example_dags/example_xcomargs.py
[2025-04-29T19:50:16.137+0000] {processor.py:840} INFO - DAG(s) 'example_xcom_args_with_operators', 'example_xcom_args' retrieved from /home/airflow/.local/lib/python3.8/site-packages/airflow/example_dags/example_xcomargs.py
[2025-04-29T19:50:16.163+0000] {logging_mixin.py:188} INFO - [2025-04-29T19:50:16.163+0000] {dag.py:3036} INFO - Sync 2 DAGs
[2025-04-29T19:50:16.177+0000] {logging_mixin.py:188} INFO - [2025-04-29T19:50:16.177+0000] {dag.py:3823} INFO - Setting next_dagrun for example_xcom_args to None, run_after=None
[2025-04-29T19:50:16.180+0000] {logging_mixin.py:188} INFO - [2025-04-29T19:50:16.180+0000] {dag.py:3823} INFO - Setting next_dagrun for example_xcom_args_with_operators to None, run_after=None
[2025-04-29T19:50:16.201+0000] {processor.py:183} INFO - Processing /home/airflow/.local/lib/python3.8/site-packages/airflow/example_dags/example_xcomargs.py took 0.079 seconds
