[2025-04-29T19:49:15.771+0000] {processor.py:161} INFO - Started process (PID=131) to work on /home/airflow/.local/lib/python3.8/site-packages/airflow/example_dags/example_external_task_marker_dag.py
[2025-04-29T19:49:15.772+0000] {processor.py:830} INFO - Processing file /home/airflow/.local/lib/python3.8/site-packages/airflow/example_dags/example_external_task_marker_dag.py for tasks to queue
[2025-04-29T19:49:15.774+0000] {logging_mixin.py:188} INFO - [2025-04-29T19:49:15.773+0000] {dagbag.py:538} INFO - Filling up the DagBag from /home/airflow/.local/lib/python3.8/site-packages/airflow/example_dags/example_external_task_marker_dag.py
[2025-04-29T19:49:15.781+0000] {processor.py:840} INFO - DAG(s) 'example_external_task_marker_child', 'example_external_task_marker_parent' retrieved from /home/airflow/.local/lib/python3.8/site-packages/airflow/example_dags/example_external_task_marker_dag.py
[2025-04-29T19:49:15.911+0000] {logging_mixin.py:188} INFO - [2025-04-29T19:49:15.910+0000] {dag.py:3036} INFO - Sync 2 DAGs
[2025-04-29T19:49:15.922+0000] {logging_mixin.py:188} INFO - [2025-04-29T19:49:15.922+0000] {dag.py:3823} INFO - Setting next_dagrun for example_external_task_marker_child to None, run_after=None
[2025-04-29T19:49:15.925+0000] {logging_mixin.py:188} INFO - [2025-04-29T19:49:15.925+0000] {dag.py:3823} INFO - Setting next_dagrun for example_external_task_marker_parent to None, run_after=None
[2025-04-29T19:49:15.942+0000] {processor.py:183} INFO - Processing /home/airflow/.local/lib/python3.8/site-packages/airflow/example_dags/example_external_task_marker_dag.py took 0.174 seconds
[2025-04-29T19:49:46.029+0000] {processor.py:161} INFO - Started process (PID=187) to work on /home/airflow/.local/lib/python3.8/site-packages/airflow/example_dags/example_external_task_marker_dag.py
[2025-04-29T19:49:46.030+0000] {processor.py:830} INFO - Processing file /home/airflow/.local/lib/python3.8/site-packages/airflow/example_dags/example_external_task_marker_dag.py for tasks to queue
[2025-04-29T19:49:46.031+0000] {logging_mixin.py:188} INFO - [2025-04-29T19:49:46.031+0000] {dagbag.py:538} INFO - Filling up the DagBag from /home/airflow/.local/lib/python3.8/site-packages/airflow/example_dags/example_external_task_marker_dag.py
[2025-04-29T19:49:46.037+0000] {processor.py:840} INFO - DAG(s) 'example_external_task_marker_child', 'example_external_task_marker_parent' retrieved from /home/airflow/.local/lib/python3.8/site-packages/airflow/example_dags/example_external_task_marker_dag.py
[2025-04-29T19:49:46.060+0000] {logging_mixin.py:188} INFO - [2025-04-29T19:49:46.059+0000] {dag.py:3036} INFO - Sync 2 DAGs
[2025-04-29T19:49:46.072+0000] {logging_mixin.py:188} INFO - [2025-04-29T19:49:46.072+0000] {dag.py:3823} INFO - Setting next_dagrun for example_external_task_marker_child to None, run_after=None
[2025-04-29T19:49:46.076+0000] {logging_mixin.py:188} INFO - [2025-04-29T19:49:46.075+0000] {dag.py:3823} INFO - Setting next_dagrun for example_external_task_marker_parent to None, run_after=None
[2025-04-29T19:49:46.093+0000] {processor.py:183} INFO - Processing /home/airflow/.local/lib/python3.8/site-packages/airflow/example_dags/example_external_task_marker_dag.py took 0.067 seconds
[2025-04-29T19:50:16.225+0000] {processor.py:161} INFO - Started process (PID=243) to work on /home/airflow/.local/lib/python3.8/site-packages/airflow/example_dags/example_external_task_marker_dag.py
[2025-04-29T19:50:16.226+0000] {processor.py:830} INFO - Processing file /home/airflow/.local/lib/python3.8/site-packages/airflow/example_dags/example_external_task_marker_dag.py for tasks to queue
[2025-04-29T19:50:16.228+0000] {logging_mixin.py:188} INFO - [2025-04-29T19:50:16.227+0000] {dagbag.py:538} INFO - Filling up the DagBag from /home/airflow/.local/lib/python3.8/site-packages/airflow/example_dags/example_external_task_marker_dag.py
[2025-04-29T19:50:16.235+0000] {processor.py:840} INFO - DAG(s) 'example_external_task_marker_child', 'example_external_task_marker_parent' retrieved from /home/airflow/.local/lib/python3.8/site-packages/airflow/example_dags/example_external_task_marker_dag.py
[2025-04-29T19:50:16.259+0000] {logging_mixin.py:188} INFO - [2025-04-29T19:50:16.259+0000] {dag.py:3036} INFO - Sync 2 DAGs
[2025-04-29T19:50:16.272+0000] {logging_mixin.py:188} INFO - [2025-04-29T19:50:16.272+0000] {dag.py:3823} INFO - Setting next_dagrun for example_external_task_marker_child to None, run_after=None
[2025-04-29T19:50:16.276+0000] {logging_mixin.py:188} INFO - [2025-04-29T19:50:16.275+0000] {dag.py:3823} INFO - Setting next_dagrun for example_external_task_marker_parent to None, run_after=None
[2025-04-29T19:50:16.296+0000] {processor.py:183} INFO - Processing /home/airflow/.local/lib/python3.8/site-packages/airflow/example_dags/example_external_task_marker_dag.py took 0.074 seconds
