[2025-04-29T19:49:11.968+0000] {processor.py:161} INFO - Started process (PID=101) to work on /home/airflow/.local/lib/python3.8/site-packages/airflow/example_dags/example_bash_operator.py
[2025-04-29T19:49:11.970+0000] {processor.py:830} INFO - Processing file /home/airflow/.local/lib/python3.8/site-packages/airflow/example_dags/example_bash_operator.py for tasks to queue
[2025-04-29T19:49:11.972+0000] {logging_mixin.py:188} INFO - [2025-04-29T19:49:11.972+0000] {dagbag.py:538} INFO - Filling up the DagBag from /home/airflow/.local/lib/python3.8/site-packages/airflow/example_dags/example_bash_operator.py
[2025-04-29T19:49:11.995+0000] {processor.py:840} INFO - DAG(s) 'example_bash_operator' retrieved from /home/airflow/.local/lib/python3.8/site-packages/airflow/example_dags/example_bash_operator.py
[2025-04-29T19:49:12.164+0000] {logging_mixin.py:188} INFO - [2025-04-29T19:49:12.164+0000] {dag.py:3036} INFO - Sync 1 DAGs
[2025-04-29T19:49:12.188+0000] {logging_mixin.py:188} INFO - [2025-04-29T19:49:12.188+0000] {dag.py:3823} INFO - Setting next_dagrun for example_bash_operator to 2025-04-28 00:00:00+00:00, run_after=2025-04-29 00:00:00+00:00
[2025-04-29T19:49:12.221+0000] {processor.py:183} INFO - Processing /home/airflow/.local/lib/python3.8/site-packages/airflow/example_dags/example_bash_operator.py took 0.258 seconds
[2025-04-29T19:49:43.006+0000] {processor.py:161} INFO - Started process (PID=157) to work on /home/airflow/.local/lib/python3.8/site-packages/airflow/example_dags/example_bash_operator.py
[2025-04-29T19:49:43.007+0000] {processor.py:830} INFO - Processing file /home/airflow/.local/lib/python3.8/site-packages/airflow/example_dags/example_bash_operator.py for tasks to queue
[2025-04-29T19:49:43.009+0000] {logging_mixin.py:188} INFO - [2025-04-29T19:49:43.008+0000] {dagbag.py:538} INFO - Filling up the DagBag from /home/airflow/.local/lib/python3.8/site-packages/airflow/example_dags/example_bash_operator.py
[2025-04-29T19:49:43.022+0000] {processor.py:840} INFO - DAG(s) 'example_bash_operator' retrieved from /home/airflow/.local/lib/python3.8/site-packages/airflow/example_dags/example_bash_operator.py
[2025-04-29T19:49:43.053+0000] {logging_mixin.py:188} INFO - [2025-04-29T19:49:43.053+0000] {dag.py:3036} INFO - Sync 1 DAGs
[2025-04-29T19:49:43.081+0000] {logging_mixin.py:188} INFO - [2025-04-29T19:49:43.081+0000] {dag.py:3823} INFO - Setting next_dagrun for example_bash_operator to 2025-04-28 00:00:00+00:00, run_after=2025-04-29 00:00:00+00:00
[2025-04-29T19:49:43.098+0000] {processor.py:183} INFO - Processing /home/airflow/.local/lib/python3.8/site-packages/airflow/example_dags/example_bash_operator.py took 0.096 seconds
[2025-04-29T19:50:13.201+0000] {processor.py:161} INFO - Started process (PID=213) to work on /home/airflow/.local/lib/python3.8/site-packages/airflow/example_dags/example_bash_operator.py
[2025-04-29T19:50:13.201+0000] {processor.py:830} INFO - Processing file /home/airflow/.local/lib/python3.8/site-packages/airflow/example_dags/example_bash_operator.py for tasks to queue
[2025-04-29T19:50:13.203+0000] {logging_mixin.py:188} INFO - [2025-04-29T19:50:13.203+0000] {dagbag.py:538} INFO - Filling up the DagBag from /home/airflow/.local/lib/python3.8/site-packages/airflow/example_dags/example_bash_operator.py
[2025-04-29T19:50:13.216+0000] {processor.py:840} INFO - DAG(s) 'example_bash_operator' retrieved from /home/airflow/.local/lib/python3.8/site-packages/airflow/example_dags/example_bash_operator.py
[2025-04-29T19:50:13.246+0000] {logging_mixin.py:188} INFO - [2025-04-29T19:50:13.246+0000] {dag.py:3036} INFO - Sync 1 DAGs
[2025-04-29T19:50:13.270+0000] {logging_mixin.py:188} INFO - [2025-04-29T19:50:13.270+0000] {dag.py:3823} INFO - Setting next_dagrun for example_bash_operator to 2025-04-28 00:00:00+00:00, run_after=2025-04-29 00:00:00+00:00
[2025-04-29T19:50:13.290+0000] {processor.py:183} INFO - Processing /home/airflow/.local/lib/python3.8/site-packages/airflow/example_dags/example_bash_operator.py took 0.093 seconds
