[2025-04-29T19:49:14.321+0000] {processor.py:161} INFO - Started process (PID=119) to work on /home/airflow/.local/lib/python3.8/site-packages/airflow/example_dags/example_branch_python_dop_operator_3.py
[2025-04-29T19:49:14.322+0000] {processor.py:830} INFO - Processing file /home/airflow/.local/lib/python3.8/site-packages/airflow/example_dags/example_branch_python_dop_operator_3.py for tasks to queue
[2025-04-29T19:49:14.325+0000] {logging_mixin.py:188} INFO - [2025-04-29T19:49:14.324+0000] {dagbag.py:538} INFO - Filling up the DagBag from /home/airflow/.local/lib/python3.8/site-packages/airflow/example_dags/example_branch_python_dop_operator_3.py
[2025-04-29T19:49:14.340+0000] {processor.py:840} INFO - DAG(s) 'example_branch_dop_operator_v3' retrieved from /home/airflow/.local/lib/python3.8/site-packages/airflow/example_dags/example_branch_python_dop_operator_3.py
[2025-04-29T19:49:14.487+0000] {logging_mixin.py:188} INFO - [2025-04-29T19:49:14.487+0000] {dag.py:3036} INFO - Sync 1 DAGs
[2025-04-29T19:49:14.513+0000] {logging_mixin.py:188} INFO - [2025-04-29T19:49:14.513+0000] {dag.py:3823} INFO - Setting next_dagrun for example_branch_dop_operator_v3 to 2025-04-29 19:48:00+00:00, run_after=2025-04-29 19:49:00+00:00
[2025-04-29T19:49:14.531+0000] {processor.py:183} INFO - Processing /home/airflow/.local/lib/python3.8/site-packages/airflow/example_dags/example_branch_python_dop_operator_3.py took 0.216 seconds
[2025-04-29T19:49:45.275+0000] {processor.py:161} INFO - Started process (PID=175) to work on /home/airflow/.local/lib/python3.8/site-packages/airflow/example_dags/example_branch_python_dop_operator_3.py
[2025-04-29T19:49:45.276+0000] {processor.py:830} INFO - Processing file /home/airflow/.local/lib/python3.8/site-packages/airflow/example_dags/example_branch_python_dop_operator_3.py for tasks to queue
[2025-04-29T19:49:45.278+0000] {logging_mixin.py:188} INFO - [2025-04-29T19:49:45.277+0000] {dagbag.py:538} INFO - Filling up the DagBag from /home/airflow/.local/lib/python3.8/site-packages/airflow/example_dags/example_branch_python_dop_operator_3.py
[2025-04-29T19:49:45.287+0000] {processor.py:840} INFO - DAG(s) 'example_branch_dop_operator_v3' retrieved from /home/airflow/.local/lib/python3.8/site-packages/airflow/example_dags/example_branch_python_dop_operator_3.py
[2025-04-29T19:49:45.311+0000] {logging_mixin.py:188} INFO - [2025-04-29T19:49:45.311+0000] {dag.py:3036} INFO - Sync 1 DAGs
[2025-04-29T19:49:45.352+0000] {logging_mixin.py:188} INFO - [2025-04-29T19:49:45.352+0000] {dag.py:3823} INFO - Setting next_dagrun for example_branch_dop_operator_v3 to 2025-04-29 19:48:00+00:00, run_after=2025-04-29 19:49:00+00:00
[2025-04-29T19:49:45.376+0000] {processor.py:183} INFO - Processing /home/airflow/.local/lib/python3.8/site-packages/airflow/example_dags/example_branch_python_dop_operator_3.py took 0.104 seconds
[2025-04-29T19:50:15.411+0000] {processor.py:161} INFO - Started process (PID=230) to work on /home/airflow/.local/lib/python3.8/site-packages/airflow/example_dags/example_branch_python_dop_operator_3.py
[2025-04-29T19:50:15.412+0000] {processor.py:830} INFO - Processing file /home/airflow/.local/lib/python3.8/site-packages/airflow/example_dags/example_branch_python_dop_operator_3.py for tasks to queue
[2025-04-29T19:50:15.414+0000] {logging_mixin.py:188} INFO - [2025-04-29T19:50:15.413+0000] {dagbag.py:538} INFO - Filling up the DagBag from /home/airflow/.local/lib/python3.8/site-packages/airflow/example_dags/example_branch_python_dop_operator_3.py
[2025-04-29T19:50:15.425+0000] {processor.py:840} INFO - DAG(s) 'example_branch_dop_operator_v3' retrieved from /home/airflow/.local/lib/python3.8/site-packages/airflow/example_dags/example_branch_python_dop_operator_3.py
[2025-04-29T19:50:15.446+0000] {logging_mixin.py:188} INFO - [2025-04-29T19:50:15.445+0000] {dag.py:3036} INFO - Sync 1 DAGs
[2025-04-29T19:50:15.476+0000] {logging_mixin.py:188} INFO - [2025-04-29T19:50:15.476+0000] {dag.py:3823} INFO - Setting next_dagrun for example_branch_dop_operator_v3 to 2025-04-29 19:49:00+00:00, run_after=2025-04-29 19:50:00+00:00
[2025-04-29T19:50:15.496+0000] {processor.py:183} INFO - Processing /home/airflow/.local/lib/python3.8/site-packages/airflow/example_dags/example_branch_python_dop_operator_3.py took 0.089 seconds
