[2025-04-29T19:49:14.554+0000] {processor.py:161} INFO - Started process (PID=120) to work on /home/airflow/.local/lib/python3.8/site-packages/airflow/example_dags/example_python_operator.py
[2025-04-29T19:49:14.555+0000] {processor.py:830} INFO - Processing file /home/airflow/.local/lib/python3.8/site-packages/airflow/example_dags/example_python_operator.py for tasks to queue
[2025-04-29T19:49:14.556+0000] {logging_mixin.py:188} INFO - [2025-04-29T19:49:14.556+0000] {dagbag.py:538} INFO - Filling up the DagBag from /home/airflow/.local/lib/python3.8/site-packages/airflow/example_dags/example_python_operator.py
[2025-04-29T19:49:14.568+0000] {processor.py:840} INFO - DAG(s) 'example_python_operator' retrieved from /home/airflow/.local/lib/python3.8/site-packages/airflow/example_dags/example_python_operator.py
[2025-04-29T19:49:14.687+0000] {logging_mixin.py:188} INFO - [2025-04-29T19:49:14.687+0000] {dag.py:3036} INFO - Sync 1 DAGs
[2025-04-29T19:49:14.698+0000] {logging_mixin.py:188} INFO - [2025-04-29T19:49:14.697+0000] {dag.py:3823} INFO - Setting next_dagrun for example_python_operator to None, run_after=None
[2025-04-29T19:49:14.720+0000] {processor.py:183} INFO - Processing /home/airflow/.local/lib/python3.8/site-packages/airflow/example_dags/example_python_operator.py took 0.169 seconds
[2025-04-29T19:49:45.396+0000] {processor.py:161} INFO - Started process (PID=176) to work on /home/airflow/.local/lib/python3.8/site-packages/airflow/example_dags/example_python_operator.py
[2025-04-29T19:49:45.397+0000] {processor.py:830} INFO - Processing file /home/airflow/.local/lib/python3.8/site-packages/airflow/example_dags/example_python_operator.py for tasks to queue
[2025-04-29T19:49:45.399+0000] {logging_mixin.py:188} INFO - [2025-04-29T19:49:45.398+0000] {dagbag.py:538} INFO - Filling up the DagBag from /home/airflow/.local/lib/python3.8/site-packages/airflow/example_dags/example_python_operator.py
[2025-04-29T19:49:45.409+0000] {processor.py:840} INFO - DAG(s) 'example_python_operator' retrieved from /home/airflow/.local/lib/python3.8/site-packages/airflow/example_dags/example_python_operator.py
[2025-04-29T19:49:45.439+0000] {logging_mixin.py:188} INFO - [2025-04-29T19:49:45.439+0000] {dag.py:3036} INFO - Sync 1 DAGs
[2025-04-29T19:49:45.453+0000] {logging_mixin.py:188} INFO - [2025-04-29T19:49:45.452+0000] {dag.py:3823} INFO - Setting next_dagrun for example_python_operator to None, run_after=None
[2025-04-29T19:49:45.471+0000] {processor.py:183} INFO - Processing /home/airflow/.local/lib/python3.8/site-packages/airflow/example_dags/example_python_operator.py took 0.078 seconds
[2025-04-29T19:50:15.518+0000] {processor.py:161} INFO - Started process (PID=232) to work on /home/airflow/.local/lib/python3.8/site-packages/airflow/example_dags/example_python_operator.py
[2025-04-29T19:50:15.519+0000] {processor.py:830} INFO - Processing file /home/airflow/.local/lib/python3.8/site-packages/airflow/example_dags/example_python_operator.py for tasks to queue
[2025-04-29T19:50:15.521+0000] {logging_mixin.py:188} INFO - [2025-04-29T19:50:15.521+0000] {dagbag.py:538} INFO - Filling up the DagBag from /home/airflow/.local/lib/python3.8/site-packages/airflow/example_dags/example_python_operator.py
[2025-04-29T19:50:15.534+0000] {processor.py:840} INFO - DAG(s) 'example_python_operator' retrieved from /home/airflow/.local/lib/python3.8/site-packages/airflow/example_dags/example_python_operator.py
[2025-04-29T19:50:15.555+0000] {logging_mixin.py:188} INFO - [2025-04-29T19:50:15.555+0000] {dag.py:3036} INFO - Sync 1 DAGs
[2025-04-29T19:50:15.567+0000] {logging_mixin.py:188} INFO - [2025-04-29T19:50:15.567+0000] {dag.py:3823} INFO - Setting next_dagrun for example_python_operator to None, run_after=None
[2025-04-29T19:50:15.587+0000] {processor.py:183} INFO - Processing /home/airflow/.local/lib/python3.8/site-packages/airflow/example_dags/example_python_operator.py took 0.072 seconds
