[2025-04-29T19:49:14.738+0000] {processor.py:161} INFO - Started process (PID=122) to work on /home/airflow/.local/lib/python3.8/site-packages/airflow/example_dags/example_latest_only_with_trigger.py
[2025-04-29T19:49:14.738+0000] {processor.py:830} INFO - Processing file /home/airflow/.local/lib/python3.8/site-packages/airflow/example_dags/example_latest_only_with_trigger.py for tasks to queue
[2025-04-29T19:49:14.740+0000] {logging_mixin.py:188} INFO - [2025-04-29T19:49:14.740+0000] {dagbag.py:538} INFO - Filling up the DagBag from /home/airflow/.local/lib/python3.8/site-packages/airflow/example_dags/example_latest_only_with_trigger.py
[2025-04-29T19:49:14.746+0000] {processor.py:840} INFO - DAG(s) 'latest_only_with_trigger' retrieved from /home/airflow/.local/lib/python3.8/site-packages/airflow/example_dags/example_latest_only_with_trigger.py
[2025-04-29T19:49:14.860+0000] {logging_mixin.py:188} INFO - [2025-04-29T19:49:14.860+0000] {dag.py:3036} INFO - Sync 1 DAGs
[2025-04-29T19:49:14.881+0000] {logging_mixin.py:188} INFO - [2025-04-29T19:49:14.880+0000] {dag.py:3823} INFO - Setting next_dagrun for latest_only_with_trigger to 2025-04-29 12:00:00+00:00, run_after=2025-04-29 16:00:00+00:00
[2025-04-29T19:49:14.900+0000] {processor.py:183} INFO - Processing /home/airflow/.local/lib/python3.8/site-packages/airflow/example_dags/example_latest_only_with_trigger.py took 0.166 seconds
[2025-04-29T19:49:45.492+0000] {processor.py:161} INFO - Started process (PID=178) to work on /home/airflow/.local/lib/python3.8/site-packages/airflow/example_dags/example_latest_only_with_trigger.py
[2025-04-29T19:49:45.493+0000] {processor.py:830} INFO - Processing file /home/airflow/.local/lib/python3.8/site-packages/airflow/example_dags/example_latest_only_with_trigger.py for tasks to queue
[2025-04-29T19:49:45.494+0000] {logging_mixin.py:188} INFO - [2025-04-29T19:49:45.494+0000] {dagbag.py:538} INFO - Filling up the DagBag from /home/airflow/.local/lib/python3.8/site-packages/airflow/example_dags/example_latest_only_with_trigger.py
[2025-04-29T19:49:45.500+0000] {processor.py:840} INFO - DAG(s) 'latest_only_with_trigger' retrieved from /home/airflow/.local/lib/python3.8/site-packages/airflow/example_dags/example_latest_only_with_trigger.py
[2025-04-29T19:49:45.524+0000] {logging_mixin.py:188} INFO - [2025-04-29T19:49:45.524+0000] {dag.py:3036} INFO - Sync 1 DAGs
[2025-04-29T19:49:45.555+0000] {logging_mixin.py:188} INFO - [2025-04-29T19:49:45.555+0000] {dag.py:3823} INFO - Setting next_dagrun for latest_only_with_trigger to 2025-04-29 12:00:00+00:00, run_after=2025-04-29 16:00:00+00:00
[2025-04-29T19:49:45.573+0000] {processor.py:183} INFO - Processing /home/airflow/.local/lib/python3.8/site-packages/airflow/example_dags/example_latest_only_with_trigger.py took 0.084 seconds
[2025-04-29T19:50:15.685+0000] {processor.py:161} INFO - Started process (PID=234) to work on /home/airflow/.local/lib/python3.8/site-packages/airflow/example_dags/example_latest_only_with_trigger.py
[2025-04-29T19:50:15.685+0000] {processor.py:830} INFO - Processing file /home/airflow/.local/lib/python3.8/site-packages/airflow/example_dags/example_latest_only_with_trigger.py for tasks to queue
[2025-04-29T19:50:15.687+0000] {logging_mixin.py:188} INFO - [2025-04-29T19:50:15.687+0000] {dagbag.py:538} INFO - Filling up the DagBag from /home/airflow/.local/lib/python3.8/site-packages/airflow/example_dags/example_latest_only_with_trigger.py
[2025-04-29T19:50:15.692+0000] {processor.py:840} INFO - DAG(s) 'latest_only_with_trigger' retrieved from /home/airflow/.local/lib/python3.8/site-packages/airflow/example_dags/example_latest_only_with_trigger.py
[2025-04-29T19:50:15.713+0000] {logging_mixin.py:188} INFO - [2025-04-29T19:50:15.713+0000] {dag.py:3036} INFO - Sync 1 DAGs
[2025-04-29T19:50:15.735+0000] {logging_mixin.py:188} INFO - [2025-04-29T19:50:15.735+0000] {dag.py:3823} INFO - Setting next_dagrun for latest_only_with_trigger to 2025-04-29 12:00:00+00:00, run_after=2025-04-29 16:00:00+00:00
[2025-04-29T19:50:15.757+0000] {processor.py:183} INFO - Processing /home/airflow/.local/lib/python3.8/site-packages/airflow/example_dags/example_latest_only_with_trigger.py took 0.075 seconds
