[2025-04-29T19:49:11.062+0000] {processor.py:161} INFO - Started process (PID=93) to work on /home/airflow/.local/lib/python3.8/site-packages/airflow/example_dags/example_sla_dag.py
[2025-04-29T19:49:11.063+0000] {processor.py:830} INFO - Processing file /home/airflow/.local/lib/python3.8/site-packages/airflow/example_dags/example_sla_dag.py for tasks to queue
[2025-04-29T19:49:11.065+0000] {logging_mixin.py:188} INFO - [2025-04-29T19:49:11.064+0000] {dagbag.py:538} INFO - Filling up the DagBag from /home/airflow/.local/lib/python3.8/site-packages/airflow/example_dags/example_sla_dag.py
[2025-04-29T19:49:11.077+0000] {processor.py:840} INFO - DAG(s) 'example_sla_dag' retrieved from /home/airflow/.local/lib/python3.8/site-packages/airflow/example_dags/example_sla_dag.py
[2025-04-29T19:49:11.188+0000] {logging_mixin.py:188} INFO - [2025-04-29T19:49:11.187+0000] {dag.py:3036} INFO - Sync 1 DAGs
[2025-04-29T19:49:11.218+0000] {logging_mixin.py:188} INFO - [2025-04-29T19:49:11.218+0000] {dag.py:3823} INFO - Setting next_dagrun for example_sla_dag to 2025-04-29 19:46:00+00:00, run_after=2025-04-29 19:48:00+00:00
[2025-04-29T19:49:11.254+0000] {processor.py:183} INFO - Processing /home/airflow/.local/lib/python3.8/site-packages/airflow/example_dags/example_sla_dag.py took 0.195 seconds
[2025-04-29T19:49:41.617+0000] {processor.py:161} INFO - Started process (PID=149) to work on /home/airflow/.local/lib/python3.8/site-packages/airflow/example_dags/example_sla_dag.py
[2025-04-29T19:49:41.618+0000] {processor.py:830} INFO - Processing file /home/airflow/.local/lib/python3.8/site-packages/airflow/example_dags/example_sla_dag.py for tasks to queue
[2025-04-29T19:49:41.620+0000] {logging_mixin.py:188} INFO - [2025-04-29T19:49:41.620+0000] {dagbag.py:538} INFO - Filling up the DagBag from /home/airflow/.local/lib/python3.8/site-packages/airflow/example_dags/example_sla_dag.py
[2025-04-29T19:49:41.630+0000] {processor.py:840} INFO - DAG(s) 'example_sla_dag' retrieved from /home/airflow/.local/lib/python3.8/site-packages/airflow/example_dags/example_sla_dag.py
[2025-04-29T19:49:41.651+0000] {logging_mixin.py:188} INFO - [2025-04-29T19:49:41.651+0000] {dag.py:3036} INFO - Sync 1 DAGs
[2025-04-29T19:49:41.681+0000] {logging_mixin.py:188} INFO - [2025-04-29T19:49:41.681+0000] {dag.py:3823} INFO - Setting next_dagrun for example_sla_dag to 2025-04-29 19:46:00+00:00, run_after=2025-04-29 19:48:00+00:00
[2025-04-29T19:49:41.702+0000] {processor.py:183} INFO - Processing /home/airflow/.local/lib/python3.8/site-packages/airflow/example_dags/example_sla_dag.py took 0.089 seconds
[2025-04-29T19:50:11.822+0000] {processor.py:161} INFO - Started process (PID=205) to work on /home/airflow/.local/lib/python3.8/site-packages/airflow/example_dags/example_sla_dag.py
[2025-04-29T19:50:11.823+0000] {processor.py:830} INFO - Processing file /home/airflow/.local/lib/python3.8/site-packages/airflow/example_dags/example_sla_dag.py for tasks to queue
[2025-04-29T19:50:11.825+0000] {logging_mixin.py:188} INFO - [2025-04-29T19:50:11.824+0000] {dagbag.py:538} INFO - Filling up the DagBag from /home/airflow/.local/lib/python3.8/site-packages/airflow/example_dags/example_sla_dag.py
[2025-04-29T19:50:11.834+0000] {processor.py:840} INFO - DAG(s) 'example_sla_dag' retrieved from /home/airflow/.local/lib/python3.8/site-packages/airflow/example_dags/example_sla_dag.py
[2025-04-29T19:50:11.854+0000] {logging_mixin.py:188} INFO - [2025-04-29T19:50:11.853+0000] {dag.py:3036} INFO - Sync 1 DAGs
[2025-04-29T19:50:11.880+0000] {logging_mixin.py:188} INFO - [2025-04-29T19:50:11.880+0000] {dag.py:3823} INFO - Setting next_dagrun for example_sla_dag to 2025-04-29 19:48:00+00:00, run_after=2025-04-29 19:50:00+00:00
[2025-04-29T19:50:11.899+0000] {processor.py:183} INFO - Processing /home/airflow/.local/lib/python3.8/site-packages/airflow/example_dags/example_sla_dag.py took 0.080 seconds
