[2025-04-29T19:49:15.602+0000] {processor.py:161} INFO - Started process (PID=130) to work on /home/airflow/.local/lib/python3.8/site-packages/airflow/example_dags/example_branch_datetime_operator.py
[2025-04-29T19:49:15.602+0000] {processor.py:830} INFO - Processing file /home/airflow/.local/lib/python3.8/site-packages/airflow/example_dags/example_branch_datetime_operator.py for tasks to queue
[2025-04-29T19:49:15.604+0000] {logging_mixin.py:188} INFO - [2025-04-29T19:49:15.604+0000] {dagbag.py:538} INFO - Filling up the DagBag from /home/airflow/.local/lib/python3.8/site-packages/airflow/example_dags/example_branch_datetime_operator.py
[2025-04-29T19:49:15.616+0000] {processor.py:840} INFO - DAG(s) 'example_branch_datetime_operator_2', 'example_branch_datetime_operator', 'example_branch_datetime_operator_3' retrieved from /home/airflow/.local/lib/python3.8/site-packages/airflow/example_dags/example_branch_datetime_operator.py
[2025-04-29T19:49:15.770+0000] {logging_mixin.py:188} INFO - [2025-04-29T19:49:15.770+0000] {dag.py:3036} INFO - Sync 3 DAGs
[2025-04-29T19:49:15.797+0000] {logging_mixin.py:188} INFO - [2025-04-29T19:49:15.796+0000] {dag.py:3823} INFO - Setting next_dagrun for example_branch_datetime_operator to 2025-04-28 00:00:00+00:00, run_after=2025-04-29 00:00:00+00:00
[2025-04-29T19:49:15.804+0000] {logging_mixin.py:188} INFO - [2025-04-29T19:49:15.804+0000] {dag.py:3823} INFO - Setting next_dagrun for example_branch_datetime_operator_2 to 2025-04-28 00:00:00+00:00, run_after=2025-04-29 00:00:00+00:00
[2025-04-29T19:49:15.809+0000] {logging_mixin.py:188} INFO - [2025-04-29T19:49:15.809+0000] {dag.py:3823} INFO - Setting next_dagrun for example_branch_datetime_operator_3 to 2025-04-28 00:00:00+00:00, run_after=2025-04-29 00:00:00+00:00
[2025-04-29T19:49:15.827+0000] {processor.py:183} INFO - Processing /home/airflow/.local/lib/python3.8/site-packages/airflow/example_dags/example_branch_datetime_operator.py took 0.229 seconds
[2025-04-29T19:49:45.919+0000] {processor.py:161} INFO - Started process (PID=186) to work on /home/airflow/.local/lib/python3.8/site-packages/airflow/example_dags/example_branch_datetime_operator.py
[2025-04-29T19:49:45.919+0000] {processor.py:830} INFO - Processing file /home/airflow/.local/lib/python3.8/site-packages/airflow/example_dags/example_branch_datetime_operator.py for tasks to queue
[2025-04-29T19:49:45.921+0000] {logging_mixin.py:188} INFO - [2025-04-29T19:49:45.921+0000] {dagbag.py:538} INFO - Filling up the DagBag from /home/airflow/.local/lib/python3.8/site-packages/airflow/example_dags/example_branch_datetime_operator.py
[2025-04-29T19:49:45.932+0000] {processor.py:840} INFO - DAG(s) 'example_branch_datetime_operator', 'example_branch_datetime_operator_2', 'example_branch_datetime_operator_3' retrieved from /home/airflow/.local/lib/python3.8/site-packages/airflow/example_dags/example_branch_datetime_operator.py
[2025-04-29T19:49:45.960+0000] {logging_mixin.py:188} INFO - [2025-04-29T19:49:45.960+0000] {dag.py:3036} INFO - Sync 3 DAGs
[2025-04-29T19:49:45.985+0000] {logging_mixin.py:188} INFO - [2025-04-29T19:49:45.985+0000] {dag.py:3823} INFO - Setting next_dagrun for example_branch_datetime_operator to 2025-04-28 00:00:00+00:00, run_after=2025-04-29 00:00:00+00:00
[2025-04-29T19:49:45.991+0000] {logging_mixin.py:188} INFO - [2025-04-29T19:49:45.991+0000] {dag.py:3823} INFO - Setting next_dagrun for example_branch_datetime_operator_2 to 2025-04-28 00:00:00+00:00, run_after=2025-04-29 00:00:00+00:00
[2025-04-29T19:49:45.994+0000] {logging_mixin.py:188} INFO - [2025-04-29T19:49:45.993+0000] {dag.py:3823} INFO - Setting next_dagrun for example_branch_datetime_operator_3 to 2025-04-28 00:00:00+00:00, run_after=2025-04-29 00:00:00+00:00
[2025-04-29T19:49:46.010+0000] {processor.py:183} INFO - Processing /home/airflow/.local/lib/python3.8/site-packages/airflow/example_dags/example_branch_datetime_operator.py took 0.095 seconds
[2025-04-29T19:50:16.207+0000] {processor.py:161} INFO - Started process (PID=242) to work on /home/airflow/.local/lib/python3.8/site-packages/airflow/example_dags/example_branch_datetime_operator.py
[2025-04-29T19:50:16.208+0000] {processor.py:830} INFO - Processing file /home/airflow/.local/lib/python3.8/site-packages/airflow/example_dags/example_branch_datetime_operator.py for tasks to queue
[2025-04-29T19:50:16.210+0000] {logging_mixin.py:188} INFO - [2025-04-29T19:50:16.209+0000] {dagbag.py:538} INFO - Filling up the DagBag from /home/airflow/.local/lib/python3.8/site-packages/airflow/example_dags/example_branch_datetime_operator.py
[2025-04-29T19:50:16.222+0000] {processor.py:840} INFO - DAG(s) 'example_branch_datetime_operator_2', 'example_branch_datetime_operator', 'example_branch_datetime_operator_3' retrieved from /home/airflow/.local/lib/python3.8/site-packages/airflow/example_dags/example_branch_datetime_operator.py
[2025-04-29T19:50:16.251+0000] {logging_mixin.py:188} INFO - [2025-04-29T19:50:16.250+0000] {dag.py:3036} INFO - Sync 3 DAGs
[2025-04-29T19:50:16.275+0000] {logging_mixin.py:188} INFO - [2025-04-29T19:50:16.275+0000] {dag.py:3823} INFO - Setting next_dagrun for example_branch_datetime_operator to 2025-04-28 00:00:00+00:00, run_after=2025-04-29 00:00:00+00:00
[2025-04-29T19:50:16.281+0000] {logging_mixin.py:188} INFO - [2025-04-29T19:50:16.281+0000] {dag.py:3823} INFO - Setting next_dagrun for example_branch_datetime_operator_2 to 2025-04-28 00:00:00+00:00, run_after=2025-04-29 00:00:00+00:00
[2025-04-29T19:50:16.284+0000] {logging_mixin.py:188} INFO - [2025-04-29T19:50:16.284+0000] {dag.py:3823} INFO - Setting next_dagrun for example_branch_datetime_operator_3 to 2025-04-28 00:00:00+00:00, run_after=2025-04-29 00:00:00+00:00
[2025-04-29T19:50:16.300+0000] {processor.py:183} INFO - Processing /home/airflow/.local/lib/python3.8/site-packages/airflow/example_dags/example_branch_datetime_operator.py took 0.097 seconds
