[2025-04-29T19:49:13.910+0000] {processor.py:161} INFO - Started process (PID=117) to work on /home/airflow/.local/lib/python3.8/site-packages/airflow/example_dags/example_dag_decorator.py
[2025-04-29T19:49:13.911+0000] {processor.py:830} INFO - Processing file /home/airflow/.local/lib/python3.8/site-packages/airflow/example_dags/example_dag_decorator.py for tasks to queue
[2025-04-29T19:49:13.912+0000] {logging_mixin.py:188} INFO - [2025-04-29T19:49:13.912+0000] {dagbag.py:538} INFO - Filling up the DagBag from /home/airflow/.local/lib/python3.8/site-packages/airflow/example_dags/example_dag_decorator.py
[2025-04-29T19:49:14.153+0000] {processor.py:840} INFO - DAG(s) 'example_dag_decorator' retrieved from /home/airflow/.local/lib/python3.8/site-packages/airflow/example_dags/example_dag_decorator.py
[2025-04-29T19:49:14.266+0000] {logging_mixin.py:188} INFO - [2025-04-29T19:49:14.266+0000] {dag.py:3036} INFO - Sync 1 DAGs
[2025-04-29T19:49:14.278+0000] {logging_mixin.py:188} INFO - [2025-04-29T19:49:14.277+0000] {dag.py:3823} INFO - Setting next_dagrun for example_dag_decorator to None, run_after=None
[2025-04-29T19:49:14.294+0000] {processor.py:183} INFO - Processing /home/airflow/.local/lib/python3.8/site-packages/airflow/example_dags/example_dag_decorator.py took 0.387 seconds
[2025-04-29T19:49:45.184+0000] {processor.py:161} INFO - Started process (PID=173) to work on /home/airflow/.local/lib/python3.8/site-packages/airflow/example_dags/example_dag_decorator.py
[2025-04-29T19:49:45.185+0000] {processor.py:830} INFO - Processing file /home/airflow/.local/lib/python3.8/site-packages/airflow/example_dags/example_dag_decorator.py for tasks to queue
[2025-04-29T19:49:45.187+0000] {logging_mixin.py:188} INFO - [2025-04-29T19:49:45.187+0000] {dagbag.py:538} INFO - Filling up the DagBag from /home/airflow/.local/lib/python3.8/site-packages/airflow/example_dags/example_dag_decorator.py
[2025-04-29T19:49:45.287+0000] {processor.py:840} INFO - DAG(s) 'example_dag_decorator' retrieved from /home/airflow/.local/lib/python3.8/site-packages/airflow/example_dags/example_dag_decorator.py
[2025-04-29T19:49:45.413+0000] {logging_mixin.py:188} INFO - [2025-04-29T19:49:45.412+0000] {dag.py:3036} INFO - Sync 1 DAGs
[2025-04-29T19:49:45.423+0000] {logging_mixin.py:188} INFO - [2025-04-29T19:49:45.423+0000] {dag.py:3823} INFO - Setting next_dagrun for example_dag_decorator to None, run_after=None
[2025-04-29T19:49:45.441+0000] {processor.py:183} INFO - Processing /home/airflow/.local/lib/python3.8/site-packages/airflow/example_dags/example_dag_decorator.py took 0.260 seconds
[2025-04-29T19:50:15.492+0000] {processor.py:161} INFO - Started process (PID=231) to work on /home/airflow/.local/lib/python3.8/site-packages/airflow/example_dags/example_dag_decorator.py
[2025-04-29T19:50:15.493+0000] {processor.py:830} INFO - Processing file /home/airflow/.local/lib/python3.8/site-packages/airflow/example_dags/example_dag_decorator.py for tasks to queue
[2025-04-29T19:50:15.495+0000] {logging_mixin.py:188} INFO - [2025-04-29T19:50:15.495+0000] {dagbag.py:538} INFO - Filling up the DagBag from /home/airflow/.local/lib/python3.8/site-packages/airflow/example_dags/example_dag_decorator.py
[2025-04-29T19:50:15.595+0000] {processor.py:840} INFO - DAG(s) 'example_dag_decorator' retrieved from /home/airflow/.local/lib/python3.8/site-packages/airflow/example_dags/example_dag_decorator.py
[2025-04-29T19:50:15.705+0000] {logging_mixin.py:188} INFO - [2025-04-29T19:50:15.705+0000] {dag.py:3036} INFO - Sync 1 DAGs
[2025-04-29T19:50:15.715+0000] {logging_mixin.py:188} INFO - [2025-04-29T19:50:15.715+0000] {dag.py:3823} INFO - Setting next_dagrun for example_dag_decorator to None, run_after=None
[2025-04-29T19:50:15.736+0000] {processor.py:183} INFO - Processing /home/airflow/.local/lib/python3.8/site-packages/airflow/example_dags/example_dag_decorator.py took 0.247 seconds
