[2025-04-29T19:49:15.359+0000] {processor.py:161} INFO - Started process (PID=127) to work on /home/airflow/.local/lib/python3.8/site-packages/airflow/example_dags/example_xcom.py
[2025-04-29T19:49:15.360+0000] {processor.py:830} INFO - Processing file /home/airflow/.local/lib/python3.8/site-packages/airflow/example_dags/example_xcom.py for tasks to queue
[2025-04-29T19:49:15.361+0000] {logging_mixin.py:188} INFO - [2025-04-29T19:49:15.361+0000] {dagbag.py:538} INFO - Filling up the DagBag from /home/airflow/.local/lib/python3.8/site-packages/airflow/example_dags/example_xcom.py
[2025-04-29T19:49:15.371+0000] {processor.py:840} INFO - DAG(s) 'example_xcom' retrieved from /home/airflow/.local/lib/python3.8/site-packages/airflow/example_dags/example_xcom.py
[2025-04-29T19:49:15.489+0000] {logging_mixin.py:188} INFO - [2025-04-29T19:49:15.489+0000] {dag.py:3036} INFO - Sync 1 DAGs
[2025-04-29T19:49:15.512+0000] {logging_mixin.py:188} INFO - [2025-04-29T19:49:15.512+0000] {dag.py:3823} INFO - Setting next_dagrun for example_xcom to 2021-01-01 00:00:00+00:00, run_after=2021-01-01 00:00:00+00:00
[2025-04-29T19:49:15.533+0000] {processor.py:183} INFO - Processing /home/airflow/.local/lib/python3.8/site-packages/airflow/example_dags/example_xcom.py took 0.178 seconds
[2025-04-29T19:49:45.770+0000] {processor.py:161} INFO - Started process (PID=183) to work on /home/airflow/.local/lib/python3.8/site-packages/airflow/example_dags/example_xcom.py
[2025-04-29T19:49:45.771+0000] {processor.py:830} INFO - Processing file /home/airflow/.local/lib/python3.8/site-packages/airflow/example_dags/example_xcom.py for tasks to queue
[2025-04-29T19:49:45.772+0000] {logging_mixin.py:188} INFO - [2025-04-29T19:49:45.772+0000] {dagbag.py:538} INFO - Filling up the DagBag from /home/airflow/.local/lib/python3.8/site-packages/airflow/example_dags/example_xcom.py
[2025-04-29T19:49:45.780+0000] {processor.py:840} INFO - DAG(s) 'example_xcom' retrieved from /home/airflow/.local/lib/python3.8/site-packages/airflow/example_dags/example_xcom.py
[2025-04-29T19:49:45.805+0000] {logging_mixin.py:188} INFO - [2025-04-29T19:49:45.805+0000] {dag.py:3036} INFO - Sync 1 DAGs
[2025-04-29T19:49:45.829+0000] {logging_mixin.py:188} INFO - [2025-04-29T19:49:45.829+0000] {dag.py:3823} INFO - Setting next_dagrun for example_xcom to 2021-01-01 00:00:00+00:00, run_after=2021-01-01 00:00:00+00:00
[2025-04-29T19:49:45.850+0000] {processor.py:183} INFO - Processing /home/airflow/.local/lib/python3.8/site-packages/airflow/example_dags/example_xcom.py took 0.083 seconds
[2025-04-29T19:50:16.029+0000] {processor.py:161} INFO - Started process (PID=239) to work on /home/airflow/.local/lib/python3.8/site-packages/airflow/example_dags/example_xcom.py
[2025-04-29T19:50:16.030+0000] {processor.py:830} INFO - Processing file /home/airflow/.local/lib/python3.8/site-packages/airflow/example_dags/example_xcom.py for tasks to queue
[2025-04-29T19:50:16.031+0000] {logging_mixin.py:188} INFO - [2025-04-29T19:50:16.031+0000] {dagbag.py:538} INFO - Filling up the DagBag from /home/airflow/.local/lib/python3.8/site-packages/airflow/example_dags/example_xcom.py
[2025-04-29T19:50:16.039+0000] {processor.py:840} INFO - DAG(s) 'example_xcom' retrieved from /home/airflow/.local/lib/python3.8/site-packages/airflow/example_dags/example_xcom.py
[2025-04-29T19:50:16.060+0000] {logging_mixin.py:188} INFO - [2025-04-29T19:50:16.059+0000] {dag.py:3036} INFO - Sync 1 DAGs
[2025-04-29T19:50:16.081+0000] {logging_mixin.py:188} INFO - [2025-04-29T19:50:16.081+0000] {dag.py:3823} INFO - Setting next_dagrun for example_xcom to 2021-01-01 00:00:00+00:00, run_after=2021-01-01 00:00:00+00:00
[2025-04-29T19:50:16.100+0000] {processor.py:183} INFO - Processing /home/airflow/.local/lib/python3.8/site-packages/airflow/example_dags/example_xcom.py took 0.075 seconds
