[2025-04-29T19:49:11.285+0000] {processor.py:161} INFO - Started process (PID=95) to work on /home/airflow/.local/lib/python3.8/site-packages/airflow/example_dags/example_sensors.py
[2025-04-29T19:49:11.286+0000] {processor.py:830} INFO - Processing file /home/airflow/.local/lib/python3.8/site-packages/airflow/example_dags/example_sensors.py for tasks to queue
[2025-04-29T19:49:11.287+0000] {logging_mixin.py:188} INFO - [2025-04-29T19:49:11.287+0000] {dagbag.py:538} INFO - Filling up the DagBag from /home/airflow/.local/lib/python3.8/site-packages/airflow/example_dags/example_sensors.py
[2025-04-29T19:49:11.300+0000] {processor.py:840} INFO - DAG(s) 'example_sensors' retrieved from /home/airflow/.local/lib/python3.8/site-packages/airflow/example_dags/example_sensors.py
[2025-04-29T19:49:11.432+0000] {logging_mixin.py:188} INFO - [2025-04-29T19:49:11.432+0000] {dag.py:3036} INFO - Sync 1 DAGs
[2025-04-29T19:49:11.447+0000] {logging_mixin.py:188} INFO - [2025-04-29T19:49:11.447+0000] {dag.py:3823} INFO - Setting next_dagrun for example_sensors to None, run_after=None
[2025-04-29T19:49:11.494+0000] {processor.py:183} INFO - Processing /home/airflow/.local/lib/python3.8/site-packages/airflow/example_dags/example_sensors.py took 0.213 seconds
[2025-04-29T19:49:41.723+0000] {processor.py:161} INFO - Started process (PID=151) to work on /home/airflow/.local/lib/python3.8/site-packages/airflow/example_dags/example_sensors.py
[2025-04-29T19:49:41.724+0000] {processor.py:830} INFO - Processing file /home/airflow/.local/lib/python3.8/site-packages/airflow/example_dags/example_sensors.py for tasks to queue
[2025-04-29T19:49:41.726+0000] {logging_mixin.py:188} INFO - [2025-04-29T19:49:41.726+0000] {dagbag.py:538} INFO - Filling up the DagBag from /home/airflow/.local/lib/python3.8/site-packages/airflow/example_dags/example_sensors.py
[2025-04-29T19:49:41.735+0000] {processor.py:840} INFO - DAG(s) 'example_sensors' retrieved from /home/airflow/.local/lib/python3.8/site-packages/airflow/example_dags/example_sensors.py
[2025-04-29T19:49:41.763+0000] {logging_mixin.py:188} INFO - [2025-04-29T19:49:41.762+0000] {dag.py:3036} INFO - Sync 1 DAGs
[2025-04-29T19:49:41.775+0000] {logging_mixin.py:188} INFO - [2025-04-29T19:49:41.774+0000] {dag.py:3823} INFO - Setting next_dagrun for example_sensors to None, run_after=None
[2025-04-29T19:49:41.793+0000] {processor.py:183} INFO - Processing /home/airflow/.local/lib/python3.8/site-packages/airflow/example_dags/example_sensors.py took 0.073 seconds
[2025-04-29T19:50:11.920+0000] {processor.py:161} INFO - Started process (PID=207) to work on /home/airflow/.local/lib/python3.8/site-packages/airflow/example_dags/example_sensors.py
[2025-04-29T19:50:11.921+0000] {processor.py:830} INFO - Processing file /home/airflow/.local/lib/python3.8/site-packages/airflow/example_dags/example_sensors.py for tasks to queue
[2025-04-29T19:50:11.922+0000] {logging_mixin.py:188} INFO - [2025-04-29T19:50:11.922+0000] {dagbag.py:538} INFO - Filling up the DagBag from /home/airflow/.local/lib/python3.8/site-packages/airflow/example_dags/example_sensors.py
[2025-04-29T19:50:11.932+0000] {processor.py:840} INFO - DAG(s) 'example_sensors' retrieved from /home/airflow/.local/lib/python3.8/site-packages/airflow/example_dags/example_sensors.py
[2025-04-29T19:50:11.958+0000] {logging_mixin.py:188} INFO - [2025-04-29T19:50:11.958+0000] {dag.py:3036} INFO - Sync 1 DAGs
[2025-04-29T19:50:11.972+0000] {logging_mixin.py:188} INFO - [2025-04-29T19:50:11.971+0000] {dag.py:3823} INFO - Setting next_dagrun for example_sensors to None, run_after=None
[2025-04-29T19:50:11.994+0000] {processor.py:183} INFO - Processing /home/airflow/.local/lib/python3.8/site-packages/airflow/example_dags/example_sensors.py took 0.078 seconds
