[2025-04-29T19:49:12.968+0000] {processor.py:161} INFO - Started process (PID=109) to work on /home/airflow/.local/lib/python3.8/site-packages/airflow/example_dags/example_skip_dag.py
[2025-04-29T19:49:12.969+0000] {processor.py:830} INFO - Processing file /home/airflow/.local/lib/python3.8/site-packages/airflow/example_dags/example_skip_dag.py for tasks to queue
[2025-04-29T19:49:12.971+0000] {logging_mixin.py:188} INFO - [2025-04-29T19:49:12.970+0000] {dagbag.py:538} INFO - Filling up the DagBag from /home/airflow/.local/lib/python3.8/site-packages/airflow/example_dags/example_skip_dag.py
[2025-04-29T19:49:12.984+0000] {processor.py:840} INFO - DAG(s) 'example_skip_dag' retrieved from /home/airflow/.local/lib/python3.8/site-packages/airflow/example_dags/example_skip_dag.py
[2025-04-29T19:49:13.149+0000] {logging_mixin.py:188} INFO - [2025-04-29T19:49:13.149+0000] {dag.py:3036} INFO - Sync 1 DAGs
[2025-04-29T19:49:13.172+0000] {logging_mixin.py:188} INFO - [2025-04-29T19:49:13.172+0000] {dag.py:3823} INFO - Setting next_dagrun for example_skip_dag to 2025-04-28 00:00:00+00:00, run_after=2025-04-29 00:00:00+00:00
[2025-04-29T19:49:13.197+0000] {processor.py:183} INFO - Processing /home/airflow/.local/lib/python3.8/site-packages/airflow/example_dags/example_skip_dag.py took 0.232 seconds
[2025-04-29T19:49:43.641+0000] {processor.py:161} INFO - Started process (PID=165) to work on /home/airflow/.local/lib/python3.8/site-packages/airflow/example_dags/example_skip_dag.py
[2025-04-29T19:49:43.642+0000] {processor.py:830} INFO - Processing file /home/airflow/.local/lib/python3.8/site-packages/airflow/example_dags/example_skip_dag.py for tasks to queue
[2025-04-29T19:49:43.644+0000] {logging_mixin.py:188} INFO - [2025-04-29T19:49:43.644+0000] {dagbag.py:538} INFO - Filling up the DagBag from /home/airflow/.local/lib/python3.8/site-packages/airflow/example_dags/example_skip_dag.py
[2025-04-29T19:49:43.652+0000] {processor.py:840} INFO - DAG(s) 'example_skip_dag' retrieved from /home/airflow/.local/lib/python3.8/site-packages/airflow/example_dags/example_skip_dag.py
[2025-04-29T19:49:43.677+0000] {logging_mixin.py:188} INFO - [2025-04-29T19:49:43.677+0000] {dag.py:3036} INFO - Sync 1 DAGs
[2025-04-29T19:49:43.700+0000] {logging_mixin.py:188} INFO - [2025-04-29T19:49:43.700+0000] {dag.py:3823} INFO - Setting next_dagrun for example_skip_dag to 2025-04-28 00:00:00+00:00, run_after=2025-04-29 00:00:00+00:00
[2025-04-29T19:49:43.721+0000] {processor.py:183} INFO - Processing /home/airflow/.local/lib/python3.8/site-packages/airflow/example_dags/example_skip_dag.py took 0.083 seconds
[2025-04-29T19:50:13.847+0000] {processor.py:161} INFO - Started process (PID=221) to work on /home/airflow/.local/lib/python3.8/site-packages/airflow/example_dags/example_skip_dag.py
[2025-04-29T19:50:13.848+0000] {processor.py:830} INFO - Processing file /home/airflow/.local/lib/python3.8/site-packages/airflow/example_dags/example_skip_dag.py for tasks to queue
[2025-04-29T19:50:13.850+0000] {logging_mixin.py:188} INFO - [2025-04-29T19:50:13.850+0000] {dagbag.py:538} INFO - Filling up the DagBag from /home/airflow/.local/lib/python3.8/site-packages/airflow/example_dags/example_skip_dag.py
[2025-04-29T19:50:13.858+0000] {processor.py:840} INFO - DAG(s) 'example_skip_dag' retrieved from /home/airflow/.local/lib/python3.8/site-packages/airflow/example_dags/example_skip_dag.py
[2025-04-29T19:50:13.883+0000] {logging_mixin.py:188} INFO - [2025-04-29T19:50:13.883+0000] {dag.py:3036} INFO - Sync 1 DAGs
[2025-04-29T19:50:13.907+0000] {logging_mixin.py:188} INFO - [2025-04-29T19:50:13.907+0000] {dag.py:3823} INFO - Setting next_dagrun for example_skip_dag to 2025-04-28 00:00:00+00:00, run_after=2025-04-29 00:00:00+00:00
[2025-04-29T19:50:13.929+0000] {processor.py:183} INFO - Processing /home/airflow/.local/lib/python3.8/site-packages/airflow/example_dags/example_skip_dag.py took 0.086 seconds
