[2025-04-29T19:49:13.611+0000] {processor.py:161} INFO - Started process (PID=114) to work on /home/airflow/.local/lib/python3.8/site-packages/airflow/example_dags/example_short_circuit_operator.py
[2025-04-29T19:49:13.612+0000] {processor.py:830} INFO - Processing file /home/airflow/.local/lib/python3.8/site-packages/airflow/example_dags/example_short_circuit_operator.py for tasks to queue
[2025-04-29T19:49:13.614+0000] {logging_mixin.py:188} INFO - [2025-04-29T19:49:13.613+0000] {dagbag.py:538} INFO - Filling up the DagBag from /home/airflow/.local/lib/python3.8/site-packages/airflow/example_dags/example_short_circuit_operator.py
[2025-04-29T19:49:13.626+0000] {processor.py:840} INFO - DAG(s) 'example_short_circuit_operator' retrieved from /home/airflow/.local/lib/python3.8/site-packages/airflow/example_dags/example_short_circuit_operator.py
[2025-04-29T19:49:13.773+0000] {logging_mixin.py:188} INFO - [2025-04-29T19:49:13.773+0000] {dag.py:3036} INFO - Sync 1 DAGs
[2025-04-29T19:49:13.796+0000] {logging_mixin.py:188} INFO - [2025-04-29T19:49:13.796+0000] {dag.py:3823} INFO - Setting next_dagrun for example_short_circuit_operator to 2025-04-28 00:00:00+00:00, run_after=2025-04-29 00:00:00+00:00
[2025-04-29T19:49:13.821+0000] {processor.py:183} INFO - Processing /home/airflow/.local/lib/python3.8/site-packages/airflow/example_dags/example_short_circuit_operator.py took 0.213 seconds
[2025-04-29T19:49:43.962+0000] {processor.py:161} INFO - Started process (PID=170) to work on /home/airflow/.local/lib/python3.8/site-packages/airflow/example_dags/example_short_circuit_operator.py
[2025-04-29T19:49:43.963+0000] {processor.py:830} INFO - Processing file /home/airflow/.local/lib/python3.8/site-packages/airflow/example_dags/example_short_circuit_operator.py for tasks to queue
[2025-04-29T19:49:43.965+0000] {logging_mixin.py:188} INFO - [2025-04-29T19:49:43.965+0000] {dagbag.py:538} INFO - Filling up the DagBag from /home/airflow/.local/lib/python3.8/site-packages/airflow/example_dags/example_short_circuit_operator.py
[2025-04-29T19:49:43.972+0000] {processor.py:840} INFO - DAG(s) 'example_short_circuit_operator' retrieved from /home/airflow/.local/lib/python3.8/site-packages/airflow/example_dags/example_short_circuit_operator.py
[2025-04-29T19:49:44.004+0000] {logging_mixin.py:188} INFO - [2025-04-29T19:49:44.004+0000] {dag.py:3036} INFO - Sync 1 DAGs
[2025-04-29T19:49:44.027+0000] {logging_mixin.py:188} INFO - [2025-04-29T19:49:44.027+0000] {dag.py:3823} INFO - Setting next_dagrun for example_short_circuit_operator to 2025-04-28 00:00:00+00:00, run_after=2025-04-29 00:00:00+00:00
[2025-04-29T19:49:44.046+0000] {processor.py:183} INFO - Processing /home/airflow/.local/lib/python3.8/site-packages/airflow/example_dags/example_short_circuit_operator.py took 0.086 seconds
[2025-04-29T19:50:14.178+0000] {processor.py:161} INFO - Started process (PID=226) to work on /home/airflow/.local/lib/python3.8/site-packages/airflow/example_dags/example_short_circuit_operator.py
[2025-04-29T19:50:14.179+0000] {processor.py:830} INFO - Processing file /home/airflow/.local/lib/python3.8/site-packages/airflow/example_dags/example_short_circuit_operator.py for tasks to queue
[2025-04-29T19:50:14.181+0000] {logging_mixin.py:188} INFO - [2025-04-29T19:50:14.180+0000] {dagbag.py:538} INFO - Filling up the DagBag from /home/airflow/.local/lib/python3.8/site-packages/airflow/example_dags/example_short_circuit_operator.py
[2025-04-29T19:50:14.188+0000] {processor.py:840} INFO - DAG(s) 'example_short_circuit_operator' retrieved from /home/airflow/.local/lib/python3.8/site-packages/airflow/example_dags/example_short_circuit_operator.py
[2025-04-29T19:50:14.214+0000] {logging_mixin.py:188} INFO - [2025-04-29T19:50:14.214+0000] {dag.py:3036} INFO - Sync 1 DAGs
[2025-04-29T19:50:14.238+0000] {logging_mixin.py:188} INFO - [2025-04-29T19:50:14.237+0000] {dag.py:3823} INFO - Setting next_dagrun for example_short_circuit_operator to 2025-04-28 00:00:00+00:00, run_after=2025-04-29 00:00:00+00:00
[2025-04-29T19:50:14.261+0000] {processor.py:183} INFO - Processing /home/airflow/.local/lib/python3.8/site-packages/airflow/example_dags/example_short_circuit_operator.py took 0.086 seconds
