[2025-04-29T19:49:11.520+0000] {processor.py:161} INFO - Started process (PID=97) to work on /home/airflow/.local/lib/python3.8/site-packages/airflow/example_dags/example_task_group_decorator.py
[2025-04-29T19:49:11.521+0000] {processor.py:830} INFO - Processing file /home/airflow/.local/lib/python3.8/site-packages/airflow/example_dags/example_task_group_decorator.py for tasks to queue
[2025-04-29T19:49:11.522+0000] {logging_mixin.py:188} INFO - [2025-04-29T19:49:11.522+0000] {dagbag.py:538} INFO - Filling up the DagBag from /home/airflow/.local/lib/python3.8/site-packages/airflow/example_dags/example_task_group_decorator.py
[2025-04-29T19:49:11.542+0000] {processor.py:840} INFO - DAG(s) 'example_task_group_decorator' retrieved from /home/airflow/.local/lib/python3.8/site-packages/airflow/example_dags/example_task_group_decorator.py
[2025-04-29T19:49:11.667+0000] {logging_mixin.py:188} INFO - [2025-04-29T19:49:11.666+0000] {dag.py:3036} INFO - Sync 1 DAGs
[2025-04-29T19:49:11.687+0000] {logging_mixin.py:188} INFO - [2025-04-29T19:49:11.687+0000] {dag.py:3823} INFO - Setting next_dagrun for example_task_group_decorator to 2025-04-28 00:00:00+00:00, run_after=2025-04-29 00:00:00+00:00
[2025-04-29T19:49:11.721+0000] {processor.py:183} INFO - Processing /home/airflow/.local/lib/python3.8/site-packages/airflow/example_dags/example_task_group_decorator.py took 0.205 seconds
[2025-04-29T19:49:41.813+0000] {processor.py:161} INFO - Started process (PID=153) to work on /home/airflow/.local/lib/python3.8/site-packages/airflow/example_dags/example_task_group_decorator.py
[2025-04-29T19:49:41.814+0000] {processor.py:830} INFO - Processing file /home/airflow/.local/lib/python3.8/site-packages/airflow/example_dags/example_task_group_decorator.py for tasks to queue
[2025-04-29T19:49:41.816+0000] {logging_mixin.py:188} INFO - [2025-04-29T19:49:41.816+0000] {dagbag.py:538} INFO - Filling up the DagBag from /home/airflow/.local/lib/python3.8/site-packages/airflow/example_dags/example_task_group_decorator.py
[2025-04-29T19:49:41.832+0000] {processor.py:840} INFO - DAG(s) 'example_task_group_decorator' retrieved from /home/airflow/.local/lib/python3.8/site-packages/airflow/example_dags/example_task_group_decorator.py
[2025-04-29T19:49:41.860+0000] {logging_mixin.py:188} INFO - [2025-04-29T19:49:41.859+0000] {dag.py:3036} INFO - Sync 1 DAGs
[2025-04-29T19:49:41.881+0000] {logging_mixin.py:188} INFO - [2025-04-29T19:49:41.881+0000] {dag.py:3823} INFO - Setting next_dagrun for example_task_group_decorator to 2025-04-28 00:00:00+00:00, run_after=2025-04-29 00:00:00+00:00
[2025-04-29T19:49:41.904+0000] {processor.py:183} INFO - Processing /home/airflow/.local/lib/python3.8/site-packages/airflow/example_dags/example_task_group_decorator.py took 0.094 seconds
[2025-04-29T19:50:12.014+0000] {processor.py:161} INFO - Started process (PID=209) to work on /home/airflow/.local/lib/python3.8/site-packages/airflow/example_dags/example_task_group_decorator.py
[2025-04-29T19:50:12.015+0000] {processor.py:830} INFO - Processing file /home/airflow/.local/lib/python3.8/site-packages/airflow/example_dags/example_task_group_decorator.py for tasks to queue
[2025-04-29T19:50:12.017+0000] {logging_mixin.py:188} INFO - [2025-04-29T19:50:12.017+0000] {dagbag.py:538} INFO - Filling up the DagBag from /home/airflow/.local/lib/python3.8/site-packages/airflow/example_dags/example_task_group_decorator.py
[2025-04-29T19:50:12.032+0000] {processor.py:840} INFO - DAG(s) 'example_task_group_decorator' retrieved from /home/airflow/.local/lib/python3.8/site-packages/airflow/example_dags/example_task_group_decorator.py
[2025-04-29T19:50:12.058+0000] {logging_mixin.py:188} INFO - [2025-04-29T19:50:12.058+0000] {dag.py:3036} INFO - Sync 1 DAGs
[2025-04-29T19:50:12.081+0000] {logging_mixin.py:188} INFO - [2025-04-29T19:50:12.081+0000] {dag.py:3823} INFO - Setting next_dagrun for example_task_group_decorator to 2025-04-28 00:00:00+00:00, run_after=2025-04-29 00:00:00+00:00
[2025-04-29T19:50:12.100+0000] {processor.py:183} INFO - Processing /home/airflow/.local/lib/python3.8/site-packages/airflow/example_dags/example_task_group_decorator.py took 0.089 seconds
