[2025-04-29T19:49:11.406+0000] {processor.py:161} INFO - Started process (PID=96) to work on /home/airflow/.local/lib/python3.8/site-packages/airflow/example_dags/example_short_circuit_decorator.py
[2025-04-29T19:49:11.407+0000] {processor.py:830} INFO - Processing file /home/airflow/.local/lib/python3.8/site-packages/airflow/example_dags/example_short_circuit_decorator.py for tasks to queue
[2025-04-29T19:49:11.410+0000] {logging_mixin.py:188} INFO - [2025-04-29T19:49:11.409+0000] {dagbag.py:538} INFO - Filling up the DagBag from /home/airflow/.local/lib/python3.8/site-packages/airflow/example_dags/example_short_circuit_decorator.py
[2025-04-29T19:49:11.428+0000] {processor.py:840} INFO - DAG(s) 'example_short_circuit_decorator' retrieved from /home/airflow/.local/lib/python3.8/site-packages/airflow/example_dags/example_short_circuit_decorator.py
[2025-04-29T19:49:11.566+0000] {logging_mixin.py:188} INFO - [2025-04-29T19:49:11.565+0000] {dag.py:3036} INFO - Sync 1 DAGs
[2025-04-29T19:49:11.591+0000] {logging_mixin.py:188} INFO - [2025-04-29T19:49:11.591+0000] {dag.py:3823} INFO - Setting next_dagrun for example_short_circuit_decorator to 2025-04-28 00:00:00+00:00, run_after=2025-04-29 00:00:00+00:00
[2025-04-29T19:49:11.631+0000] {processor.py:183} INFO - Processing /home/airflow/.local/lib/python3.8/site-packages/airflow/example_dags/example_short_circuit_decorator.py took 0.229 seconds
[2025-04-29T19:49:41.760+0000] {processor.py:161} INFO - Started process (PID=152) to work on /home/airflow/.local/lib/python3.8/site-packages/airflow/example_dags/example_short_circuit_decorator.py
[2025-04-29T19:49:41.761+0000] {processor.py:830} INFO - Processing file /home/airflow/.local/lib/python3.8/site-packages/airflow/example_dags/example_short_circuit_decorator.py for tasks to queue
[2025-04-29T19:49:41.762+0000] {logging_mixin.py:188} INFO - [2025-04-29T19:49:41.762+0000] {dagbag.py:538} INFO - Filling up the DagBag from /home/airflow/.local/lib/python3.8/site-packages/airflow/example_dags/example_short_circuit_decorator.py
[2025-04-29T19:49:41.772+0000] {processor.py:840} INFO - DAG(s) 'example_short_circuit_decorator' retrieved from /home/airflow/.local/lib/python3.8/site-packages/airflow/example_dags/example_short_circuit_decorator.py
[2025-04-29T19:49:41.795+0000] {logging_mixin.py:188} INFO - [2025-04-29T19:49:41.795+0000] {dag.py:3036} INFO - Sync 1 DAGs
[2025-04-29T19:49:41.819+0000] {logging_mixin.py:188} INFO - [2025-04-29T19:49:41.819+0000] {dag.py:3823} INFO - Setting next_dagrun for example_short_circuit_decorator to 2025-04-28 00:00:00+00:00, run_after=2025-04-29 00:00:00+00:00
[2025-04-29T19:49:41.837+0000] {processor.py:183} INFO - Processing /home/airflow/.local/lib/python3.8/site-packages/airflow/example_dags/example_short_circuit_decorator.py took 0.080 seconds
[2025-04-29T19:50:11.966+0000] {processor.py:161} INFO - Started process (PID=208) to work on /home/airflow/.local/lib/python3.8/site-packages/airflow/example_dags/example_short_circuit_decorator.py
[2025-04-29T19:50:11.967+0000] {processor.py:830} INFO - Processing file /home/airflow/.local/lib/python3.8/site-packages/airflow/example_dags/example_short_circuit_decorator.py for tasks to queue
[2025-04-29T19:50:11.968+0000] {logging_mixin.py:188} INFO - [2025-04-29T19:50:11.968+0000] {dagbag.py:538} INFO - Filling up the DagBag from /home/airflow/.local/lib/python3.8/site-packages/airflow/example_dags/example_short_circuit_decorator.py
[2025-04-29T19:50:11.982+0000] {processor.py:840} INFO - DAG(s) 'example_short_circuit_decorator' retrieved from /home/airflow/.local/lib/python3.8/site-packages/airflow/example_dags/example_short_circuit_decorator.py
[2025-04-29T19:50:12.006+0000] {logging_mixin.py:188} INFO - [2025-04-29T19:50:12.006+0000] {dag.py:3036} INFO - Sync 1 DAGs
[2025-04-29T19:50:12.028+0000] {logging_mixin.py:188} INFO - [2025-04-29T19:50:12.028+0000] {dag.py:3823} INFO - Setting next_dagrun for example_short_circuit_decorator to 2025-04-28 00:00:00+00:00, run_after=2025-04-29 00:00:00+00:00
[2025-04-29T19:50:12.046+0000] {processor.py:183} INFO - Processing /home/airflow/.local/lib/python3.8/site-packages/airflow/example_dags/example_short_circuit_decorator.py took 0.083 seconds
