[2025-04-29T19:49:10.850+0000] {processor.py:161} INFO - Started process (PID=91) to work on /home/airflow/.local/lib/python3.8/site-packages/airflow/example_dags/example_nested_branch_dag.py
[2025-04-29T19:49:10.851+0000] {processor.py:830} INFO - Processing file /home/airflow/.local/lib/python3.8/site-packages/airflow/example_dags/example_nested_branch_dag.py for tasks to queue
[2025-04-29T19:49:10.853+0000] {logging_mixin.py:188} INFO - [2025-04-29T19:49:10.853+0000] {dagbag.py:538} INFO - Filling up the DagBag from /home/airflow/.local/lib/python3.8/site-packages/airflow/example_dags/example_nested_branch_dag.py
[2025-04-29T19:49:10.866+0000] {processor.py:840} INFO - DAG(s) 'example_nested_branch_dag' retrieved from /home/airflow/.local/lib/python3.8/site-packages/airflow/example_dags/example_nested_branch_dag.py
[2025-04-29T19:49:10.997+0000] {logging_mixin.py:188} INFO - [2025-04-29T19:49:10.997+0000] {dag.py:3036} INFO - Sync 1 DAGs
[2025-04-29T19:49:11.022+0000] {logging_mixin.py:188} INFO - [2025-04-29T19:49:11.022+0000] {dag.py:3823} INFO - Setting next_dagrun for example_nested_branch_dag to 2025-04-28 00:00:00+00:00, run_after=2025-04-29 00:00:00+00:00
[2025-04-29T19:49:11.072+0000] {processor.py:183} INFO - Processing /home/airflow/.local/lib/python3.8/site-packages/airflow/example_dags/example_nested_branch_dag.py took 0.225 seconds
[2025-04-29T19:49:41.518+0000] {processor.py:161} INFO - Started process (PID=147) to work on /home/airflow/.local/lib/python3.8/site-packages/airflow/example_dags/example_nested_branch_dag.py
[2025-04-29T19:49:41.519+0000] {processor.py:830} INFO - Processing file /home/airflow/.local/lib/python3.8/site-packages/airflow/example_dags/example_nested_branch_dag.py for tasks to queue
[2025-04-29T19:49:41.521+0000] {logging_mixin.py:188} INFO - [2025-04-29T19:49:41.521+0000] {dagbag.py:538} INFO - Filling up the DagBag from /home/airflow/.local/lib/python3.8/site-packages/airflow/example_dags/example_nested_branch_dag.py
[2025-04-29T19:49:41.532+0000] {processor.py:840} INFO - DAG(s) 'example_nested_branch_dag' retrieved from /home/airflow/.local/lib/python3.8/site-packages/airflow/example_dags/example_nested_branch_dag.py
[2025-04-29T19:49:41.554+0000] {logging_mixin.py:188} INFO - [2025-04-29T19:49:41.553+0000] {dag.py:3036} INFO - Sync 1 DAGs
[2025-04-29T19:49:41.578+0000] {logging_mixin.py:188} INFO - [2025-04-29T19:49:41.578+0000] {dag.py:3823} INFO - Setting next_dagrun for example_nested_branch_dag to 2025-04-28 00:00:00+00:00, run_after=2025-04-29 00:00:00+00:00
[2025-04-29T19:49:41.595+0000] {processor.py:183} INFO - Processing /home/airflow/.local/lib/python3.8/site-packages/airflow/example_dags/example_nested_branch_dag.py took 0.080 seconds
[2025-04-29T19:50:11.661+0000] {processor.py:161} INFO - Started process (PID=203) to work on /home/airflow/.local/lib/python3.8/site-packages/airflow/example_dags/example_nested_branch_dag.py
[2025-04-29T19:50:11.662+0000] {processor.py:830} INFO - Processing file /home/airflow/.local/lib/python3.8/site-packages/airflow/example_dags/example_nested_branch_dag.py for tasks to queue
[2025-04-29T19:50:11.664+0000] {logging_mixin.py:188} INFO - [2025-04-29T19:50:11.664+0000] {dagbag.py:538} INFO - Filling up the DagBag from /home/airflow/.local/lib/python3.8/site-packages/airflow/example_dags/example_nested_branch_dag.py
[2025-04-29T19:50:11.676+0000] {processor.py:840} INFO - DAG(s) 'example_nested_branch_dag' retrieved from /home/airflow/.local/lib/python3.8/site-packages/airflow/example_dags/example_nested_branch_dag.py
[2025-04-29T19:50:11.698+0000] {logging_mixin.py:188} INFO - [2025-04-29T19:50:11.698+0000] {dag.py:3036} INFO - Sync 1 DAGs
[2025-04-29T19:50:11.721+0000] {logging_mixin.py:188} INFO - [2025-04-29T19:50:11.721+0000] {dag.py:3823} INFO - Setting next_dagrun for example_nested_branch_dag to 2025-04-28 00:00:00+00:00, run_after=2025-04-29 00:00:00+00:00
[2025-04-29T19:50:11.742+0000] {processor.py:183} INFO - Processing /home/airflow/.local/lib/python3.8/site-packages/airflow/example_dags/example_nested_branch_dag.py took 0.085 seconds
