[2025-04-29T19:49:14.920+0000] {processor.py:161} INFO - Started process (PID=123) to work on /home/airflow/.local/lib/python3.8/site-packages/airflow/example_dags/example_datasets.py
[2025-04-29T19:49:14.921+0000] {processor.py:830} INFO - Processing file /home/airflow/.local/lib/python3.8/site-packages/airflow/example_dags/example_datasets.py for tasks to queue
[2025-04-29T19:49:14.923+0000] {logging_mixin.py:188} INFO - [2025-04-29T19:49:14.922+0000] {dagbag.py:538} INFO - Filling up the DagBag from /home/airflow/.local/lib/python3.8/site-packages/airflow/example_dags/example_datasets.py
[2025-04-29T19:49:14.933+0000] {processor.py:840} INFO - DAG(s) 'dataset_consumes_1_never_scheduled', 'dataset_consumes_unknown_never_scheduled', 'dataset_consumes_1', 'dataset_produces_1', 'dataset_produces_2', 'dataset_consumes_1_and_2' retrieved from /home/airflow/.local/lib/python3.8/site-packages/airflow/example_dags/example_datasets.py
[2025-04-29T19:49:15.119+0000] {logging_mixin.py:188} INFO - [2025-04-29T19:49:15.119+0000] {dag.py:3036} INFO - Sync 6 DAGs
[2025-04-29T19:49:15.142+0000] {logging_mixin.py:188} INFO - [2025-04-29T19:49:15.142+0000] {dag.py:3823} INFO - Setting next_dagrun for dataset_consumes_1 to None, run_after=None
[2025-04-29T19:49:15.145+0000] {logging_mixin.py:188} INFO - [2025-04-29T19:49:15.145+0000] {dag.py:3823} INFO - Setting next_dagrun for dataset_consumes_1_and_2 to None, run_after=None
[2025-04-29T19:49:15.146+0000] {logging_mixin.py:188} INFO - [2025-04-29T19:49:15.146+0000] {dag.py:3823} INFO - Setting next_dagrun for dataset_consumes_1_never_scheduled to None, run_after=None
[2025-04-29T19:49:15.148+0000] {logging_mixin.py:188} INFO - [2025-04-29T19:49:15.147+0000] {dag.py:3823} INFO - Setting next_dagrun for dataset_consumes_unknown_never_scheduled to None, run_after=None
[2025-04-29T19:49:15.151+0000] {logging_mixin.py:188} INFO - [2025-04-29T19:49:15.150+0000] {dag.py:3823} INFO - Setting next_dagrun for dataset_produces_1 to 2025-04-28 00:00:00+00:00, run_after=2025-04-29 00:00:00+00:00
[2025-04-29T19:49:15.152+0000] {logging_mixin.py:188} INFO - [2025-04-29T19:49:15.152+0000] {dag.py:3823} INFO - Setting next_dagrun for dataset_produces_2 to None, run_after=None
[2025-04-29T19:49:15.186+0000] {processor.py:183} INFO - Processing /home/airflow/.local/lib/python3.8/site-packages/airflow/example_dags/example_datasets.py took 0.269 seconds
[2025-04-29T19:49:45.594+0000] {processor.py:161} INFO - Started process (PID=180) to work on /home/airflow/.local/lib/python3.8/site-packages/airflow/example_dags/example_datasets.py
[2025-04-29T19:49:45.595+0000] {processor.py:830} INFO - Processing file /home/airflow/.local/lib/python3.8/site-packages/airflow/example_dags/example_datasets.py for tasks to queue
[2025-04-29T19:49:45.597+0000] {logging_mixin.py:188} INFO - [2025-04-29T19:49:45.597+0000] {dagbag.py:538} INFO - Filling up the DagBag from /home/airflow/.local/lib/python3.8/site-packages/airflow/example_dags/example_datasets.py
[2025-04-29T19:49:45.607+0000] {processor.py:840} INFO - DAG(s) 'dataset_produces_1', 'dataset_consumes_1_and_2', 'dataset_consumes_1_never_scheduled', 'dataset_consumes_unknown_never_scheduled', 'dataset_produces_2', 'dataset_consumes_1' retrieved from /home/airflow/.local/lib/python3.8/site-packages/airflow/example_dags/example_datasets.py
[2025-04-29T19:49:45.641+0000] {logging_mixin.py:188} INFO - [2025-04-29T19:49:45.641+0000] {dag.py:3036} INFO - Sync 6 DAGs
[2025-04-29T19:49:45.665+0000] {logging_mixin.py:188} INFO - [2025-04-29T19:49:45.665+0000] {dag.py:3823} INFO - Setting next_dagrun for dataset_consumes_1 to None, run_after=None
[2025-04-29T19:49:45.671+0000] {logging_mixin.py:188} INFO - [2025-04-29T19:49:45.670+0000] {dag.py:3823} INFO - Setting next_dagrun for dataset_consumes_1_and_2 to None, run_after=None
[2025-04-29T19:49:45.672+0000] {logging_mixin.py:188} INFO - [2025-04-29T19:49:45.672+0000] {dag.py:3823} INFO - Setting next_dagrun for dataset_consumes_1_never_scheduled to None, run_after=None
[2025-04-29T19:49:45.674+0000] {logging_mixin.py:188} INFO - [2025-04-29T19:49:45.674+0000] {dag.py:3823} INFO - Setting next_dagrun for dataset_consumes_unknown_never_scheduled to None, run_after=None
[2025-04-29T19:49:45.678+0000] {logging_mixin.py:188} INFO - [2025-04-29T19:49:45.678+0000] {dag.py:3823} INFO - Setting next_dagrun for dataset_produces_1 to 2025-04-28 00:00:00+00:00, run_after=2025-04-29 00:00:00+00:00
[2025-04-29T19:49:45.680+0000] {logging_mixin.py:188} INFO - [2025-04-29T19:49:45.680+0000] {dag.py:3823} INFO - Setting next_dagrun for dataset_produces_2 to None, run_after=None
[2025-04-29T19:49:45.715+0000] {processor.py:183} INFO - Processing /home/airflow/.local/lib/python3.8/site-packages/airflow/example_dags/example_datasets.py took 0.124 seconds
[2025-04-29T19:50:15.762+0000] {processor.py:161} INFO - Started process (PID=235) to work on /home/airflow/.local/lib/python3.8/site-packages/airflow/example_dags/example_datasets.py
[2025-04-29T19:50:15.763+0000] {processor.py:830} INFO - Processing file /home/airflow/.local/lib/python3.8/site-packages/airflow/example_dags/example_datasets.py for tasks to queue
[2025-04-29T19:50:15.765+0000] {logging_mixin.py:188} INFO - [2025-04-29T19:50:15.765+0000] {dagbag.py:538} INFO - Filling up the DagBag from /home/airflow/.local/lib/python3.8/site-packages/airflow/example_dags/example_datasets.py
[2025-04-29T19:50:15.779+0000] {processor.py:840} INFO - DAG(s) 'dataset_consumes_1_never_scheduled', 'dataset_produces_1', 'dataset_consumes_1_and_2', 'dataset_consumes_1', 'dataset_produces_2', 'dataset_consumes_unknown_never_scheduled' retrieved from /home/airflow/.local/lib/python3.8/site-packages/airflow/example_dags/example_datasets.py
[2025-04-29T19:50:15.814+0000] {logging_mixin.py:188} INFO - [2025-04-29T19:50:15.814+0000] {dag.py:3036} INFO - Sync 6 DAGs
[2025-04-29T19:50:15.836+0000] {logging_mixin.py:188} INFO - [2025-04-29T19:50:15.836+0000] {dag.py:3823} INFO - Setting next_dagrun for dataset_consumes_1 to None, run_after=None
[2025-04-29T19:50:15.840+0000] {logging_mixin.py:188} INFO - [2025-04-29T19:50:15.840+0000] {dag.py:3823} INFO - Setting next_dagrun for dataset_consumes_1_and_2 to None, run_after=None
[2025-04-29T19:50:15.841+0000] {logging_mixin.py:188} INFO - [2025-04-29T19:50:15.841+0000] {dag.py:3823} INFO - Setting next_dagrun for dataset_consumes_1_never_scheduled to None, run_after=None
[2025-04-29T19:50:15.842+0000] {logging_mixin.py:188} INFO - [2025-04-29T19:50:15.842+0000] {dag.py:3823} INFO - Setting next_dagrun for dataset_consumes_unknown_never_scheduled to None, run_after=None
[2025-04-29T19:50:15.845+0000] {logging_mixin.py:188} INFO - [2025-04-29T19:50:15.845+0000] {dag.py:3823} INFO - Setting next_dagrun for dataset_produces_1 to 2025-04-28 00:00:00+00:00, run_after=2025-04-29 00:00:00+00:00
[2025-04-29T19:50:15.846+0000] {logging_mixin.py:188} INFO - [2025-04-29T19:50:15.846+0000] {dag.py:3823} INFO - Setting next_dagrun for dataset_produces_2 to None, run_after=None
[2025-04-29T19:50:15.876+0000] {processor.py:183} INFO - Processing /home/airflow/.local/lib/python3.8/site-packages/airflow/example_dags/example_datasets.py took 0.117 seconds
