[2025-04-29T19:49:13.228+0000] {processor.py:161} INFO - Started process (PID=111) to work on /home/airflow/.local/lib/python3.8/site-packages/airflow/example_dags/example_kubernetes_executor.py
[2025-04-29T19:49:13.228+0000] {processor.py:830} INFO - Processing file /home/airflow/.local/lib/python3.8/site-packages/airflow/example_dags/example_kubernetes_executor.py for tasks to queue
[2025-04-29T19:49:13.230+0000] {logging_mixin.py:188} INFO - [2025-04-29T19:49:13.230+0000] {dagbag.py:538} INFO - Filling up the DagBag from /home/airflow/.local/lib/python3.8/site-packages/airflow/example_dags/example_kubernetes_executor.py
[2025-04-29T19:49:13.255+0000] {processor.py:840} INFO - DAG(s) 'example_kubernetes_executor' retrieved from /home/airflow/.local/lib/python3.8/site-packages/airflow/example_dags/example_kubernetes_executor.py
[2025-04-29T19:49:13.431+0000] {logging_mixin.py:188} INFO - [2025-04-29T19:49:13.431+0000] {dag.py:3036} INFO - Sync 1 DAGs
[2025-04-29T19:49:13.444+0000] {logging_mixin.py:188} INFO - [2025-04-29T19:49:13.444+0000] {dag.py:3823} INFO - Setting next_dagrun for example_kubernetes_executor to None, run_after=None
[2025-04-29T19:49:13.468+0000] {processor.py:183} INFO - Processing /home/airflow/.local/lib/python3.8/site-packages/airflow/example_dags/example_kubernetes_executor.py took 0.243 seconds
[2025-04-29T19:49:43.753+0000] {processor.py:161} INFO - Started process (PID=167) to work on /home/airflow/.local/lib/python3.8/site-packages/airflow/example_dags/example_kubernetes_executor.py
[2025-04-29T19:49:43.754+0000] {processor.py:830} INFO - Processing file /home/airflow/.local/lib/python3.8/site-packages/airflow/example_dags/example_kubernetes_executor.py for tasks to queue
[2025-04-29T19:49:43.756+0000] {logging_mixin.py:188} INFO - [2025-04-29T19:49:43.756+0000] {dagbag.py:538} INFO - Filling up the DagBag from /home/airflow/.local/lib/python3.8/site-packages/airflow/example_dags/example_kubernetes_executor.py
[2025-04-29T19:49:43.773+0000] {processor.py:840} INFO - DAG(s) 'example_kubernetes_executor' retrieved from /home/airflow/.local/lib/python3.8/site-packages/airflow/example_dags/example_kubernetes_executor.py
[2025-04-29T19:49:43.814+0000] {logging_mixin.py:188} INFO - [2025-04-29T19:49:43.814+0000] {dag.py:3036} INFO - Sync 1 DAGs
[2025-04-29T19:49:43.827+0000] {logging_mixin.py:188} INFO - [2025-04-29T19:49:43.827+0000] {dag.py:3823} INFO - Setting next_dagrun for example_kubernetes_executor to None, run_after=None
[2025-04-29T19:49:43.846+0000] {processor.py:183} INFO - Processing /home/airflow/.local/lib/python3.8/site-packages/airflow/example_dags/example_kubernetes_executor.py took 0.097 seconds
[2025-04-29T19:50:13.962+0000] {processor.py:161} INFO - Started process (PID=223) to work on /home/airflow/.local/lib/python3.8/site-packages/airflow/example_dags/example_kubernetes_executor.py
[2025-04-29T19:50:13.963+0000] {processor.py:830} INFO - Processing file /home/airflow/.local/lib/python3.8/site-packages/airflow/example_dags/example_kubernetes_executor.py for tasks to queue
[2025-04-29T19:50:13.965+0000] {logging_mixin.py:188} INFO - [2025-04-29T19:50:13.965+0000] {dagbag.py:538} INFO - Filling up the DagBag from /home/airflow/.local/lib/python3.8/site-packages/airflow/example_dags/example_kubernetes_executor.py
[2025-04-29T19:50:13.981+0000] {processor.py:840} INFO - DAG(s) 'example_kubernetes_executor' retrieved from /home/airflow/.local/lib/python3.8/site-packages/airflow/example_dags/example_kubernetes_executor.py
[2025-04-29T19:50:14.024+0000] {logging_mixin.py:188} INFO - [2025-04-29T19:50:14.023+0000] {dag.py:3036} INFO - Sync 1 DAGs
[2025-04-29T19:50:14.036+0000] {logging_mixin.py:188} INFO - [2025-04-29T19:50:14.036+0000] {dag.py:3823} INFO - Setting next_dagrun for example_kubernetes_executor to None, run_after=None
[2025-04-29T19:50:14.057+0000] {processor.py:183} INFO - Processing /home/airflow/.local/lib/python3.8/site-packages/airflow/example_dags/example_kubernetes_executor.py took 0.099 seconds
