[2025-04-29T19:49:13.682+0000] {processor.py:161} INFO - Started process (PID=115) to work on /home/airflow/.local/lib/python3.8/site-packages/airflow/example_dags/example_subdag_operator.py
[2025-04-29T19:49:13.683+0000] {processor.py:830} INFO - Processing file /home/airflow/.local/lib/python3.8/site-packages/airflow/example_dags/example_subdag_operator.py for tasks to queue
[2025-04-29T19:49:13.685+0000] {logging_mixin.py:188} INFO - [2025-04-29T19:49:13.685+0000] {dagbag.py:538} INFO - Filling up the DagBag from /home/airflow/.local/lib/python3.8/site-packages/airflow/example_dags/example_subdag_operator.py
[2025-04-29T19:49:13.715+0000] {processor.py:840} INFO - DAG(s) 'example_subdag_operator.section-1', 'example_subdag_operator.section-2', 'example_subdag_operator' retrieved from /home/airflow/.local/lib/python3.8/site-packages/airflow/example_dags/example_subdag_operator.py
[2025-04-29T19:49:13.831+0000] {logging_mixin.py:188} INFO - [2025-04-29T19:49:13.831+0000] {dag.py:3036} INFO - Sync 3 DAGs
[2025-04-29T19:49:13.858+0000] {logging_mixin.py:188} INFO - [2025-04-29T19:49:13.858+0000] {dag.py:3823} INFO - Setting next_dagrun for example_subdag_operator to 2022-01-01 00:00:00+00:00, run_after=2022-01-01 00:00:00+00:00
[2025-04-29T19:49:13.862+0000] {logging_mixin.py:188} INFO - [2025-04-29T19:49:13.861+0000] {dag.py:3823} INFO - Setting next_dagrun for example_subdag_operator.section-1 to None, run_after=None
[2025-04-29T19:49:13.863+0000] {logging_mixin.py:188} INFO - [2025-04-29T19:49:13.863+0000] {dag.py:3823} INFO - Setting next_dagrun for example_subdag_operator.section-2 to None, run_after=None
[2025-04-29T19:49:13.872+0000] {logging_mixin.py:188} INFO - [2025-04-29T19:49:13.872+0000] {dag.py:3036} INFO - Sync 2 DAGs
[2025-04-29T19:49:13.877+0000] {logging_mixin.py:188} INFO - [2025-04-29T19:49:13.877+0000] {dag.py:3823} INFO - Setting next_dagrun for example_subdag_operator.section-1 to None, run_after=None
[2025-04-29T19:49:13.878+0000] {logging_mixin.py:188} INFO - [2025-04-29T19:49:13.878+0000] {dag.py:3823} INFO - Setting next_dagrun for example_subdag_operator.section-2 to None, run_after=None
[2025-04-29T19:49:13.888+0000] {processor.py:183} INFO - Processing /home/airflow/.local/lib/python3.8/site-packages/airflow/example_dags/example_subdag_operator.py took 0.210 seconds
[2025-04-29T19:49:44.064+0000] {processor.py:161} INFO - Started process (PID=171) to work on /home/airflow/.local/lib/python3.8/site-packages/airflow/example_dags/example_subdag_operator.py
[2025-04-29T19:49:44.065+0000] {processor.py:830} INFO - Processing file /home/airflow/.local/lib/python3.8/site-packages/airflow/example_dags/example_subdag_operator.py for tasks to queue
[2025-04-29T19:49:44.067+0000] {logging_mixin.py:188} INFO - [2025-04-29T19:49:44.066+0000] {dagbag.py:538} INFO - Filling up the DagBag from /home/airflow/.local/lib/python3.8/site-packages/airflow/example_dags/example_subdag_operator.py
[2025-04-29T19:49:44.089+0000] {processor.py:840} INFO - DAG(s) 'example_subdag_operator.section-1', 'example_subdag_operator.section-2', 'example_subdag_operator' retrieved from /home/airflow/.local/lib/python3.8/site-packages/airflow/example_dags/example_subdag_operator.py
[2025-04-29T19:49:44.104+0000] {logging_mixin.py:188} INFO - [2025-04-29T19:49:44.104+0000] {dag.py:3036} INFO - Sync 3 DAGs
[2025-04-29T19:49:44.125+0000] {logging_mixin.py:188} INFO - [2025-04-29T19:49:44.124+0000] {dag.py:3823} INFO - Setting next_dagrun for example_subdag_operator to 2022-01-01 00:00:00+00:00, run_after=2022-01-01 00:00:00+00:00
[2025-04-29T19:49:44.128+0000] {logging_mixin.py:188} INFO - [2025-04-29T19:49:44.128+0000] {dag.py:3823} INFO - Setting next_dagrun for example_subdag_operator.section-1 to None, run_after=None
[2025-04-29T19:49:44.129+0000] {logging_mixin.py:188} INFO - [2025-04-29T19:49:44.129+0000] {dag.py:3823} INFO - Setting next_dagrun for example_subdag_operator.section-2 to None, run_after=None
[2025-04-29T19:49:44.135+0000] {logging_mixin.py:188} INFO - [2025-04-29T19:49:44.135+0000] {dag.py:3036} INFO - Sync 2 DAGs
[2025-04-29T19:49:44.140+0000] {logging_mixin.py:188} INFO - [2025-04-29T19:49:44.140+0000] {dag.py:3823} INFO - Setting next_dagrun for example_subdag_operator.section-1 to None, run_after=None
[2025-04-29T19:49:44.140+0000] {logging_mixin.py:188} INFO - [2025-04-29T19:49:44.140+0000] {dag.py:3823} INFO - Setting next_dagrun for example_subdag_operator.section-2 to None, run_after=None
[2025-04-29T19:49:44.154+0000] {processor.py:183} INFO - Processing /home/airflow/.local/lib/python3.8/site-packages/airflow/example_dags/example_subdag_operator.py took 0.093 seconds
[2025-04-29T19:50:14.290+0000] {processor.py:161} INFO - Started process (PID=227) to work on /home/airflow/.local/lib/python3.8/site-packages/airflow/example_dags/example_subdag_operator.py
[2025-04-29T19:50:14.291+0000] {processor.py:830} INFO - Processing file /home/airflow/.local/lib/python3.8/site-packages/airflow/example_dags/example_subdag_operator.py for tasks to queue
[2025-04-29T19:50:14.293+0000] {logging_mixin.py:188} INFO - [2025-04-29T19:50:14.293+0000] {dagbag.py:538} INFO - Filling up the DagBag from /home/airflow/.local/lib/python3.8/site-packages/airflow/example_dags/example_subdag_operator.py
[2025-04-29T19:50:14.323+0000] {processor.py:840} INFO - DAG(s) 'example_subdag_operator.section-1', 'example_subdag_operator.section-2', 'example_subdag_operator' retrieved from /home/airflow/.local/lib/python3.8/site-packages/airflow/example_dags/example_subdag_operator.py
[2025-04-29T19:50:14.346+0000] {logging_mixin.py:188} INFO - [2025-04-29T19:50:14.346+0000] {dag.py:3036} INFO - Sync 3 DAGs
[2025-04-29T19:50:14.367+0000] {logging_mixin.py:188} INFO - [2025-04-29T19:50:14.367+0000] {dag.py:3823} INFO - Setting next_dagrun for example_subdag_operator to 2022-01-01 00:00:00+00:00, run_after=2022-01-01 00:00:00+00:00
[2025-04-29T19:50:14.371+0000] {logging_mixin.py:188} INFO - [2025-04-29T19:50:14.370+0000] {dag.py:3823} INFO - Setting next_dagrun for example_subdag_operator.section-1 to None, run_after=None
[2025-04-29T19:50:14.372+0000] {logging_mixin.py:188} INFO - [2025-04-29T19:50:14.372+0000] {dag.py:3823} INFO - Setting next_dagrun for example_subdag_operator.section-2 to None, run_after=None
[2025-04-29T19:50:14.379+0000] {logging_mixin.py:188} INFO - [2025-04-29T19:50:14.379+0000] {dag.py:3036} INFO - Sync 2 DAGs
[2025-04-29T19:50:14.385+0000] {logging_mixin.py:188} INFO - [2025-04-29T19:50:14.385+0000] {dag.py:3823} INFO - Setting next_dagrun for example_subdag_operator.section-1 to None, run_after=None
[2025-04-29T19:50:14.385+0000] {logging_mixin.py:188} INFO - [2025-04-29T19:50:14.385+0000] {dag.py:3823} INFO - Setting next_dagrun for example_subdag_operator.section-2 to None, run_after=None
[2025-04-29T19:50:14.397+0000] {processor.py:183} INFO - Processing /home/airflow/.local/lib/python3.8/site-packages/airflow/example_dags/example_subdag_operator.py took 0.111 seconds
