[2025-04-29T19:49:11.100+0000] {processor.py:161} INFO - Started process (PID=94) to work on /home/airflow/.local/lib/python3.8/site-packages/airflow/example_dags/example_branch_operator.py
[2025-04-29T19:49:11.101+0000] {processor.py:830} INFO - Processing file /home/airflow/.local/lib/python3.8/site-packages/airflow/example_dags/example_branch_operator.py for tasks to queue
[2025-04-29T19:49:11.104+0000] {logging_mixin.py:188} INFO - [2025-04-29T19:49:11.103+0000] {dagbag.py:538} INFO - Filling up the DagBag from /home/airflow/.local/lib/python3.8/site-packages/airflow/example_dags/example_branch_operator.py
[2025-04-29T19:49:11.146+0000] {processor.py:840} INFO - DAG(s) 'example_branch_operator' retrieved from /home/airflow/.local/lib/python3.8/site-packages/airflow/example_dags/example_branch_operator.py
[2025-04-29T19:49:11.310+0000] {logging_mixin.py:188} INFO - [2025-04-29T19:49:11.309+0000] {dag.py:3036} INFO - Sync 1 DAGs
[2025-04-29T19:49:11.343+0000] {logging_mixin.py:188} INFO - [2025-04-29T19:49:11.342+0000] {dag.py:3823} INFO - Setting next_dagrun for example_branch_operator to 2025-04-28 00:00:00+00:00, run_after=2025-04-29 00:00:00+00:00
[2025-04-29T19:49:11.381+0000] {processor.py:183} INFO - Processing /home/airflow/.local/lib/python3.8/site-packages/airflow/example_dags/example_branch_operator.py took 0.286 seconds
[2025-04-29T19:49:41.644+0000] {processor.py:161} INFO - Started process (PID=150) to work on /home/airflow/.local/lib/python3.8/site-packages/airflow/example_dags/example_branch_operator.py
[2025-04-29T19:49:41.645+0000] {processor.py:830} INFO - Processing file /home/airflow/.local/lib/python3.8/site-packages/airflow/example_dags/example_branch_operator.py for tasks to queue
[2025-04-29T19:49:41.647+0000] {logging_mixin.py:188} INFO - [2025-04-29T19:49:41.647+0000] {dagbag.py:538} INFO - Filling up the DagBag from /home/airflow/.local/lib/python3.8/site-packages/airflow/example_dags/example_branch_operator.py
[2025-04-29T19:49:41.666+0000] {processor.py:840} INFO - DAG(s) 'example_branch_operator' retrieved from /home/airflow/.local/lib/python3.8/site-packages/airflow/example_dags/example_branch_operator.py
[2025-04-29T19:49:41.696+0000] {logging_mixin.py:188} INFO - [2025-04-29T19:49:41.696+0000] {dag.py:3036} INFO - Sync 1 DAGs
[2025-04-29T19:49:41.720+0000] {logging_mixin.py:188} INFO - [2025-04-29T19:49:41.720+0000] {dag.py:3823} INFO - Setting next_dagrun for example_branch_operator to 2025-04-28 00:00:00+00:00, run_after=2025-04-29 00:00:00+00:00
[2025-04-29T19:49:41.737+0000] {processor.py:183} INFO - Processing /home/airflow/.local/lib/python3.8/site-packages/airflow/example_dags/example_branch_operator.py took 0.097 seconds
[2025-04-29T19:50:11.854+0000] {processor.py:161} INFO - Started process (PID=206) to work on /home/airflow/.local/lib/python3.8/site-packages/airflow/example_dags/example_branch_operator.py
[2025-04-29T19:50:11.854+0000] {processor.py:830} INFO - Processing file /home/airflow/.local/lib/python3.8/site-packages/airflow/example_dags/example_branch_operator.py for tasks to queue
[2025-04-29T19:50:11.856+0000] {logging_mixin.py:188} INFO - [2025-04-29T19:50:11.856+0000] {dagbag.py:538} INFO - Filling up the DagBag from /home/airflow/.local/lib/python3.8/site-packages/airflow/example_dags/example_branch_operator.py
[2025-04-29T19:50:11.874+0000] {processor.py:840} INFO - DAG(s) 'example_branch_operator' retrieved from /home/airflow/.local/lib/python3.8/site-packages/airflow/example_dags/example_branch_operator.py
[2025-04-29T19:50:11.903+0000] {logging_mixin.py:188} INFO - [2025-04-29T19:50:11.902+0000] {dag.py:3036} INFO - Sync 1 DAGs
[2025-04-29T19:50:11.927+0000] {logging_mixin.py:188} INFO - [2025-04-29T19:50:11.927+0000] {dag.py:3823} INFO - Setting next_dagrun for example_branch_operator to 2025-04-28 00:00:00+00:00, run_after=2025-04-29 00:00:00+00:00
[2025-04-29T19:50:11.944+0000] {processor.py:183} INFO - Processing /home/airflow/.local/lib/python3.8/site-packages/airflow/example_dags/example_branch_operator.py took 0.094 seconds
