[2025-04-29T19:49:12.948+0000] {processor.py:161} INFO - Started process (PID=108) to work on /home/airflow/.local/lib/python3.8/site-packages/airflow/example_dags/example_python_decorator.py
[2025-04-29T19:49:12.949+0000] {processor.py:830} INFO - Processing file /home/airflow/.local/lib/python3.8/site-packages/airflow/example_dags/example_python_decorator.py for tasks to queue
[2025-04-29T19:49:12.950+0000] {logging_mixin.py:188} INFO - [2025-04-29T19:49:12.950+0000] {dagbag.py:538} INFO - Filling up the DagBag from /home/airflow/.local/lib/python3.8/site-packages/airflow/example_dags/example_python_decorator.py
[2025-04-29T19:49:12.967+0000] {processor.py:840} INFO - DAG(s) 'example_python_decorator' retrieved from /home/airflow/.local/lib/python3.8/site-packages/airflow/example_dags/example_python_decorator.py
[2025-04-29T19:49:13.119+0000] {logging_mixin.py:188} INFO - [2025-04-29T19:49:13.118+0000] {dag.py:3036} INFO - Sync 1 DAGs
[2025-04-29T19:49:13.135+0000] {logging_mixin.py:188} INFO - [2025-04-29T19:49:13.134+0000] {dag.py:3823} INFO - Setting next_dagrun for example_python_decorator to None, run_after=None
[2025-04-29T19:49:13.157+0000] {processor.py:183} INFO - Processing /home/airflow/.local/lib/python3.8/site-packages/airflow/example_dags/example_python_decorator.py took 0.213 seconds
[2025-04-29T19:49:43.539+0000] {processor.py:161} INFO - Started process (PID=164) to work on /home/airflow/.local/lib/python3.8/site-packages/airflow/example_dags/example_python_decorator.py
[2025-04-29T19:49:43.540+0000] {processor.py:830} INFO - Processing file /home/airflow/.local/lib/python3.8/site-packages/airflow/example_dags/example_python_decorator.py for tasks to queue
[2025-04-29T19:49:43.542+0000] {logging_mixin.py:188} INFO - [2025-04-29T19:49:43.542+0000] {dagbag.py:538} INFO - Filling up the DagBag from /home/airflow/.local/lib/python3.8/site-packages/airflow/example_dags/example_python_decorator.py
[2025-04-29T19:49:43.557+0000] {processor.py:840} INFO - DAG(s) 'example_python_decorator' retrieved from /home/airflow/.local/lib/python3.8/site-packages/airflow/example_dags/example_python_decorator.py
[2025-04-29T19:49:43.580+0000] {logging_mixin.py:188} INFO - [2025-04-29T19:49:43.580+0000] {dag.py:3036} INFO - Sync 1 DAGs
[2025-04-29T19:49:43.592+0000] {logging_mixin.py:188} INFO - [2025-04-29T19:49:43.592+0000] {dag.py:3823} INFO - Setting next_dagrun for example_python_decorator to None, run_after=None
[2025-04-29T19:49:43.613+0000] {processor.py:183} INFO - Processing /home/airflow/.local/lib/python3.8/site-packages/airflow/example_dags/example_python_decorator.py took 0.078 seconds
[2025-04-29T19:50:13.737+0000] {processor.py:161} INFO - Started process (PID=220) to work on /home/airflow/.local/lib/python3.8/site-packages/airflow/example_dags/example_python_decorator.py
[2025-04-29T19:50:13.738+0000] {processor.py:830} INFO - Processing file /home/airflow/.local/lib/python3.8/site-packages/airflow/example_dags/example_python_decorator.py for tasks to queue
[2025-04-29T19:50:13.740+0000] {logging_mixin.py:188} INFO - [2025-04-29T19:50:13.739+0000] {dagbag.py:538} INFO - Filling up the DagBag from /home/airflow/.local/lib/python3.8/site-packages/airflow/example_dags/example_python_decorator.py
[2025-04-29T19:50:13.754+0000] {processor.py:840} INFO - DAG(s) 'example_python_decorator' retrieved from /home/airflow/.local/lib/python3.8/site-packages/airflow/example_dags/example_python_decorator.py
[2025-04-29T19:50:13.780+0000] {logging_mixin.py:188} INFO - [2025-04-29T19:50:13.780+0000] {dag.py:3036} INFO - Sync 1 DAGs
[2025-04-29T19:50:13.793+0000] {logging_mixin.py:188} INFO - [2025-04-29T19:50:13.793+0000] {dag.py:3823} INFO - Setting next_dagrun for example_python_decorator to None, run_after=None
[2025-04-29T19:50:13.817+0000] {processor.py:183} INFO - Processing /home/airflow/.local/lib/python3.8/site-packages/airflow/example_dags/example_python_decorator.py took 0.085 seconds
