[2025-04-29T19:49:12.656+0000] {processor.py:161} INFO - Started process (PID=106) to work on /home/airflow/.local/lib/python3.8/site-packages/airflow/example_dags/example_branch_labels.py
[2025-04-29T19:49:12.657+0000] {processor.py:830} INFO - Processing file /home/airflow/.local/lib/python3.8/site-packages/airflow/example_dags/example_branch_labels.py for tasks to queue
[2025-04-29T19:49:12.658+0000] {logging_mixin.py:188} INFO - [2025-04-29T19:49:12.658+0000] {dagbag.py:538} INFO - Filling up the DagBag from /home/airflow/.local/lib/python3.8/site-packages/airflow/example_dags/example_branch_labels.py
[2025-04-29T19:49:12.671+0000] {processor.py:840} INFO - DAG(s) 'example_branch_labels' retrieved from /home/airflow/.local/lib/python3.8/site-packages/airflow/example_dags/example_branch_labels.py
[2025-04-29T19:49:12.842+0000] {logging_mixin.py:188} INFO - [2025-04-29T19:49:12.842+0000] {dag.py:3036} INFO - Sync 1 DAGs
[2025-04-29T19:49:12.875+0000] {logging_mixin.py:188} INFO - [2025-04-29T19:49:12.874+0000] {dag.py:3823} INFO - Setting next_dagrun for example_branch_labels to 2025-04-28 00:00:00+00:00, run_after=2025-04-29 00:00:00+00:00
[2025-04-29T19:49:12.944+0000] {processor.py:183} INFO - Processing /home/airflow/.local/lib/python3.8/site-packages/airflow/example_dags/example_branch_labels.py took 0.291 seconds
[2025-04-29T19:49:43.429+0000] {processor.py:161} INFO - Started process (PID=162) to work on /home/airflow/.local/lib/python3.8/site-packages/airflow/example_dags/example_branch_labels.py
[2025-04-29T19:49:43.431+0000] {processor.py:830} INFO - Processing file /home/airflow/.local/lib/python3.8/site-packages/airflow/example_dags/example_branch_labels.py for tasks to queue
[2025-04-29T19:49:43.433+0000] {logging_mixin.py:188} INFO - [2025-04-29T19:49:43.432+0000] {dagbag.py:538} INFO - Filling up the DagBag from /home/airflow/.local/lib/python3.8/site-packages/airflow/example_dags/example_branch_labels.py
[2025-04-29T19:49:43.442+0000] {processor.py:840} INFO - DAG(s) 'example_branch_labels' retrieved from /home/airflow/.local/lib/python3.8/site-packages/airflow/example_dags/example_branch_labels.py
[2025-04-29T19:49:43.466+0000] {logging_mixin.py:188} INFO - [2025-04-29T19:49:43.466+0000] {dag.py:3036} INFO - Sync 1 DAGs
[2025-04-29T19:49:43.490+0000] {logging_mixin.py:188} INFO - [2025-04-29T19:49:43.490+0000] {dag.py:3823} INFO - Setting next_dagrun for example_branch_labels to 2025-04-28 00:00:00+00:00, run_after=2025-04-29 00:00:00+00:00
[2025-04-29T19:49:43.510+0000] {processor.py:183} INFO - Processing /home/airflow/.local/lib/python3.8/site-packages/airflow/example_dags/example_branch_labels.py took 0.085 seconds
[2025-04-29T19:50:13.634+0000] {processor.py:161} INFO - Started process (PID=218) to work on /home/airflow/.local/lib/python3.8/site-packages/airflow/example_dags/example_branch_labels.py
[2025-04-29T19:50:13.635+0000] {processor.py:830} INFO - Processing file /home/airflow/.local/lib/python3.8/site-packages/airflow/example_dags/example_branch_labels.py for tasks to queue
[2025-04-29T19:50:13.637+0000] {logging_mixin.py:188} INFO - [2025-04-29T19:50:13.636+0000] {dagbag.py:538} INFO - Filling up the DagBag from /home/airflow/.local/lib/python3.8/site-packages/airflow/example_dags/example_branch_labels.py
[2025-04-29T19:50:13.645+0000] {processor.py:840} INFO - DAG(s) 'example_branch_labels' retrieved from /home/airflow/.local/lib/python3.8/site-packages/airflow/example_dags/example_branch_labels.py
[2025-04-29T19:50:13.667+0000] {logging_mixin.py:188} INFO - [2025-04-29T19:50:13.667+0000] {dag.py:3036} INFO - Sync 1 DAGs
[2025-04-29T19:50:13.690+0000] {logging_mixin.py:188} INFO - [2025-04-29T19:50:13.690+0000] {dag.py:3823} INFO - Setting next_dagrun for example_branch_labels to 2025-04-28 00:00:00+00:00, run_after=2025-04-29 00:00:00+00:00
[2025-04-29T19:50:13.710+0000] {processor.py:183} INFO - Processing /home/airflow/.local/lib/python3.8/site-packages/airflow/example_dags/example_branch_labels.py took 0.079 seconds
