[2025-04-29T19:49:11.745+0000] {processor.py:161} INFO - Started process (PID=99) to work on /home/airflow/.local/lib/python3.8/site-packages/airflow/example_dags/example_latest_only.py
[2025-04-29T19:49:11.746+0000] {processor.py:830} INFO - Processing file /home/airflow/.local/lib/python3.8/site-packages/airflow/example_dags/example_latest_only.py for tasks to queue
[2025-04-29T19:49:11.748+0000] {logging_mixin.py:188} INFO - [2025-04-29T19:49:11.747+0000] {dagbag.py:538} INFO - Filling up the DagBag from /home/airflow/.local/lib/python3.8/site-packages/airflow/example_dags/example_latest_only.py
[2025-04-29T19:49:11.756+0000] {processor.py:840} INFO - DAG(s) 'latest_only' retrieved from /home/airflow/.local/lib/python3.8/site-packages/airflow/example_dags/example_latest_only.py
[2025-04-29T19:49:11.874+0000] {logging_mixin.py:188} INFO - [2025-04-29T19:49:11.874+0000] {dag.py:3036} INFO - Sync 1 DAGs
[2025-04-29T19:49:11.896+0000] {logging_mixin.py:188} INFO - [2025-04-29T19:49:11.896+0000] {dag.py:3823} INFO - Setting next_dagrun for latest_only to 2025-04-29 12:00:00+00:00, run_after=2025-04-29 16:00:00+00:00
[2025-04-29T19:49:11.942+0000] {processor.py:183} INFO - Processing /home/airflow/.local/lib/python3.8/site-packages/airflow/example_dags/example_latest_only.py took 0.200 seconds
[2025-04-29T19:49:42.880+0000] {processor.py:161} INFO - Started process (PID=155) to work on /home/airflow/.local/lib/python3.8/site-packages/airflow/example_dags/example_latest_only.py
[2025-04-29T19:49:42.881+0000] {processor.py:830} INFO - Processing file /home/airflow/.local/lib/python3.8/site-packages/airflow/example_dags/example_latest_only.py for tasks to queue
[2025-04-29T19:49:42.883+0000] {logging_mixin.py:188} INFO - [2025-04-29T19:49:42.883+0000] {dagbag.py:538} INFO - Filling up the DagBag from /home/airflow/.local/lib/python3.8/site-packages/airflow/example_dags/example_latest_only.py
[2025-04-29T19:49:42.889+0000] {processor.py:840} INFO - DAG(s) 'latest_only' retrieved from /home/airflow/.local/lib/python3.8/site-packages/airflow/example_dags/example_latest_only.py
[2025-04-29T19:49:42.912+0000] {logging_mixin.py:188} INFO - [2025-04-29T19:49:42.912+0000] {dag.py:3036} INFO - Sync 1 DAGs
[2025-04-29T19:49:42.937+0000] {logging_mixin.py:188} INFO - [2025-04-29T19:49:42.936+0000] {dag.py:3823} INFO - Setting next_dagrun for latest_only to 2025-04-29 12:00:00+00:00, run_after=2025-04-29 16:00:00+00:00
[2025-04-29T19:49:42.958+0000] {processor.py:183} INFO - Processing /home/airflow/.local/lib/python3.8/site-packages/airflow/example_dags/example_latest_only.py took 0.082 seconds
[2025-04-29T19:50:13.082+0000] {processor.py:161} INFO - Started process (PID=211) to work on /home/airflow/.local/lib/python3.8/site-packages/airflow/example_dags/example_latest_only.py
[2025-04-29T19:50:13.083+0000] {processor.py:830} INFO - Processing file /home/airflow/.local/lib/python3.8/site-packages/airflow/example_dags/example_latest_only.py for tasks to queue
[2025-04-29T19:50:13.085+0000] {logging_mixin.py:188} INFO - [2025-04-29T19:50:13.085+0000] {dagbag.py:538} INFO - Filling up the DagBag from /home/airflow/.local/lib/python3.8/site-packages/airflow/example_dags/example_latest_only.py
[2025-04-29T19:50:13.091+0000] {processor.py:840} INFO - DAG(s) 'latest_only' retrieved from /home/airflow/.local/lib/python3.8/site-packages/airflow/example_dags/example_latest_only.py
[2025-04-29T19:50:13.111+0000] {logging_mixin.py:188} INFO - [2025-04-29T19:50:13.111+0000] {dag.py:3036} INFO - Sync 1 DAGs
[2025-04-29T19:50:13.133+0000] {logging_mixin.py:188} INFO - [2025-04-29T19:50:13.133+0000] {dag.py:3823} INFO - Setting next_dagrun for latest_only to 2025-04-29 12:00:00+00:00, run_after=2025-04-29 16:00:00+00:00
[2025-04-29T19:50:13.152+0000] {processor.py:183} INFO - Processing /home/airflow/.local/lib/python3.8/site-packages/airflow/example_dags/example_latest_only.py took 0.073 seconds
