[2025-04-29T19:49:14.137+0000] {processor.py:161} INFO - Started process (PID=118) to work on /home/airflow/.local/lib/python3.8/site-packages/airflow/example_dags/tutorial_objectstorage.py
[2025-04-29T19:49:14.138+0000] {processor.py:830} INFO - Processing file /home/airflow/.local/lib/python3.8/site-packages/airflow/example_dags/tutorial_objectstorage.py for tasks to queue
[2025-04-29T19:49:14.140+0000] {logging_mixin.py:188} INFO - [2025-04-29T19:49:14.140+0000] {dagbag.py:538} INFO - Filling up the DagBag from /home/airflow/.local/lib/python3.8/site-packages/airflow/example_dags/tutorial_objectstorage.py
[2025-04-29T19:49:14.147+0000] {processor.py:840} INFO - DAG(s) 'tutorial_objectstorage' retrieved from /home/airflow/.local/lib/python3.8/site-packages/airflow/example_dags/tutorial_objectstorage.py
[2025-04-29T19:49:14.264+0000] {logging_mixin.py:188} INFO - [2025-04-29T19:49:14.264+0000] {dag.py:3036} INFO - Sync 1 DAGs
[2025-04-29T19:49:14.275+0000] {logging_mixin.py:188} INFO - [2025-04-29T19:49:14.275+0000] {dag.py:3823} INFO - Setting next_dagrun for tutorial_objectstorage to None, run_after=None
[2025-04-29T19:49:14.293+0000] {processor.py:183} INFO - Processing /home/airflow/.local/lib/python3.8/site-packages/airflow/example_dags/tutorial_objectstorage.py took 0.159 seconds
[2025-04-29T19:49:45.192+0000] {processor.py:161} INFO - Started process (PID=174) to work on /home/airflow/.local/lib/python3.8/site-packages/airflow/example_dags/tutorial_objectstorage.py
[2025-04-29T19:49:45.193+0000] {processor.py:830} INFO - Processing file /home/airflow/.local/lib/python3.8/site-packages/airflow/example_dags/tutorial_objectstorage.py for tasks to queue
[2025-04-29T19:49:45.194+0000] {logging_mixin.py:188} INFO - [2025-04-29T19:49:45.194+0000] {dagbag.py:538} INFO - Filling up the DagBag from /home/airflow/.local/lib/python3.8/site-packages/airflow/example_dags/tutorial_objectstorage.py
[2025-04-29T19:49:45.201+0000] {processor.py:840} INFO - DAG(s) 'tutorial_objectstorage' retrieved from /home/airflow/.local/lib/python3.8/site-packages/airflow/example_dags/tutorial_objectstorage.py
[2025-04-29T19:49:45.222+0000] {logging_mixin.py:188} INFO - [2025-04-29T19:49:45.222+0000] {dag.py:3036} INFO - Sync 1 DAGs
[2025-04-29T19:49:45.234+0000] {logging_mixin.py:188} INFO - [2025-04-29T19:49:45.234+0000] {dag.py:3823} INFO - Setting next_dagrun for tutorial_objectstorage to None, run_after=None
[2025-04-29T19:49:45.256+0000] {processor.py:183} INFO - Processing /home/airflow/.local/lib/python3.8/site-packages/airflow/example_dags/tutorial_objectstorage.py took 0.068 seconds
[2025-04-29T19:50:15.403+0000] {processor.py:161} INFO - Started process (PID=229) to work on /home/airflow/.local/lib/python3.8/site-packages/airflow/example_dags/tutorial_objectstorage.py
[2025-04-29T19:50:15.404+0000] {processor.py:830} INFO - Processing file /home/airflow/.local/lib/python3.8/site-packages/airflow/example_dags/tutorial_objectstorage.py for tasks to queue
[2025-04-29T19:50:15.406+0000] {logging_mixin.py:188} INFO - [2025-04-29T19:50:15.406+0000] {dagbag.py:538} INFO - Filling up the DagBag from /home/airflow/.local/lib/python3.8/site-packages/airflow/example_dags/tutorial_objectstorage.py
[2025-04-29T19:50:15.414+0000] {processor.py:840} INFO - DAG(s) 'tutorial_objectstorage' retrieved from /home/airflow/.local/lib/python3.8/site-packages/airflow/example_dags/tutorial_objectstorage.py
[2025-04-29T19:50:15.436+0000] {logging_mixin.py:188} INFO - [2025-04-29T19:50:15.435+0000] {dag.py:3036} INFO - Sync 1 DAGs
[2025-04-29T19:50:15.449+0000] {logging_mixin.py:188} INFO - [2025-04-29T19:50:15.449+0000] {dag.py:3823} INFO - Setting next_dagrun for tutorial_objectstorage to None, run_after=None
[2025-04-29T19:50:15.470+0000] {processor.py:183} INFO - Processing /home/airflow/.local/lib/python3.8/site-packages/airflow/example_dags/tutorial_objectstorage.py took 0.072 seconds
