[2025-04-29T19:49:12.702+0000] {processor.py:161} INFO - Started process (PID=107) to work on /home/airflow/.local/lib/python3.8/site-packages/airflow/example_dags/tutorial.py
[2025-04-29T19:49:12.703+0000] {processor.py:830} INFO - Processing file /home/airflow/.local/lib/python3.8/site-packages/airflow/example_dags/tutorial.py for tasks to queue
[2025-04-29T19:49:12.705+0000] {logging_mixin.py:188} INFO - [2025-04-29T19:49:12.705+0000] {dagbag.py:538} INFO - Filling up the DagBag from /home/airflow/.local/lib/python3.8/site-packages/airflow/example_dags/tutorial.py
[2025-04-29T19:49:12.715+0000] {processor.py:840} INFO - DAG(s) 'tutorial' retrieved from /home/airflow/.local/lib/python3.8/site-packages/airflow/example_dags/tutorial.py
[2025-04-29T19:49:12.846+0000] {logging_mixin.py:188} INFO - [2025-04-29T19:49:12.846+0000] {dag.py:3036} INFO - Sync 1 DAGs
[2025-04-29T19:49:12.872+0000] {logging_mixin.py:188} INFO - [2025-04-29T19:49:12.872+0000] {dag.py:3823} INFO - Setting next_dagrun for tutorial to 2025-04-28 00:00:00+00:00, run_after=2025-04-29 00:00:00+00:00
[2025-04-29T19:49:12.921+0000] {processor.py:183} INFO - Processing /home/airflow/.local/lib/python3.8/site-packages/airflow/example_dags/tutorial.py took 0.222 seconds
[2025-04-29T19:49:43.437+0000] {processor.py:161} INFO - Started process (PID=163) to work on /home/airflow/.local/lib/python3.8/site-packages/airflow/example_dags/tutorial.py
[2025-04-29T19:49:43.438+0000] {processor.py:830} INFO - Processing file /home/airflow/.local/lib/python3.8/site-packages/airflow/example_dags/tutorial.py for tasks to queue
[2025-04-29T19:49:43.440+0000] {logging_mixin.py:188} INFO - [2025-04-29T19:49:43.440+0000] {dagbag.py:538} INFO - Filling up the DagBag from /home/airflow/.local/lib/python3.8/site-packages/airflow/example_dags/tutorial.py
[2025-04-29T19:49:43.447+0000] {processor.py:840} INFO - DAG(s) 'tutorial' retrieved from /home/airflow/.local/lib/python3.8/site-packages/airflow/example_dags/tutorial.py
[2025-04-29T19:49:43.467+0000] {logging_mixin.py:188} INFO - [2025-04-29T19:49:43.467+0000] {dag.py:3036} INFO - Sync 1 DAGs
[2025-04-29T19:49:43.489+0000] {logging_mixin.py:188} INFO - [2025-04-29T19:49:43.489+0000] {dag.py:3823} INFO - Setting next_dagrun for tutorial to 2025-04-28 00:00:00+00:00, run_after=2025-04-29 00:00:00+00:00
[2025-04-29T19:49:43.510+0000] {processor.py:183} INFO - Processing /home/airflow/.local/lib/python3.8/site-packages/airflow/example_dags/tutorial.py took 0.077 seconds
[2025-04-29T19:50:13.641+0000] {processor.py:161} INFO - Started process (PID=219) to work on /home/airflow/.local/lib/python3.8/site-packages/airflow/example_dags/tutorial.py
[2025-04-29T19:50:13.642+0000] {processor.py:830} INFO - Processing file /home/airflow/.local/lib/python3.8/site-packages/airflow/example_dags/tutorial.py for tasks to queue
[2025-04-29T19:50:13.644+0000] {logging_mixin.py:188} INFO - [2025-04-29T19:50:13.643+0000] {dagbag.py:538} INFO - Filling up the DagBag from /home/airflow/.local/lib/python3.8/site-packages/airflow/example_dags/tutorial.py
[2025-04-29T19:50:13.650+0000] {processor.py:840} INFO - DAG(s) 'tutorial' retrieved from /home/airflow/.local/lib/python3.8/site-packages/airflow/example_dags/tutorial.py
[2025-04-29T19:50:13.670+0000] {logging_mixin.py:188} INFO - [2025-04-29T19:50:13.670+0000] {dag.py:3036} INFO - Sync 1 DAGs
[2025-04-29T19:50:13.691+0000] {logging_mixin.py:188} INFO - [2025-04-29T19:50:13.691+0000] {dag.py:3823} INFO - Setting next_dagrun for tutorial to 2025-04-28 00:00:00+00:00, run_after=2025-04-29 00:00:00+00:00
[2025-04-29T19:50:13.710+0000] {processor.py:183} INFO - Processing /home/airflow/.local/lib/python3.8/site-packages/airflow/example_dags/tutorial.py took 0.072 seconds
