[2025-04-29T19:49:10.867+0000] {processor.py:161} INFO - Started process (PID=92) to work on /home/airflow/.local/lib/python3.8/site-packages/airflow/example_dags/tutorial_taskflow_api.py
[2025-04-29T19:49:10.868+0000] {processor.py:830} INFO - Processing file /home/airflow/.local/lib/python3.8/site-packages/airflow/example_dags/tutorial_taskflow_api.py for tasks to queue
[2025-04-29T19:49:10.870+0000] {logging_mixin.py:188} INFO - [2025-04-29T19:49:10.870+0000] {dagbag.py:538} INFO - Filling up the DagBag from /home/airflow/.local/lib/python3.8/site-packages/airflow/example_dags/tutorial_taskflow_api.py
[2025-04-29T19:49:10.880+0000] {processor.py:840} INFO - DAG(s) 'tutorial_taskflow_api' retrieved from /home/airflow/.local/lib/python3.8/site-packages/airflow/example_dags/tutorial_taskflow_api.py
[2025-04-29T19:49:10.999+0000] {logging_mixin.py:188} INFO - [2025-04-29T19:49:10.999+0000] {dag.py:3036} INFO - Sync 1 DAGs
[2025-04-29T19:49:11.009+0000] {logging_mixin.py:188} INFO - [2025-04-29T19:49:11.009+0000] {dag.py:3823} INFO - Setting next_dagrun for tutorial_taskflow_api to None, run_after=None
[2025-04-29T19:49:11.041+0000] {processor.py:183} INFO - Processing /home/airflow/.local/lib/python3.8/site-packages/airflow/example_dags/tutorial_taskflow_api.py took 0.177 seconds
[2025-04-29T19:49:41.557+0000] {processor.py:161} INFO - Started process (PID=148) to work on /home/airflow/.local/lib/python3.8/site-packages/airflow/example_dags/tutorial_taskflow_api.py
[2025-04-29T19:49:41.558+0000] {processor.py:830} INFO - Processing file /home/airflow/.local/lib/python3.8/site-packages/airflow/example_dags/tutorial_taskflow_api.py for tasks to queue
[2025-04-29T19:49:41.560+0000] {logging_mixin.py:188} INFO - [2025-04-29T19:49:41.559+0000] {dagbag.py:538} INFO - Filling up the DagBag from /home/airflow/.local/lib/python3.8/site-packages/airflow/example_dags/tutorial_taskflow_api.py
[2025-04-29T19:49:41.566+0000] {processor.py:840} INFO - DAG(s) 'tutorial_taskflow_api' retrieved from /home/airflow/.local/lib/python3.8/site-packages/airflow/example_dags/tutorial_taskflow_api.py
[2025-04-29T19:49:41.586+0000] {logging_mixin.py:188} INFO - [2025-04-29T19:49:41.586+0000] {dag.py:3036} INFO - Sync 1 DAGs
[2025-04-29T19:49:41.600+0000] {logging_mixin.py:188} INFO - [2025-04-29T19:49:41.599+0000] {dag.py:3823} INFO - Setting next_dagrun for tutorial_taskflow_api to None, run_after=None
[2025-04-29T19:49:41.619+0000] {processor.py:183} INFO - Processing /home/airflow/.local/lib/python3.8/site-packages/airflow/example_dags/tutorial_taskflow_api.py took 0.065 seconds
[2025-04-29T19:50:11.766+0000] {processor.py:161} INFO - Started process (PID=204) to work on /home/airflow/.local/lib/python3.8/site-packages/airflow/example_dags/tutorial_taskflow_api.py
[2025-04-29T19:50:11.767+0000] {processor.py:830} INFO - Processing file /home/airflow/.local/lib/python3.8/site-packages/airflow/example_dags/tutorial_taskflow_api.py for tasks to queue
[2025-04-29T19:50:11.769+0000] {logging_mixin.py:188} INFO - [2025-04-29T19:50:11.769+0000] {dagbag.py:538} INFO - Filling up the DagBag from /home/airflow/.local/lib/python3.8/site-packages/airflow/example_dags/tutorial_taskflow_api.py
[2025-04-29T19:50:11.778+0000] {processor.py:840} INFO - DAG(s) 'tutorial_taskflow_api' retrieved from /home/airflow/.local/lib/python3.8/site-packages/airflow/example_dags/tutorial_taskflow_api.py
[2025-04-29T19:50:11.799+0000] {logging_mixin.py:188} INFO - [2025-04-29T19:50:11.799+0000] {dag.py:3036} INFO - Sync 1 DAGs
[2025-04-29T19:50:11.812+0000] {logging_mixin.py:188} INFO - [2025-04-29T19:50:11.812+0000] {dag.py:3823} INFO - Setting next_dagrun for tutorial_taskflow_api to None, run_after=None
[2025-04-29T19:50:11.832+0000] {processor.py:183} INFO - Processing /home/airflow/.local/lib/python3.8/site-packages/airflow/example_dags/tutorial_taskflow_api.py took 0.071 seconds
