[2025-04-29T19:49:15.963+0000] {processor.py:161} INFO - Started process (PID=133) to work on /home/airflow/.local/lib/python3.8/site-packages/airflow/example_dags/tutorial_dag.py
[2025-04-29T19:49:15.964+0000] {processor.py:830} INFO - Processing file /home/airflow/.local/lib/python3.8/site-packages/airflow/example_dags/tutorial_dag.py for tasks to queue
[2025-04-29T19:49:15.965+0000] {logging_mixin.py:188} INFO - [2025-04-29T19:49:15.965+0000] {dagbag.py:538} INFO - Filling up the DagBag from /home/airflow/.local/lib/python3.8/site-packages/airflow/example_dags/tutorial_dag.py
[2025-04-29T19:49:15.972+0000] {processor.py:840} INFO - DAG(s) 'tutorial_dag' retrieved from /home/airflow/.local/lib/python3.8/site-packages/airflow/example_dags/tutorial_dag.py
[2025-04-29T19:49:16.085+0000] {logging_mixin.py:188} INFO - [2025-04-29T19:49:16.085+0000] {dag.py:3036} INFO - Sync 1 DAGs
[2025-04-29T19:49:16.097+0000] {logging_mixin.py:188} INFO - [2025-04-29T19:49:16.096+0000] {dag.py:3823} INFO - Setting next_dagrun for tutorial_dag to None, run_after=None
[2025-04-29T19:49:16.118+0000] {processor.py:183} INFO - Processing /home/airflow/.local/lib/python3.8/site-packages/airflow/example_dags/tutorial_dag.py took 0.158 seconds
[2025-04-29T19:49:46.213+0000] {processor.py:161} INFO - Started process (PID=189) to work on /home/airflow/.local/lib/python3.8/site-packages/airflow/example_dags/tutorial_dag.py
[2025-04-29T19:49:46.214+0000] {processor.py:830} INFO - Processing file /home/airflow/.local/lib/python3.8/site-packages/airflow/example_dags/tutorial_dag.py for tasks to queue
[2025-04-29T19:49:46.216+0000] {logging_mixin.py:188} INFO - [2025-04-29T19:49:46.216+0000] {dagbag.py:538} INFO - Filling up the DagBag from /home/airflow/.local/lib/python3.8/site-packages/airflow/example_dags/tutorial_dag.py
[2025-04-29T19:49:46.221+0000] {processor.py:840} INFO - DAG(s) 'tutorial_dag' retrieved from /home/airflow/.local/lib/python3.8/site-packages/airflow/example_dags/tutorial_dag.py
[2025-04-29T19:49:46.246+0000] {logging_mixin.py:188} INFO - [2025-04-29T19:49:46.246+0000] {dag.py:3036} INFO - Sync 1 DAGs
[2025-04-29T19:49:46.260+0000] {logging_mixin.py:188} INFO - [2025-04-29T19:49:46.260+0000] {dag.py:3823} INFO - Setting next_dagrun for tutorial_dag to None, run_after=None
[2025-04-29T19:49:46.281+0000] {processor.py:183} INFO - Processing /home/airflow/.local/lib/python3.8/site-packages/airflow/example_dags/tutorial_dag.py took 0.071 seconds
[2025-04-29T19:50:16.438+0000] {processor.py:161} INFO - Started process (PID=245) to work on /home/airflow/.local/lib/python3.8/site-packages/airflow/example_dags/tutorial_dag.py
[2025-04-29T19:50:16.439+0000] {processor.py:830} INFO - Processing file /home/airflow/.local/lib/python3.8/site-packages/airflow/example_dags/tutorial_dag.py for tasks to queue
[2025-04-29T19:50:16.440+0000] {logging_mixin.py:188} INFO - [2025-04-29T19:50:16.440+0000] {dagbag.py:538} INFO - Filling up the DagBag from /home/airflow/.local/lib/python3.8/site-packages/airflow/example_dags/tutorial_dag.py
[2025-04-29T19:50:16.445+0000] {processor.py:840} INFO - DAG(s) 'tutorial_dag' retrieved from /home/airflow/.local/lib/python3.8/site-packages/airflow/example_dags/tutorial_dag.py
[2025-04-29T19:50:16.466+0000] {logging_mixin.py:188} INFO - [2025-04-29T19:50:16.466+0000] {dag.py:3036} INFO - Sync 1 DAGs
[2025-04-29T19:50:16.482+0000] {logging_mixin.py:188} INFO - [2025-04-29T19:50:16.482+0000] {dag.py:3823} INFO - Setting next_dagrun for tutorial_dag to None, run_after=None
[2025-04-29T19:50:16.503+0000] {processor.py:183} INFO - Processing /home/airflow/.local/lib/python3.8/site-packages/airflow/example_dags/tutorial_dag.py took 0.068 seconds
