[2025-05-12T00:00:03.969+0000] {taskinstance.py:1956} INFO - Dependencies all met for dep_context=non-requeueable deps ti=<TaskInstance: mymind_mongo_to_mysql_etl.sync_and_load_mysql scheduled__2025-05-11T18:00:00+00:00 [queued]>
[2025-05-12T00:00:03.978+0000] {taskinstance.py:1956} INFO - Dependencies all met for dep_context=requeueable deps ti=<TaskInstance: mymind_mongo_to_mysql_etl.sync_and_load_mysql scheduled__2025-05-11T18:00:00+00:00 [queued]>
[2025-05-12T00:00:03.979+0000] {taskinstance.py:2170} INFO - Starting attempt 1 of 2
[2025-05-12T00:00:03.994+0000] {taskinstance.py:2191} INFO - Executing <Task(_PythonDecoratedOperator): sync_and_load_mysql> on 2025-05-11 18:00:00+00:00
[2025-05-12T00:00:04.000+0000] {standard_task_runner.py:60} INFO - Started process 23437 to run task
[2025-05-12T00:00:04.003+0000] {standard_task_runner.py:87} INFO - Running: ['***', 'tasks', 'run', 'mymind_mongo_to_mysql_etl', 'sync_and_load_mysql', 'scheduled__2025-05-11T18:00:00+00:00', '--job-id', '35915', '--raw', '--subdir', 'DAGS_FOLDER/mymind_etl_dag.py', '--cfg-path', '/tmp/tmp7h3jcw2h']
[2025-05-12T00:00:04.005+0000] {standard_task_runner.py:88} INFO - Job 35915: Subtask sync_and_load_mysql
[2025-05-12T00:00:04.063+0000] {task_command.py:423} INFO - Running <TaskInstance: mymind_mongo_to_mysql_etl.sync_and_load_mysql scheduled__2025-05-11T18:00:00+00:00 [running]> on host 981be75c8797
[2025-05-12T00:00:04.183+0000] {taskinstance.py:2480} INFO - Exporting env vars: AIRFLOW_CTX_DAG_OWNER='***' AIRFLOW_CTX_DAG_ID='mymind_mongo_to_mysql_etl' AIRFLOW_CTX_TASK_ID='sync_and_load_mysql' AIRFLOW_CTX_EXECUTION_DATE='2025-05-11T18:00:00+00:00' AIRFLOW_CTX_TRY_NUMBER='1' AIRFLOW_CTX_DAG_RUN_ID='scheduled__2025-05-11T18:00:00+00:00'
[2025-05-12T00:00:04.185+0000] {mymind_etl_dag.py:302} INFO - Iniciando sincronizaci贸n y carga a MySQL: 7 usuarios, 17 transcripciones.
[2025-05-12T00:00:04.195+0000] {base.py:83} INFO - Using connection ID 'mysql_mymind_dw' for task execution.
[2025-05-12T00:00:04.205+0000] {taskinstance.py:2698} ERROR - Task failed with exception
Traceback (most recent call last):
  File "/home/airflow/.local/lib/python3.8/site-packages/airflow/models/taskinstance.py", line 433, in _execute_task
    result = execute_callable(context=context, **execute_callable_kwargs)
  File "/home/airflow/.local/lib/python3.8/site-packages/airflow/decorators/base.py", line 241, in execute
    return_value = super().execute(context)
  File "/home/airflow/.local/lib/python3.8/site-packages/airflow/operators/python.py", line 199, in execute
    return_value = self.execute_callable()
  File "/home/airflow/.local/lib/python3.8/site-packages/airflow/operators/python.py", line 216, in execute_callable
    return self.python_callable(*self.op_args, **self.op_kwargs)
  File "/opt/airflow/dags/mymind_etl_dag.py", line 306, in sync_and_load_mysql
    conn = mysql_hook.get_conn()
  File "/home/airflow/.local/lib/python3.8/site-packages/airflow/providers/mysql/hooks/mysql.py", line 195, in get_conn
    return MySQLdb.connect(**conn_config)
  File "/home/airflow/.local/lib/python3.8/site-packages/MySQLdb/__init__.py", line 121, in Connect
    return Connection(*args, **kwargs)
  File "/home/airflow/.local/lib/python3.8/site-packages/MySQLdb/connections.py", line 193, in __init__
    super().__init__(*args, **kwargs2)
MySQLdb.OperationalError: (1045, "Access denied for user '***'@'172.21.0.9' (using password: YES)")
[2025-05-12T00:00:04.217+0000] {taskinstance.py:1138} INFO - Marking task as UP_FOR_RETRY. dag_id=mymind_mongo_to_mysql_etl, task_id=sync_and_load_mysql, execution_date=20250511T180000, start_date=20250512T000003, end_date=20250512T000004
[2025-05-12T00:00:04.231+0000] {standard_task_runner.py:107} ERROR - Failed to execute job 35915 for task sync_and_load_mysql ((1045, "Access denied for user '***'@'172.21.0.9' (using password: YES)"); 23437)
[2025-05-12T00:00:04.255+0000] {local_task_job_runner.py:234} INFO - Task exited with return code 1
[2025-05-12T00:00:04.288+0000] {taskinstance.py:3280} INFO - 0 downstream tasks scheduled from follow-on schedule check
[2025-05-12T00:16:13.825+0000] {taskinstance.py:1956} INFO - Dependencies all met for dep_context=non-requeueable deps ti=<TaskInstance: mymind_mongo_to_mysql_etl.sync_and_load_mysql scheduled__2025-05-11T18:00:00+00:00 [queued]>
[2025-05-12T00:16:13.834+0000] {taskinstance.py:1956} INFO - Dependencies all met for dep_context=requeueable deps ti=<TaskInstance: mymind_mongo_to_mysql_etl.sync_and_load_mysql scheduled__2025-05-11T18:00:00+00:00 [queued]>
[2025-05-12T00:16:13.834+0000] {taskinstance.py:2170} INFO - Starting attempt 1 of 2
[2025-05-12T00:16:13.864+0000] {taskinstance.py:2191} INFO - Executing <Task(_PythonDecoratedOperator): sync_and_load_mysql> on 2025-05-11 18:00:00+00:00
[2025-05-12T00:16:13.870+0000] {standard_task_runner.py:60} INFO - Started process 23737 to run task
[2025-05-12T00:16:13.874+0000] {standard_task_runner.py:87} INFO - Running: ['***', 'tasks', 'run', 'mymind_mongo_to_mysql_etl', 'sync_and_load_mysql', 'scheduled__2025-05-11T18:00:00+00:00', '--job-id', '35931', '--raw', '--subdir', 'DAGS_FOLDER/mymind_etl_dag.py', '--cfg-path', '/tmp/tmpusxwk6u_']
[2025-05-12T00:16:13.875+0000] {standard_task_runner.py:88} INFO - Job 35931: Subtask sync_and_load_mysql
[2025-05-12T00:16:13.955+0000] {task_command.py:423} INFO - Running <TaskInstance: mymind_mongo_to_mysql_etl.sync_and_load_mysql scheduled__2025-05-11T18:00:00+00:00 [running]> on host 981be75c8797
[2025-05-12T00:16:14.109+0000] {taskinstance.py:2480} INFO - Exporting env vars: AIRFLOW_CTX_DAG_OWNER='***' AIRFLOW_CTX_DAG_ID='mymind_mongo_to_mysql_etl' AIRFLOW_CTX_TASK_ID='sync_and_load_mysql' AIRFLOW_CTX_EXECUTION_DATE='2025-05-11T18:00:00+00:00' AIRFLOW_CTX_TRY_NUMBER='1' AIRFLOW_CTX_DAG_RUN_ID='scheduled__2025-05-11T18:00:00+00:00'
[2025-05-12T00:16:14.110+0000] {mymind_etl_dag.py:302} INFO - Iniciando sincronizaci贸n y carga a MySQL: 7 usuarios, 17 transcripciones.
[2025-05-12T00:16:14.122+0000] {base.py:83} INFO - Using connection ID 'mysql_mymind_dw' for task execution.
[2025-05-12T00:16:14.135+0000] {taskinstance.py:2698} ERROR - Task failed with exception
Traceback (most recent call last):
  File "/home/airflow/.local/lib/python3.8/site-packages/airflow/models/taskinstance.py", line 433, in _execute_task
    result = execute_callable(context=context, **execute_callable_kwargs)
  File "/home/airflow/.local/lib/python3.8/site-packages/airflow/decorators/base.py", line 241, in execute
    return_value = super().execute(context)
  File "/home/airflow/.local/lib/python3.8/site-packages/airflow/operators/python.py", line 199, in execute
    return_value = self.execute_callable()
  File "/home/airflow/.local/lib/python3.8/site-packages/airflow/operators/python.py", line 216, in execute_callable
    return self.python_callable(*self.op_args, **self.op_kwargs)
  File "/opt/airflow/dags/mymind_etl_dag.py", line 306, in sync_and_load_mysql
    conn = mysql_hook.get_conn()
  File "/home/airflow/.local/lib/python3.8/site-packages/airflow/providers/mysql/hooks/mysql.py", line 195, in get_conn
    return MySQLdb.connect(**conn_config)
  File "/home/airflow/.local/lib/python3.8/site-packages/MySQLdb/__init__.py", line 121, in Connect
    return Connection(*args, **kwargs)
  File "/home/airflow/.local/lib/python3.8/site-packages/MySQLdb/connections.py", line 193, in __init__
    super().__init__(*args, **kwargs2)
MySQLdb.OperationalError: (1045, "Access denied for user '***'@'172.21.0.9' (using password: YES)")
[2025-05-12T00:16:14.147+0000] {taskinstance.py:1138} INFO - Marking task as UP_FOR_RETRY. dag_id=mymind_mongo_to_mysql_etl, task_id=sync_and_load_mysql, execution_date=20250511T180000, start_date=20250512T001613, end_date=20250512T001614
[2025-05-12T00:16:14.184+0000] {standard_task_runner.py:107} ERROR - Failed to execute job 35931 for task sync_and_load_mysql ((1045, "Access denied for user '***'@'172.21.0.9' (using password: YES)"); 23737)
[2025-05-12T00:16:14.206+0000] {local_task_job_runner.py:234} INFO - Task exited with return code 1
[2025-05-12T00:16:14.238+0000] {taskinstance.py:3280} INFO - 0 downstream tasks scheduled from follow-on schedule check
[2025-05-12T00:17:14.028+0000] {taskinstance.py:1956} INFO - Dependencies all met for dep_context=non-requeueable deps ti=<TaskInstance: mymind_mongo_to_mysql_etl.sync_and_load_mysql scheduled__2025-05-11T18:00:00+00:00 [queued]>
[2025-05-12T00:17:14.036+0000] {taskinstance.py:1956} INFO - Dependencies all met for dep_context=requeueable deps ti=<TaskInstance: mymind_mongo_to_mysql_etl.sync_and_load_mysql scheduled__2025-05-11T18:00:00+00:00 [queued]>
[2025-05-12T00:17:14.037+0000] {taskinstance.py:2170} INFO - Starting attempt 1 of 2
[2025-05-12T00:17:14.051+0000] {taskinstance.py:2191} INFO - Executing <Task(_PythonDecoratedOperator): sync_and_load_mysql> on 2025-05-11 18:00:00+00:00
[2025-05-12T00:17:14.056+0000] {standard_task_runner.py:60} INFO - Started process 23779 to run task
[2025-05-12T00:17:14.060+0000] {standard_task_runner.py:87} INFO - Running: ['***', 'tasks', 'run', 'mymind_mongo_to_mysql_etl', 'sync_and_load_mysql', 'scheduled__2025-05-11T18:00:00+00:00', '--job-id', '35937', '--raw', '--subdir', 'DAGS_FOLDER/mymind_etl_dag.py', '--cfg-path', '/tmp/tmpfq2o75nx']
[2025-05-12T00:17:14.061+0000] {standard_task_runner.py:88} INFO - Job 35937: Subtask sync_and_load_mysql
[2025-05-12T00:17:14.121+0000] {task_command.py:423} INFO - Running <TaskInstance: mymind_mongo_to_mysql_etl.sync_and_load_mysql scheduled__2025-05-11T18:00:00+00:00 [running]> on host 981be75c8797
[2025-05-12T00:17:14.238+0000] {taskinstance.py:2480} INFO - Exporting env vars: AIRFLOW_CTX_DAG_OWNER='***' AIRFLOW_CTX_DAG_ID='mymind_mongo_to_mysql_etl' AIRFLOW_CTX_TASK_ID='sync_and_load_mysql' AIRFLOW_CTX_EXECUTION_DATE='2025-05-11T18:00:00+00:00' AIRFLOW_CTX_TRY_NUMBER='1' AIRFLOW_CTX_DAG_RUN_ID='scheduled__2025-05-11T18:00:00+00:00'
[2025-05-12T00:17:14.239+0000] {mymind_etl_dag.py:302} INFO - Iniciando sincronizaci贸n y carga a MySQL: 7 usuarios, 17 transcripciones.
[2025-05-12T00:17:14.249+0000] {base.py:83} INFO - Using connection ID 'mysql_mymind_dw' for task execution.
[2025-05-12T00:17:14.260+0000] {taskinstance.py:2698} ERROR - Task failed with exception
Traceback (most recent call last):
  File "/home/airflow/.local/lib/python3.8/site-packages/airflow/models/taskinstance.py", line 433, in _execute_task
    result = execute_callable(context=context, **execute_callable_kwargs)
  File "/home/airflow/.local/lib/python3.8/site-packages/airflow/decorators/base.py", line 241, in execute
    return_value = super().execute(context)
  File "/home/airflow/.local/lib/python3.8/site-packages/airflow/operators/python.py", line 199, in execute
    return_value = self.execute_callable()
  File "/home/airflow/.local/lib/python3.8/site-packages/airflow/operators/python.py", line 216, in execute_callable
    return self.python_callable(*self.op_args, **self.op_kwargs)
  File "/opt/airflow/dags/mymind_etl_dag.py", line 306, in sync_and_load_mysql
    conn = mysql_hook.get_conn()
  File "/home/airflow/.local/lib/python3.8/site-packages/airflow/providers/mysql/hooks/mysql.py", line 195, in get_conn
    return MySQLdb.connect(**conn_config)
  File "/home/airflow/.local/lib/python3.8/site-packages/MySQLdb/__init__.py", line 121, in Connect
    return Connection(*args, **kwargs)
  File "/home/airflow/.local/lib/python3.8/site-packages/MySQLdb/connections.py", line 193, in __init__
    super().__init__(*args, **kwargs2)
MySQLdb.OperationalError: (1045, "Access denied for user '***'@'172.21.0.9' (using password: YES)")
[2025-05-12T00:17:14.271+0000] {taskinstance.py:1138} INFO - Marking task as UP_FOR_RETRY. dag_id=mymind_mongo_to_mysql_etl, task_id=sync_and_load_mysql, execution_date=20250511T180000, start_date=20250512T001714, end_date=20250512T001714
[2025-05-12T00:17:14.287+0000] {standard_task_runner.py:107} ERROR - Failed to execute job 35937 for task sync_and_load_mysql ((1045, "Access denied for user '***'@'172.21.0.9' (using password: YES)"); 23779)
[2025-05-12T00:17:14.311+0000] {local_task_job_runner.py:234} INFO - Task exited with return code 1
[2025-05-12T00:17:14.341+0000] {taskinstance.py:3280} INFO - 0 downstream tasks scheduled from follow-on schedule check
[2025-05-12T00:17:44.260+0000] {taskinstance.py:1956} INFO - Dependencies all met for dep_context=non-requeueable deps ti=<TaskInstance: mymind_mongo_to_mysql_etl.sync_and_load_mysql scheduled__2025-05-11T18:00:00+00:00 [queued]>
[2025-05-12T00:17:44.268+0000] {taskinstance.py:1956} INFO - Dependencies all met for dep_context=requeueable deps ti=<TaskInstance: mymind_mongo_to_mysql_etl.sync_and_load_mysql scheduled__2025-05-11T18:00:00+00:00 [queued]>
[2025-05-12T00:17:44.268+0000] {taskinstance.py:2170} INFO - Starting attempt 1 of 2
[2025-05-12T00:17:44.283+0000] {taskinstance.py:2191} INFO - Executing <Task(_PythonDecoratedOperator): sync_and_load_mysql> on 2025-05-11 18:00:00+00:00
[2025-05-12T00:17:44.288+0000] {standard_task_runner.py:60} INFO - Started process 23813 to run task
[2025-05-12T00:17:44.291+0000] {standard_task_runner.py:87} INFO - Running: ['***', 'tasks', 'run', 'mymind_mongo_to_mysql_etl', 'sync_and_load_mysql', 'scheduled__2025-05-11T18:00:00+00:00', '--job-id', '35943', '--raw', '--subdir', 'DAGS_FOLDER/mymind_etl_dag.py', '--cfg-path', '/tmp/tmpnz1isdjf']
[2025-05-12T00:17:44.293+0000] {standard_task_runner.py:88} INFO - Job 35943: Subtask sync_and_load_mysql
[2025-05-12T00:17:44.350+0000] {task_command.py:423} INFO - Running <TaskInstance: mymind_mongo_to_mysql_etl.sync_and_load_mysql scheduled__2025-05-11T18:00:00+00:00 [running]> on host 981be75c8797
[2025-05-12T00:17:44.468+0000] {taskinstance.py:2480} INFO - Exporting env vars: AIRFLOW_CTX_DAG_OWNER='***' AIRFLOW_CTX_DAG_ID='mymind_mongo_to_mysql_etl' AIRFLOW_CTX_TASK_ID='sync_and_load_mysql' AIRFLOW_CTX_EXECUTION_DATE='2025-05-11T18:00:00+00:00' AIRFLOW_CTX_TRY_NUMBER='1' AIRFLOW_CTX_DAG_RUN_ID='scheduled__2025-05-11T18:00:00+00:00'
[2025-05-12T00:17:44.469+0000] {mymind_etl_dag.py:302} INFO - Iniciando sincronizaci贸n y carga a MySQL: 7 usuarios, 17 transcripciones.
[2025-05-12T00:17:44.480+0000] {base.py:83} INFO - Using connection ID 'mysql_mymind_dw' for task execution.
[2025-05-12T00:17:44.491+0000] {taskinstance.py:2698} ERROR - Task failed with exception
Traceback (most recent call last):
  File "/home/airflow/.local/lib/python3.8/site-packages/airflow/models/taskinstance.py", line 433, in _execute_task
    result = execute_callable(context=context, **execute_callable_kwargs)
  File "/home/airflow/.local/lib/python3.8/site-packages/airflow/decorators/base.py", line 241, in execute
    return_value = super().execute(context)
  File "/home/airflow/.local/lib/python3.8/site-packages/airflow/operators/python.py", line 199, in execute
    return_value = self.execute_callable()
  File "/home/airflow/.local/lib/python3.8/site-packages/airflow/operators/python.py", line 216, in execute_callable
    return self.python_callable(*self.op_args, **self.op_kwargs)
  File "/opt/airflow/dags/mymind_etl_dag.py", line 306, in sync_and_load_mysql
    conn = mysql_hook.get_conn()
  File "/home/airflow/.local/lib/python3.8/site-packages/airflow/providers/mysql/hooks/mysql.py", line 195, in get_conn
    return MySQLdb.connect(**conn_config)
  File "/home/airflow/.local/lib/python3.8/site-packages/MySQLdb/__init__.py", line 121, in Connect
    return Connection(*args, **kwargs)
  File "/home/airflow/.local/lib/python3.8/site-packages/MySQLdb/connections.py", line 193, in __init__
    super().__init__(*args, **kwargs2)
MySQLdb.OperationalError: (1045, "Access denied for user '***'@'172.21.0.9' (using password: YES)")
[2025-05-12T00:17:44.503+0000] {taskinstance.py:1138} INFO - Marking task as UP_FOR_RETRY. dag_id=mymind_mongo_to_mysql_etl, task_id=sync_and_load_mysql, execution_date=20250511T180000, start_date=20250512T001744, end_date=20250512T001744
[2025-05-12T00:17:44.519+0000] {standard_task_runner.py:107} ERROR - Failed to execute job 35943 for task sync_and_load_mysql ((1045, "Access denied for user '***'@'172.21.0.9' (using password: YES)"); 23813)
[2025-05-12T00:17:44.543+0000] {local_task_job_runner.py:234} INFO - Task exited with return code 1
[2025-05-12T00:17:44.605+0000] {taskinstance.py:3280} INFO - 0 downstream tasks scheduled from follow-on schedule check
