[2025-05-13T15:37:31.858+0000] {taskinstance.py:1956} INFO - Dependencies all met for dep_context=non-requeueable deps ti=<TaskInstance: mymind_mongo_to_mysql_etl.sync_and_load_mysql manual__2025-05-13T15:37:27.222798+00:00 [queued]>
[2025-05-13T15:37:31.866+0000] {taskinstance.py:1956} INFO - Dependencies all met for dep_context=requeueable deps ti=<TaskInstance: mymind_mongo_to_mysql_etl.sync_and_load_mysql manual__2025-05-13T15:37:27.222798+00:00 [queued]>
[2025-05-13T15:37:31.866+0000] {taskinstance.py:2170} INFO - Starting attempt 1 of 2
[2025-05-13T15:37:31.880+0000] {taskinstance.py:2191} INFO - Executing <Task(_PythonDecoratedOperator): sync_and_load_mysql> on 2025-05-13 15:37:27.222798+00:00
[2025-05-13T15:37:31.885+0000] {standard_task_runner.py:60} INFO - Started process 397 to run task
[2025-05-13T15:37:31.889+0000] {standard_task_runner.py:87} INFO - Running: ['***', 'tasks', 'run', 'mymind_mongo_to_mysql_etl', 'sync_and_load_mysql', 'manual__2025-05-13T15:37:27.222798+00:00', '--job-id', '36053', '--raw', '--subdir', 'DAGS_FOLDER/mymind_etl_dag.py', '--cfg-path', '/tmp/tmp7o9icq7c']
[2025-05-13T15:37:31.890+0000] {standard_task_runner.py:88} INFO - Job 36053: Subtask sync_and_load_mysql
[2025-05-13T15:37:31.941+0000] {task_command.py:423} INFO - Running <TaskInstance: mymind_mongo_to_mysql_etl.sync_and_load_mysql manual__2025-05-13T15:37:27.222798+00:00 [running]> on host 8dd349daff4b
[2025-05-13T15:37:32.053+0000] {taskinstance.py:2480} INFO - Exporting env vars: AIRFLOW_CTX_DAG_OWNER='***' AIRFLOW_CTX_DAG_ID='mymind_mongo_to_mysql_etl' AIRFLOW_CTX_TASK_ID='sync_and_load_mysql' AIRFLOW_CTX_EXECUTION_DATE='2025-05-13T15:37:27.222798+00:00' AIRFLOW_CTX_TRY_NUMBER='1' AIRFLOW_CTX_DAG_RUN_ID='manual__2025-05-13T15:37:27.222798+00:00'
[2025-05-13T15:37:32.054+0000] {mymind_etl_dag.py:302} INFO - Iniciando sincronización y carga a MySQL: 7 usuarios, 31 transcripciones.
[2025-05-13T15:37:32.065+0000] {base.py:83} INFO - Using connection ID 'mysql_mymind_dw' for task execution.
[2025-05-13T15:37:32.076+0000] {mymind_etl_dag.py:311} INFO - Obteniendo IDs actuales desde MySQL...
[2025-05-13T15:37:32.077+0000] {mymind_etl_dag.py:322} INFO - Usuarios a eliminar: 4
[2025-05-13T15:37:32.077+0000] {mymind_etl_dag.py:323} INFO - Transcripciones a eliminar: 2
[2025-05-13T15:37:32.079+0000] {mymind_etl_dag.py:333} INFO - Se eliminaron 2 transcripciones obsoletas.
[2025-05-13T15:37:32.079+0000] {mymind_etl_dag.py:341} INFO - Se eliminaron 0 transcripciones de usuarios obsoletos.
[2025-05-13T15:37:32.080+0000] {mymind_etl_dag.py:346} INFO - Se eliminaron 4 usuarios obsoletos.
[2025-05-13T15:37:32.081+0000] {mymind_etl_dag.py:356} INFO - Cargando 7 usuarios en la tabla users...
[2025-05-13T15:37:32.082+0000] {mymind_etl_dag.py:381} INFO - Usuarios cargados exitosamente.
[2025-05-13T15:37:32.083+0000] {mymind_etl_dag.py:394} INFO - Cargando 31 transcripciones en la tabla transcriptions...
[2025-05-13T15:37:32.088+0000] {mymind_etl_dag.py:424} INFO - Transcripciones cargadas exitosamente.
[2025-05-13T15:37:32.090+0000] {mymind_etl_dag.py:431} INFO - Sincronización y carga a MySQL completada con éxito.
[2025-05-13T15:37:32.090+0000] {python.py:201} INFO - Done. Returned value was: None
[2025-05-13T15:37:32.101+0000] {taskinstance.py:1138} INFO - Marking task as SUCCESS. dag_id=mymind_mongo_to_mysql_etl, task_id=sync_and_load_mysql, execution_date=20250513T153727, start_date=20250513T153731, end_date=20250513T153732
[2025-05-13T15:37:32.140+0000] {local_task_job_runner.py:234} INFO - Task exited with return code 0
[2025-05-13T15:37:32.171+0000] {taskinstance.py:3280} INFO - 0 downstream tasks scheduled from follow-on schedule check
