[2025-05-08T20:11:04.450+0000] {taskinstance.py:1956} INFO - Dependencies all met for dep_context=non-requeueable deps ti=<TaskInstance: mymind_mongo_to_mysql_etl.sync_and_load_mysql scheduled__2025-05-08T20:10:00+00:00 [queued]>
[2025-05-08T20:11:04.458+0000] {taskinstance.py:1956} INFO - Dependencies all met for dep_context=requeueable deps ti=<TaskInstance: mymind_mongo_to_mysql_etl.sync_and_load_mysql scheduled__2025-05-08T20:10:00+00:00 [queued]>
[2025-05-08T20:11:04.458+0000] {taskinstance.py:2170} INFO - Starting attempt 1 of 2
[2025-05-08T20:11:04.471+0000] {taskinstance.py:2191} INFO - Executing <Task(_PythonDecoratedOperator): sync_and_load_mysql> on 2025-05-08 20:10:00+00:00
[2025-05-08T20:11:04.476+0000] {standard_task_runner.py:60} INFO - Started process 621 to run task
[2025-05-08T20:11:04.480+0000] {standard_task_runner.py:87} INFO - Running: ['***', 'tasks', 'run', 'mymind_mongo_to_mysql_etl', 'sync_and_load_mysql', 'scheduled__2025-05-08T20:10:00+00:00', '--job-id', '31922', '--raw', '--subdir', 'DAGS_FOLDER/mymind_etl_dag.py', '--cfg-path', '/tmp/tmpua2hguja']
[2025-05-08T20:11:04.481+0000] {standard_task_runner.py:88} INFO - Job 31922: Subtask sync_and_load_mysql
[2025-05-08T20:11:04.538+0000] {task_command.py:423} INFO - Running <TaskInstance: mymind_mongo_to_mysql_etl.sync_and_load_mysql scheduled__2025-05-08T20:10:00+00:00 [running]> on host d60bbdc234eb
[2025-05-08T20:11:04.658+0000] {taskinstance.py:2480} INFO - Exporting env vars: AIRFLOW_CTX_DAG_OWNER='***' AIRFLOW_CTX_DAG_ID='mymind_mongo_to_mysql_etl' AIRFLOW_CTX_TASK_ID='sync_and_load_mysql' AIRFLOW_CTX_EXECUTION_DATE='2025-05-08T20:10:00+00:00' AIRFLOW_CTX_TRY_NUMBER='1' AIRFLOW_CTX_DAG_RUN_ID='scheduled__2025-05-08T20:10:00+00:00'
[2025-05-08T20:11:04.660+0000] {mymind_etl_dag.py:301} INFO - Iniciando sincronización y carga a MySQL: 6 usuarios, 9 transcripciones.
[2025-05-08T20:11:04.670+0000] {base.py:83} INFO - Using connection ID 'mysql_mymind_dw' for task execution.
[2025-05-08T20:11:04.681+0000] {mymind_etl_dag.py:310} INFO - Obteniendo IDs actuales desde MySQL...
[2025-05-08T20:11:04.682+0000] {mymind_etl_dag.py:321} INFO - Usuarios a eliminar: 0
[2025-05-08T20:11:04.683+0000] {mymind_etl_dag.py:322} INFO - Transcripciones a eliminar: 0
[2025-05-08T20:11:04.683+0000] {mymind_etl_dag.py:355} INFO - Cargando 6 usuarios en la tabla users...
[2025-05-08T20:11:04.684+0000] {mymind_etl_dag.py:380} INFO - Usuarios cargados exitosamente.
[2025-05-08T20:11:04.685+0000] {mymind_etl_dag.py:393} INFO - Cargando 9 transcripciones en la tabla transcriptions...
[2025-05-08T20:11:04.687+0000] {mymind_etl_dag.py:423} INFO - Transcripciones cargadas exitosamente.
[2025-05-08T20:11:04.688+0000] {mymind_etl_dag.py:430} INFO - Sincronización y carga a MySQL completada con éxito.
[2025-05-08T20:11:04.688+0000] {python.py:201} INFO - Done. Returned value was: None
[2025-05-08T20:11:04.699+0000] {taskinstance.py:1138} INFO - Marking task as SUCCESS. dag_id=mymind_mongo_to_mysql_etl, task_id=sync_and_load_mysql, execution_date=20250508T201000, start_date=20250508T201104, end_date=20250508T201104
[2025-05-08T20:11:04.732+0000] {local_task_job_runner.py:234} INFO - Task exited with return code 0
[2025-05-08T20:11:04.761+0000] {taskinstance.py:3280} INFO - 0 downstream tasks scheduled from follow-on schedule check
[2025-05-08T20:11:22.358+0000] {taskinstance.py:1956} INFO - Dependencies all met for dep_context=non-requeueable deps ti=<TaskInstance: mymind_mongo_to_mysql_etl.sync_and_load_mysql scheduled__2025-05-08T20:10:00+00:00 [queued]>
[2025-05-08T20:11:22.366+0000] {taskinstance.py:1956} INFO - Dependencies all met for dep_context=requeueable deps ti=<TaskInstance: mymind_mongo_to_mysql_etl.sync_and_load_mysql scheduled__2025-05-08T20:10:00+00:00 [queued]>
[2025-05-08T20:11:22.366+0000] {taskinstance.py:2170} INFO - Starting attempt 1 of 2
[2025-05-08T20:11:22.380+0000] {taskinstance.py:2191} INFO - Executing <Task(_PythonDecoratedOperator): sync_and_load_mysql> on 2025-05-08 20:10:00+00:00
[2025-05-08T20:11:22.386+0000] {standard_task_runner.py:60} INFO - Started process 642 to run task
[2025-05-08T20:11:22.389+0000] {standard_task_runner.py:87} INFO - Running: ['***', 'tasks', 'run', 'mymind_mongo_to_mysql_etl', 'sync_and_load_mysql', 'scheduled__2025-05-08T20:10:00+00:00', '--job-id', '31925', '--raw', '--subdir', 'DAGS_FOLDER/mymind_etl_dag.py', '--cfg-path', '/tmp/tmpv4y7w1mo']
[2025-05-08T20:11:22.391+0000] {standard_task_runner.py:88} INFO - Job 31925: Subtask sync_and_load_mysql
[2025-05-08T20:11:22.445+0000] {task_command.py:423} INFO - Running <TaskInstance: mymind_mongo_to_mysql_etl.sync_and_load_mysql scheduled__2025-05-08T20:10:00+00:00 [running]> on host d60bbdc234eb
[2025-05-08T20:11:22.551+0000] {taskinstance.py:2480} INFO - Exporting env vars: AIRFLOW_CTX_DAG_OWNER='***' AIRFLOW_CTX_DAG_ID='mymind_mongo_to_mysql_etl' AIRFLOW_CTX_TASK_ID='sync_and_load_mysql' AIRFLOW_CTX_EXECUTION_DATE='2025-05-08T20:10:00+00:00' AIRFLOW_CTX_TRY_NUMBER='1' AIRFLOW_CTX_DAG_RUN_ID='scheduled__2025-05-08T20:10:00+00:00'
[2025-05-08T20:11:22.552+0000] {mymind_etl_dag.py:301} INFO - Iniciando sincronización y carga a MySQL: 6 usuarios, 9 transcripciones.
[2025-05-08T20:11:22.563+0000] {base.py:83} INFO - Using connection ID 'mysql_mymind_dw' for task execution.
[2025-05-08T20:11:22.573+0000] {mymind_etl_dag.py:310} INFO - Obteniendo IDs actuales desde MySQL...
[2025-05-08T20:11:22.574+0000] {mymind_etl_dag.py:321} INFO - Usuarios a eliminar: 0
[2025-05-08T20:11:22.574+0000] {mymind_etl_dag.py:322} INFO - Transcripciones a eliminar: 0
[2025-05-08T20:11:22.575+0000] {mymind_etl_dag.py:355} INFO - Cargando 6 usuarios en la tabla users...
[2025-05-08T20:11:22.576+0000] {mymind_etl_dag.py:380} INFO - Usuarios cargados exitosamente.
[2025-05-08T20:11:22.576+0000] {mymind_etl_dag.py:393} INFO - Cargando 9 transcripciones en la tabla transcriptions...
[2025-05-08T20:11:22.578+0000] {mymind_etl_dag.py:423} INFO - Transcripciones cargadas exitosamente.
[2025-05-08T20:11:22.579+0000] {mymind_etl_dag.py:430} INFO - Sincronización y carga a MySQL completada con éxito.
[2025-05-08T20:11:22.579+0000] {python.py:201} INFO - Done. Returned value was: None
[2025-05-08T20:11:22.590+0000] {taskinstance.py:1138} INFO - Marking task as SUCCESS. dag_id=mymind_mongo_to_mysql_etl, task_id=sync_and_load_mysql, execution_date=20250508T201000, start_date=20250508T201122, end_date=20250508T201122
[2025-05-08T20:11:22.641+0000] {local_task_job_runner.py:234} INFO - Task exited with return code 0
[2025-05-08T20:11:22.670+0000] {taskinstance.py:3280} INFO - 0 downstream tasks scheduled from follow-on schedule check
[2025-05-08T20:11:52.845+0000] {taskinstance.py:1956} INFO - Dependencies all met for dep_context=non-requeueable deps ti=<TaskInstance: mymind_mongo_to_mysql_etl.sync_and_load_mysql scheduled__2025-05-08T20:10:00+00:00 [queued]>
[2025-05-08T20:11:52.852+0000] {taskinstance.py:1956} INFO - Dependencies all met for dep_context=requeueable deps ti=<TaskInstance: mymind_mongo_to_mysql_etl.sync_and_load_mysql scheduled__2025-05-08T20:10:00+00:00 [queued]>
[2025-05-08T20:11:52.852+0000] {taskinstance.py:2170} INFO - Starting attempt 1 of 2
[2025-05-08T20:11:52.867+0000] {taskinstance.py:2191} INFO - Executing <Task(_PythonDecoratedOperator): sync_and_load_mysql> on 2025-05-08 20:10:00+00:00
[2025-05-08T20:11:52.872+0000] {standard_task_runner.py:60} INFO - Started process 663 to run task
[2025-05-08T20:11:52.875+0000] {standard_task_runner.py:87} INFO - Running: ['***', 'tasks', 'run', 'mymind_mongo_to_mysql_etl', 'sync_and_load_mysql', 'scheduled__2025-05-08T20:10:00+00:00', '--job-id', '31928', '--raw', '--subdir', 'DAGS_FOLDER/mymind_etl_dag.py', '--cfg-path', '/tmp/tmp3htu11h0']
[2025-05-08T20:11:52.876+0000] {standard_task_runner.py:88} INFO - Job 31928: Subtask sync_and_load_mysql
[2025-05-08T20:11:52.919+0000] {task_command.py:423} INFO - Running <TaskInstance: mymind_mongo_to_mysql_etl.sync_and_load_mysql scheduled__2025-05-08T20:10:00+00:00 [running]> on host d60bbdc234eb
[2025-05-08T20:11:53.007+0000] {taskinstance.py:2480} INFO - Exporting env vars: AIRFLOW_CTX_DAG_OWNER='***' AIRFLOW_CTX_DAG_ID='mymind_mongo_to_mysql_etl' AIRFLOW_CTX_TASK_ID='sync_and_load_mysql' AIRFLOW_CTX_EXECUTION_DATE='2025-05-08T20:10:00+00:00' AIRFLOW_CTX_TRY_NUMBER='1' AIRFLOW_CTX_DAG_RUN_ID='scheduled__2025-05-08T20:10:00+00:00'
[2025-05-08T20:11:53.008+0000] {mymind_etl_dag.py:301} INFO - Iniciando sincronización y carga a MySQL: 6 usuarios, 9 transcripciones.
[2025-05-08T20:11:53.017+0000] {base.py:83} INFO - Using connection ID 'mysql_mymind_dw' for task execution.
[2025-05-08T20:11:53.026+0000] {mymind_etl_dag.py:310} INFO - Obteniendo IDs actuales desde MySQL...
[2025-05-08T20:11:53.027+0000] {mymind_etl_dag.py:321} INFO - Usuarios a eliminar: 0
[2025-05-08T20:11:53.027+0000] {mymind_etl_dag.py:322} INFO - Transcripciones a eliminar: 0
[2025-05-08T20:11:53.027+0000] {mymind_etl_dag.py:355} INFO - Cargando 6 usuarios en la tabla users...
[2025-05-08T20:11:53.028+0000] {mymind_etl_dag.py:380} INFO - Usuarios cargados exitosamente.
[2025-05-08T20:11:53.028+0000] {mymind_etl_dag.py:393} INFO - Cargando 9 transcripciones en la tabla transcriptions...
[2025-05-08T20:11:53.030+0000] {mymind_etl_dag.py:423} INFO - Transcripciones cargadas exitosamente.
[2025-05-08T20:11:53.030+0000] {mymind_etl_dag.py:430} INFO - Sincronización y carga a MySQL completada con éxito.
[2025-05-08T20:11:53.030+0000] {python.py:201} INFO - Done. Returned value was: None
[2025-05-08T20:11:53.039+0000] {taskinstance.py:1138} INFO - Marking task as SUCCESS. dag_id=mymind_mongo_to_mysql_etl, task_id=sync_and_load_mysql, execution_date=20250508T201000, start_date=20250508T201152, end_date=20250508T201153
[2025-05-08T20:11:53.087+0000] {local_task_job_runner.py:234} INFO - Task exited with return code 0
[2025-05-08T20:11:53.102+0000] {taskinstance.py:3280} INFO - 0 downstream tasks scheduled from follow-on schedule check
