[2025-05-01T22:43:08.236+0000] {taskinstance.py:1956} INFO - Dependencies all met for dep_context=non-requeueable deps ti=<TaskInstance: mymind_mongo_to_mysql_etl.delete_mysql_records manual__2025-05-01T22:43:02.362695+00:00 [queued]>
[2025-05-01T22:43:08.247+0000] {taskinstance.py:1956} INFO - Dependencies all met for dep_context=requeueable deps ti=<TaskInstance: mymind_mongo_to_mysql_etl.delete_mysql_records manual__2025-05-01T22:43:02.362695+00:00 [queued]>
[2025-05-01T22:43:08.247+0000] {taskinstance.py:2170} INFO - Starting attempt 1 of 2
[2025-05-01T22:43:08.267+0000] {taskinstance.py:2191} INFO - Executing <Task(_PythonDecoratedOperator): delete_mysql_records> on 2025-05-01 22:43:02.362695+00:00
[2025-05-01T22:43:08.272+0000] {standard_task_runner.py:60} INFO - Started process 436 to run task
[2025-05-01T22:43:08.278+0000] {standard_task_runner.py:87} INFO - Running: ['***', 'tasks', 'run', 'mymind_mongo_to_mysql_etl', 'delete_mysql_records', 'manual__2025-05-01T22:43:02.362695+00:00', '--job-id', '20661', '--raw', '--subdir', 'DAGS_FOLDER/mymind_etl_dag.py', '--cfg-path', '/tmp/tmp8xru1qtm']
[2025-05-01T22:43:08.279+0000] {standard_task_runner.py:88} INFO - Job 20661: Subtask delete_mysql_records
[2025-05-01T22:43:08.323+0000] {task_command.py:423} INFO - Running <TaskInstance: mymind_mongo_to_mysql_etl.delete_mysql_records manual__2025-05-01T22:43:02.362695+00:00 [running]> on host 486df48cccd2
[2025-05-01T22:43:08.409+0000] {taskinstance.py:2480} INFO - Exporting env vars: AIRFLOW_CTX_DAG_OWNER='***' AIRFLOW_CTX_DAG_ID='mymind_mongo_to_mysql_etl' AIRFLOW_CTX_TASK_ID='delete_mysql_records' AIRFLOW_CTX_EXECUTION_DATE='2025-05-01T22:43:02.362695+00:00' AIRFLOW_CTX_TRY_NUMBER='1' AIRFLOW_CTX_DAG_RUN_ID='manual__2025-05-01T22:43:02.362695+00:00'
[2025-05-01T22:43:08.410+0000] {mymind_etl_dag.py:400} INFO - Iniciando eliminación en MySQL: 2 usuarios, 2 transcripciones.
[2025-05-01T22:43:08.411+0000] {taskinstance.py:2698} ERROR - Task failed with exception
Traceback (most recent call last):
  File "/home/airflow/.local/lib/python3.8/site-packages/airflow/models/taskinstance.py", line 433, in _execute_task
    result = execute_callable(context=context, **execute_callable_kwargs)
  File "/home/airflow/.local/lib/python3.8/site-packages/airflow/decorators/base.py", line 241, in execute
    return_value = super().execute(context)
  File "/home/airflow/.local/lib/python3.8/site-packages/airflow/operators/python.py", line 199, in execute
    return_value = self.execute_callable()
  File "/home/airflow/.local/lib/python3.8/site-packages/airflow/operators/python.py", line 216, in execute_callable
    return self.python_callable(*self.op_args, **self.op_kwargs)
  File "/opt/airflow/dags/mymind_etl_dag.py", line 410, in delete_mysql_records
    formatted_ids = ", ".join([f"'{mysql_hook.escape_string(tid)}'" for tid in batch])
  File "/opt/airflow/dags/mymind_etl_dag.py", line 410, in <listcomp>
    formatted_ids = ", ".join([f"'{mysql_hook.escape_string(tid)}'" for tid in batch])
AttributeError: 'MySqlHook' object has no attribute 'escape_string'
[2025-05-01T22:43:08.419+0000] {taskinstance.py:1138} INFO - Marking task as UP_FOR_RETRY. dag_id=mymind_mongo_to_mysql_etl, task_id=delete_mysql_records, execution_date=20250501T224302, start_date=20250501T224308, end_date=20250501T224308
[2025-05-01T22:43:08.430+0000] {standard_task_runner.py:107} ERROR - Failed to execute job 20661 for task delete_mysql_records ('MySqlHook' object has no attribute 'escape_string'; 436)
[2025-05-01T22:43:08.447+0000] {local_task_job_runner.py:234} INFO - Task exited with return code 1
[2025-05-01T22:43:08.465+0000] {taskinstance.py:3280} INFO - 0 downstream tasks scheduled from follow-on schedule check
