[2025-04-15T20:23:25.861+0000] {taskinstance.py:1956} INFO - Dependencies all met for dep_context=non-requeueable deps ti=<TaskInstance: mymind_mongo_to_mysql_etl.extract_mongo_data manual__2025-04-15T20:23:25.007080+00:00 [queued]>
[2025-04-15T20:23:25.869+0000] {taskinstance.py:1956} INFO - Dependencies all met for dep_context=requeueable deps ti=<TaskInstance: mymind_mongo_to_mysql_etl.extract_mongo_data manual__2025-04-15T20:23:25.007080+00:00 [queued]>
[2025-04-15T20:23:25.869+0000] {taskinstance.py:2170} INFO - Starting attempt 1 of 1
[2025-04-15T20:23:25.885+0000] {taskinstance.py:2191} INFO - Executing <Task(_PythonDecoratedOperator): extract_mongo_data> on 2025-04-15 20:23:25.007080+00:00
[2025-04-15T20:23:25.889+0000] {standard_task_runner.py:60} INFO - Started process 524 to run task
[2025-04-15T20:23:25.893+0000] {standard_task_runner.py:87} INFO - Running: ['***', 'tasks', 'run', 'mymind_mongo_to_mysql_etl', 'extract_mongo_data', 'manual__2025-04-15T20:23:25.007080+00:00', '--job-id', '10', '--raw', '--subdir', 'DAGS_FOLDER/mymind_etl_dag.py', '--cfg-path', '/tmp/tmp_5ewq63p']
[2025-04-15T20:23:25.894+0000] {standard_task_runner.py:88} INFO - Job 10: Subtask extract_mongo_data
[2025-04-15T20:23:25.949+0000] {task_command.py:423} INFO - Running <TaskInstance: mymind_mongo_to_mysql_etl.extract_mongo_data manual__2025-04-15T20:23:25.007080+00:00 [running]> on host 64c6827685b2
[2025-04-15T20:23:26.044+0000] {taskinstance.py:2480} INFO - Exporting env vars: AIRFLOW_CTX_DAG_OWNER='***' AIRFLOW_CTX_DAG_ID='mymind_mongo_to_mysql_etl' AIRFLOW_CTX_TASK_ID='extract_mongo_data' AIRFLOW_CTX_EXECUTION_DATE='2025-04-15T20:23:25.007080+00:00' AIRFLOW_CTX_TRY_NUMBER='1' AIRFLOW_CTX_DAG_RUN_ID='manual__2025-04-15T20:23:25.007080+00:00'
[2025-04-15T20:23:26.045+0000] {logging_mixin.py:188} INFO - Iniciando extracción desde MongoDB...
[2025-04-15T20:23:26.057+0000] {base.py:83} INFO - Using connection ID 'mongo_mymind' for task execution.
[2025-04-15T20:23:26.058+0000] {taskinstance.py:2698} ERROR - Task failed with exception
Traceback (most recent call last):
  File "/home/airflow/.local/lib/python3.8/site-packages/airflow/models/taskinstance.py", line 433, in _execute_task
    result = execute_callable(context=context, **execute_callable_kwargs)
  File "/home/airflow/.local/lib/python3.8/site-packages/airflow/decorators/base.py", line 241, in execute
    return_value = super().execute(context)
  File "/home/airflow/.local/lib/python3.8/site-packages/airflow/operators/python.py", line 199, in execute
    return_value = self.execute_callable()
  File "/home/airflow/.local/lib/python3.8/site-packages/airflow/operators/python.py", line 216, in execute_callable
    return self.python_callable(*self.op_args, **self.op_kwargs)
  File "/opt/airflow/dags/mymind_etl_dag.py", line 72, in extract_mongo_data
    hook = MongoHook(mongo_conn_id=MONGO_CONN_ID)
  File "/home/airflow/.local/lib/python3.8/site-packages/airflow/providers/mongo/hooks/mongo.py", line 139, in __init__
    self.allow_insecure = self.extras.pop("allow_insecure", "false").lower() == "true"
AttributeError: 'bool' object has no attribute 'lower'
[2025-04-15T20:23:26.069+0000] {taskinstance.py:1138} INFO - Marking task as FAILED. dag_id=mymind_mongo_to_mysql_etl, task_id=extract_mongo_data, execution_date=20250415T202325, start_date=20250415T202325, end_date=20250415T202326
[2025-04-15T20:23:26.082+0000] {standard_task_runner.py:107} ERROR - Failed to execute job 10 for task extract_mongo_data ('bool' object has no attribute 'lower'; 524)
[2025-04-15T20:23:26.105+0000] {local_task_job_runner.py:234} INFO - Task exited with return code 1
[2025-04-15T20:23:26.149+0000] {taskinstance.py:3280} INFO - 0 downstream tasks scheduled from follow-on schedule check
